Log file open, 09/12/18 11:45:35
LogWindows: Failed to load 'aqProf.dll' (GetLastError=126)
LogWindows: File 'aqProf.dll' does not exist
LogWindows: Failed to load 'VtuneApi.dll' (GetLastError=126)
LogWindows: File 'VtuneApi.dll' does not exist
LogWindows: Failed to load 'VtuneApi32e.dll' (GetLastError=126)
LogWindows: File 'VtuneApi32e.dll' does not exist
LogInit: Display: Running engine for game: DarkReignsUE4
LogPlatformFile: Not using cached read wrapper
LogTaskGraph: Started task graph with 5 named threads and 17 total threads with 3 sets of task threads.
LogStats: Stats thread started at 0.783037
LogD3D11RHI: Loaded GFSDK_Aftermath_Lib.x64.dll
LogICUInternationalization: Display: ICU TimeZone Detection - Raw Offset: -5:00, Platform Override: ''
LogPluginManager: Mounting plugin Paper2D
LogPluginManager: Mounting plugin AISupport
LogPluginManager: Mounting plugin LightPropagationVolume
LogPluginManager: Mounting plugin CLionSourceCodeAccess
LogPluginManager: Mounting plugin CodeLiteSourceCodeAccess
LogPluginManager: Mounting plugin GitSourceControl
LogPluginManager: Mounting plugin KDevelopSourceCodeAccess
LogPluginManager: Mounting plugin NullSourceCodeAccess
LogPluginManager: Mounting plugin PerforceSourceControl
LogPluginManager: Mounting plugin SubversionSourceControl
LogPluginManager: Mounting plugin UObjectPlugin
LogPluginManager: Mounting plugin VisualStudioCodeSourceCodeAccess
LogPluginManager: Mounting plugin VisualStudioSourceCodeAccess
LogPluginManager: Mounting plugin XCodeSourceCodeAccess
LogPluginManager: Mounting plugin AssetManagerEditor
LogPluginManager: Mounting plugin CryptoKeys
LogPluginManager: Mounting plugin DataValidation
LogPluginManager: Mounting plugin FacialAnimation
LogPluginManager: Mounting plugin GameplayTagsEditor
LogPluginManager: Mounting plugin MacGraphicsSwitching
LogPluginManager: Mounting plugin MeshEditor
LogPluginManager: Mounting plugin MobileLauncherProfileWizard
LogPluginManager: Mounting plugin PluginBrowser
LogPluginManager: Mounting plugin SpeedTreeImporter
LogPluginManager: Mounting plugin DatasmithContent
LogPluginManager: Mounting plugin AlembicImporter
LogPluginManager: Mounting plugin AppleImageUtils
LogPluginManager: Mounting plugin AppleVision
LogPluginManager: Mounting plugin BackChannel
LogPluginManager: Mounting plugin CharacterAI
LogPluginManager: Mounting plugin GeometryCache
LogPluginManager: Mounting plugin HTML5Networking
LogPluginManager: Mounting plugin ProxyLODPlugin
LogPluginManager: Mounting plugin MagicLeap
LogPluginManager: Mounting plugin MagicLeapEmulator
LogPluginManager: Mounting plugin MagicLeapMedia
LogPluginManager: Mounting plugin AndroidMedia
LogPluginManager: Mounting plugin AvfMedia
LogPluginManager: Mounting plugin ImgMedia
LogPluginManager: Mounting plugin LinearTimecode
LogPluginManager: Mounting plugin MediaCompositing
LogPluginManager: Mounting plugin MediaPlayerEditor
LogPluginManager: Mounting plugin WmfMedia
LogPluginManager: Mounting plugin TcpMessaging
LogPluginManager: Mounting plugin UdpMessaging
LogPluginManager: Mounting plugin ActorSequence
LogPluginManager: Mounting plugin LevelSequenceEditor
LogPluginManager: Mounting plugin MatineeToLevelSequence
LogPluginManager: Mounting plugin NetcodeUnitTest
LogPluginManager: Mounting plugin NUTUnrealEngine4
LogPluginManager: Mounting plugin OnlineSubsystemGooglePlay
LogPluginManager: Mounting plugin OnlineSubsystemIOS
LogPluginManager: Mounting plugin OnlineSubsystem
LogPluginManager: Mounting plugin OnlineSubsystemNull
LogPluginManager: Mounting plugin OnlineSubsystemUtils
LogPluginManager: Mounting plugin LauncherChunkInstaller
LogPluginManager: Mounting plugin AndroidDeviceProfileSelector
LogPluginManager: Mounting plugin AndroidMoviePlayer
LogPluginManager: Mounting plugin AndroidPermission
LogPluginManager: Mounting plugin AppleMoviePlayer
LogPluginManager: Mounting plugin ArchVisCharacter
LogPluginManager: Mounting plugin AudioCapture
LogPluginManager: Mounting plugin CableComponent
LogPluginManager: Mounting plugin CustomMeshComponent
LogPluginManager: Mounting plugin EditableMesh
LogPluginManager: Mounting plugin ExampleDeviceProfileSelector
LogPluginManager: Mounting plugin GoogleCloudMessaging
LogPluginManager: Mounting plugin ImmediatePhysics
LogPluginManager: Mounting plugin IOSDeviceProfileSelector
LogPluginManager: Mounting plugin LinuxDeviceProfileSelector
LogPluginManager: Mounting plugin LocationServicesBPLibrary
LogPluginManager: Mounting plugin MobilePatchingUtils
LogPluginManager: Mounting plugin OculusVR
LogPluginManager: Plugin shader directory ../../../Engine/Plugins/Runtime/Oculus/OculusVR/Shaders found
LogPluginManager: Mapping shader source directory ../../../Engine/Plugins/Runtime/Oculus/OculusVR/Shaders to virtual directory /Plugin/OculusVR
LogPluginManager: Mounting plugin PhysXVehicles
LogPluginManager: Mounting plugin ProceduralMeshComponent
LogPluginManager: Mounting plugin RuntimePhysXCooking
LogPluginManager: Mounting plugin SteamVR
LogPluginManager: Mounting plugin WindowsMoviePlayer
LogStreaming: Display: Took  0.269s to configure plugins.
LogInit: Using libcurl 7.55.1-DEV
LogInit:  - built for x86_64-pc-win32
LogInit:  - supports SSL with OpenSSL/1.0.2h
LogInit:  - supports HTTP deflate (compression) using libz 1.2.8
LogInit:  - other features:
LogInit:      CURL_VERSION_SSL
LogInit:      CURL_VERSION_LIBZ
LogInit:      CURL_VERSION_IPV6
LogInit:      CURL_VERSION_ASYNCHDNS
LogInit:      CURL_VERSION_LARGEFILE
LogInit:      CURL_VERSION_IDN
LogInit:  CurlRequestOptions (configurable via config and command line):
LogInit:  - bVerifyPeer = false  - Libcurl will NOT verify peer certificate
LogInit:  - bUseHttpProxy = false  - Libcurl will NOT use HTTP proxy
LogInit:  - bDontReuseConnections = false  - Libcurl will reuse connections
LogInit:  - CertBundlePath = nullptr  - Libcurl will use whatever was configured at build time.
LogInit:  - MaxHostConnections = 16  - Libcurl will limit the number of connections to a host
LogInit:  - LocalHostAddr = Default
LogInit:  - BufferSize = 65536
LogInit: WinSock: version 1.1 (2.2), MaxSocks=32767, MaxUdp=65467
LogInit: Build: ++UE4+Release-4.20-CL-0
LogInit: Engine Version: 4.20.2-0+++UE4+Release-4.20
LogInit: Compatible Engine Version: 4.20.0-0+++UE4+Release-4.20
LogInit: Net CL: 0
LogInit: OS: Windows 10 (), CPU: AMD FX(tm)-6100 Six-Core Processor             , GPU: NVIDIA GeForce GTX 980 Ti
LogInit: Compiled (64-bit): Sep 11 2018 13:28:24
LogInit: Compiled with Visual C++: 19.00.24215.01
LogInit: Build Configuration: Development
LogInit: Branch Name: ++UE4+Release-4.20
LogInit: Command Line:  -skipcompile
LogInit: Base Directory: C:/Users/mweho/OneDrive/Documents/GitHub/UnrealEngine/Engine/Binaries/Win64/
LogInit: Installed Engine Build: 0
LogDevObjectVersion: Number of dev versions registered: 20
LogDevObjectVersion:   Dev-Blueprints (B0D832E4-1F89-4F0D-ACCF-7EB736FD4AA2): 10
LogDevObjectVersion:   Dev-Build (E1C64328-A22C-4D53-A36C-8E866417BD8C): 0
LogDevObjectVersion:   Dev-Core (375EC13C-06E4-48FB-B500-84F0262A717E): 2
LogDevObjectVersion:   Dev-Editor (E4B068ED-F494-42E9-A231-DA0B2E46BB41): 24
LogDevObjectVersion:   Dev-Framework (CFFC743F-43B0-4480-9391-14DF171D2073): 34
LogDevObjectVersion:   Dev-Mobile (B02B49B5-BB20-44E9-A304-32B752E40360): 2
LogDevObjectVersion:   Dev-Networking (A4E4105C-59A1-49B5-A7C5-40C4547EDFEE): 0
LogDevObjectVersion:   Dev-Online (39C831C9-5AE6-47DC-9A44-9C173E1C8E7C): 0
LogDevObjectVersion:   Dev-Physics (78F01B33-EBEA-4F98-B9B4-84EACCB95AA2): 0
LogDevObjectVersion:   Dev-Platform (6631380F-2D4D-43E0-8009-CF276956A95A): 0
LogDevObjectVersion:   Dev-Rendering (12F88B9F-8875-4AFC-A67C-D90C383ABD29): 26
LogDevObjectVersion:   Dev-Sequencer (7B5AE74C-D270-4C10-A958-57980B212A5A): 9
LogDevObjectVersion:   Dev-VR (D7296918-1DD6-4BDD-9DE2-64A83CC13884): 2
LogDevObjectVersion:   Dev-LoadTimes (C2A15278-BFE7-4AFE-6C17-90FF531DF755): 1
LogDevObjectVersion:   Private-Geometry (6EACA3D4-40EC-4CC1-B786-8BED09428FC5): 3
LogDevObjectVersion:   Dev-AnimPhys (29E575DD-E0A3-4627-9D10-D276232CDCEA): 17
LogDevObjectVersion:   Dev-ReflectionCapture (6B266CEC-1EC7-4B8F-A30B-E4D90942FC07): 1
LogDevObjectVersion:   Dev-Automation (0DF73D61-A23F-47EA-B727-89E90C41499A): 1
LogDevObjectVersion:   FortniteMain (601D1886-AC64-4F84-AA16-D3DE0DEAC7D6): 12
LogDevObjectVersion:   Dev-Enterprise (9DFFBCD6-494F-0158-E221-12823C92A888): 1
LogStreaming: Display: Took  0.000s to delete old logs.
LogInit: Presizing for max 8388607 objects, including 0 objects not considered by GC, pre-allocating 0 bytes for permanent pool.
LogInit: Object subsystem initialized
[2018.09.12-15.45.37:480][  0]LogInit: Selected Device Profile: [Windows]
[2018.09.12-15.45.37:481][  0]LogInit: Applying CVar settings loaded from the selected device profile: [Windows]
[2018.09.12-15.45.37:516][  0]LogHAL: Display: Platform has ~ 16 GB [17123700736 / 17179869184 / 16], which maps to Larger [LargestMinGB=32, LargerMinGB=12, DefaultMinGB=8, SmallerMinGB=6, SmallestMinGB=0)
[2018.09.12-15.45.37:516][  0]LogInit: Setting Device Profile CVar: [[r.Vulkan.UseRealUBs:1]]
[2018.09.12-15.45.37:517][  0]LogInit: Going up to parent DeviceProfile []
[2018.09.12-15.45.37:517][  0]LogInit: Computer: DESKTOP-OQCNDUT
[2018.09.12-15.45.37:518][  0]LogInit: User: mweho
[2018.09.12-15.45.37:518][  0]LogInit: CPU Page size=4096, Cores=3
[2018.09.12-15.45.37:518][  0]LogInit: High frequency timer resolution =3.233441 MHz
[2018.09.12-15.45.37:519][  0]LogMemory: Memory total: Physical=15.9GB (16GB approx)
[2018.09.12-15.45.37:519][  0]LogMemory: Platform Memory Stats for Windows
[2018.09.12-15.45.37:519][  0]LogMemory: Process Physical Memory: 101.64 MB used, 101.64 MB peak
[2018.09.12-15.45.37:519][  0]LogMemory: Process Virtual Memory: 91.70 MB used, 91.70 MB peak
[2018.09.12-15.45.37:519][  0]LogMemory: Physical Memory: 6129.16 MB used,  10201.27 MB free, 16330.43 MB total
[2018.09.12-15.45.37:519][  0]LogMemory: Virtual Memory: 4634.82 MB used,  10201.27 MB free, 134217728.00 MB total
[2018.09.12-15.45.37:958][  0]LogInit: Using OS detected language (en-US).
[2018.09.12-15.45.37:958][  0]LogInit: Using OS detected locale (en-US).
[2018.09.12-15.45.37:960][  0]LogTextLocalizationManager: No specific localization for 'en-US' exists, so the 'en' localization will be used.
[2018.09.12-15.45.38:759][  0]LogStreaming: Display: Took  0.801s to InitEngineTextLocalization.
[2018.09.12-15.45.38:759][  0]LogInit: Setting process to per monitor DPI aware
[2018.09.12-15.45.38:953][  0]LogSlate: New Slate User Created.  User Index 0, Is Virtual User: 0
[2018.09.12-15.45.38:953][  0]LogSlate: Slate User Registered.  User Index 0, Is Virtual User: 0
[2018.09.12-15.45.43:200][  0]LogHMD: Failed to initialize OpenVR with code 110
[2018.09.12-15.45.43:200][  0]LogD3D11RHI: D3D11 adapters:
[2018.09.12-15.45.43:317][  0]LogD3D11RHI:    0. 'NVIDIA GeForce GTX 980 Ti' (Feature Level 11_0)
[2018.09.12-15.45.43:317][  0]LogD3D11RHI:       6103/0/8165 MB DedicatedVideo/DedicatedSystem/SharedSystem, Outputs:2, VendorId:0x10de
[2018.09.12-15.45.43:327][  0]LogD3D11RHI:    1. 'Microsoft Basic Render Driver' (Feature Level 11_0)
[2018.09.12-15.45.43:327][  0]LogD3D11RHI:       0/0/8165 MB DedicatedVideo/DedicatedSystem/SharedSystem, Outputs:0, VendorId:0x1414
[2018.09.12-15.45.43:327][  0]LogD3D11RHI: Chosen D3D11 Adapter: 0
[2018.09.12-15.45.43:340][  0]LogD3D11RHI: Creating new Direct3DDevice
[2018.09.12-15.45.43:340][  0]LogD3D11RHI:     GPU DeviceId: 0x17c8 (for the marketing name, search the web for "GPU Device Id")
[2018.09.12-15.45.43:340][  0]LogWindows: EnumDisplayDevices:
[2018.09.12-15.45.43:341][  0]LogWindows:    0. 'NVIDIA GeForce GTX 980 Ti' (P:1 D:1)
[2018.09.12-15.45.43:341][  0]LogWindows:    1. 'NVIDIA GeForce GTX 980 Ti' (P:0 D:1)
[2018.09.12-15.45.43:342][  0]LogWindows:    2. 'NVIDIA GeForce GTX 980 Ti' (P:0 D:0)
[2018.09.12-15.45.43:342][  0]LogWindows:    3. 'NVIDIA GeForce GTX 980 Ti' (P:0 D:0)
[2018.09.12-15.45.43:343][  0]LogWindows: DebugString: FoundDriverCount:4 
[2018.09.12-15.45.43:343][  0]LogD3D11RHI:     Adapter Name: NVIDIA GeForce GTX 980 Ti
[2018.09.12-15.45.43:343][  0]LogD3D11RHI:   Driver Version: 388.13 (internal:23.21.13.8813, unified:388.13)
[2018.09.12-15.45.43:343][  0]LogD3D11RHI:      Driver Date: 10-27-2017
[2018.09.12-15.45.43:343][  0]LogRHI: Texture pool is 4272 MB (70% of 6103 MB)
[2018.09.12-15.45.43:412][  0]LogD3D11RHI: Async texture creation enabled
[2018.09.12-15.45.43:429][  0]LogD3D11RHI: GPU Timing Frequency: 1000.000000 (Debug: 2 1)
[2018.09.12-15.45.43:482][  0]LogShaderCompilers: Guid format shader working directory is 7 characters bigger than the processId version (../../../../DarkReignsUE4/DarkReignsUE4/Intermediate/Shaders/WorkingDirectory/7100/).
[2018.09.12-15.45.43:483][  0]LogShaderCompilers: Cleaned the shader compiler working directory 'C:/Users/mweho/AppData/Local/Temp/UnrealShaderWorkingDir/579C90B14C20988C2A0EC9BEE52B7C48/'.
[2018.09.12-15.45.43:904][  0]LogTemp: Display: Loaded TP AllDesktopTargetPlatform
[2018.09.12-15.45.43:964][  0]LogTemp: Display: Loaded TP MacClientTargetPlatform
[2018.09.12-15.45.44:020][  0]LogTemp: Display: Loaded TP MacNoEditorTargetPlatform
[2018.09.12-15.45.44:075][  0]LogTemp: Display: Loaded TP MacServerTargetPlatform
[2018.09.12-15.45.44:142][  0]LogTemp: Display: Loaded TP MacTargetPlatform
[2018.09.12-15.45.44:201][  0]LogTemp: Display: Loaded TP WindowsClientTargetPlatform
[2018.09.12-15.45.44:256][  0]LogTemp: Display: Loaded TP WindowsNoEditorTargetPlatform
[2018.09.12-15.45.44:313][  0]LogTemp: Display: Loaded TP WindowsServerTargetPlatform
[2018.09.12-15.45.44:358][  0]LogTemp: Display: Loaded TP WindowsTargetPlatform
[2018.09.12-15.45.44:531][  0]LogTemp: Display: Loaded TP AndroidTargetPlatform
[2018.09.12-15.45.44:531][  0]LogTemp: Display: Loaded TP AndroidTargetPlatform
[2018.09.12-15.45.44:532][  0]LogTemp: Display: Loaded TP AndroidTargetPlatform
[2018.09.12-15.45.44:532][  0]LogTemp: Display: Loaded TP AndroidTargetPlatform
[2018.09.12-15.45.44:532][  0]LogTemp: Display: Loaded TP AndroidTargetPlatform
[2018.09.12-15.45.44:532][  0]LogTemp: Display: Loaded TP AndroidTargetPlatform
[2018.09.12-15.45.44:532][  0]LogTemp: Display: Loaded TP AndroidTargetPlatform
[2018.09.12-15.45.44:532][  0]LogTemp: Display: Loaded TP AndroidTargetPlatform
[2018.09.12-15.45.44:532][  0]LogTemp: Display: Loaded TP AndroidTargetPlatform
[2018.09.12-15.45.44:532][  0]LogTemp: Display: Loaded TP AndroidTargetPlatform
[2018.09.12-15.45.44:533][  0]LogTemp: Display: Loaded TP AndroidTargetPlatform
[2018.09.12-15.45.44:533][  0]LogTemp: Display: Loaded TP AndroidTargetPlatform
[2018.09.12-15.45.44:533][  0]LogTemp: Display: Loaded TP AndroidTargetPlatform
[2018.09.12-15.45.44:533][  0]LogTemp: Display: Loaded TP AndroidTargetPlatform
[2018.09.12-15.45.44:533][  0]LogTemp: Display: Loaded TP AndroidTargetPlatform
[2018.09.12-15.45.44:533][  0]LogTemp: Display: Loaded TP AndroidTargetPlatform
[2018.09.12-15.45.44:533][  0]LogTemp: Display: Loaded TP AndroidTargetPlatform
[2018.09.12-15.45.44:533][  0]LogTemp: Display: Loaded TP AndroidTargetPlatform
[2018.09.12-15.45.44:567][  0]LogTemp: Display: Loaded TP HTML5TargetPlatform
[2018.09.12-15.45.44:758][  0]LogTemp: Display: Loaded TP IOSTargetPlatform
[2018.09.12-15.45.44:758][  0]LogTemp: Display: Loaded TP IOSTargetPlatform
[2018.09.12-15.45.44:831][  0]LogTemp: Display: Loaded TP TVOSTargetPlatform
[2018.09.12-15.45.44:831][  0]LogTemp: Display: Loaded TP TVOSTargetPlatform
[2018.09.12-15.45.44:878][  0]LogTemp: Display: Loaded TP LuminTargetPlatform
[2018.09.12-15.45.44:878][  0]LogTargetPlatformManager: Display: Building Assets For Windows
[2018.09.12-15.45.45:772][  0]LogXGEController: Cleaning working directory: C:/Users/mweho/AppData/Local/Temp/UnrealXGEWorkingDir/
[2018.09.12-15.45.45:772][  0]LogXGEController: Cannot use XGE Controller as Incredibuild is not installed on this machine.
[2018.09.12-15.45.45:772][  0]LogShaderCompilers: Cannot use XGE Shader Compiler as Incredibuild is not installed on this machine.
[2018.09.12-15.45.45:773][  0]LogShaderCompilers: Display: Using Local Shader Compiler.
[2018.09.12-15.45.49:538][  0]LogDerivedDataCache: Display: Max Cache Size: 512 MB
[2018.09.12-15.45.49:664][  0]LogDerivedDataCache: Loaded boot cache 0.13s 63MB ../../../../DarkReignsUE4/DarkReignsUE4/DerivedDataCache/Boot.ddc.
[2018.09.12-15.45.49:665][  0]LogDerivedDataCache: Display: Loaded Boot cache: ../../../../DarkReignsUE4/DarkReignsUE4/DerivedDataCache/Boot.ddc
[2018.09.12-15.45.49:666][  0]LogDerivedDataCache: FDerivedDataBackendGraph:  Pak pak cache file ../../../../DarkReignsUE4/DarkReignsUE4/DerivedDataCache/DDC.ddp not found, will not use a pak cache.
[2018.09.12-15.45.49:666][  0]LogDerivedDataCache: Unable to find inner node Pak for hierarchical cache Hierarchy.
[2018.09.12-15.45.49:666][  0]LogDerivedDataCache: FDerivedDataBackendGraph:  EnginePak pak cache file ../../../Engine/DerivedDataCache/DDC.ddp not found, will not use a pak cache.
[2018.09.12-15.45.49:666][  0]LogDerivedDataCache: Unable to find inner node EnginePak for hierarchical cache Hierarchy.
[2018.09.12-15.45.49:681][  0]LogDerivedDataCache: Using Local data cache path ../../../Engine/DerivedDataCache: Writable
[2018.09.12-15.45.49:681][  0]LogDerivedDataCache: Shared data cache path not found in *engine.ini, will not use an Shared cache.
[2018.09.12-15.45.49:681][  0]LogDerivedDataCache: Unable to find inner node Shared for hierarchical cache Hierarchy.
[2018.09.12-15.45.49:723][  0]LogMaterial: Verifying Global Shaders for PCD3D_SM5
[2018.09.12-15.45.49:726][  0]LogSlate: Using FreeType 2.6.0
[2018.09.12-15.45.49:760][  0]LogSlate: SlateFontServices - WITH_FREETYPE: 1, WITH_HARFBUZZ: 1
[2018.09.12-15.45.50:172][  0]LogAssetRegistry: FAssetRegistry took 0.0337 seconds to start up
[2018.09.12-15.45.50:907][  0]LogInit: Selected Device Profile: [Windows]
[2018.09.12-15.45.51:725][  0]LogMeshReduction: Using ProxyLODMeshReduction for automatic mesh merging
[2018.09.12-15.45.51:725][  0]LogMeshReduction: Using QuadricMeshReduction for automatic static mesh reduction
[2018.09.12-15.45.51:726][  0]LogMeshReduction: No automatic skeletal mesh reduction module available
[2018.09.12-15.45.51:726][  0]LogMeshReduction: No distributed automatic mesh merging module available
[2018.09.12-15.45.51:726][  0]LogMeshMerging: No distributed automatic mesh merging module available
[2018.09.12-15.45.51:799][  0]LogNetVersion: DarkReignsUE4 1.0.0, NetCL: 0, EngineNetVer: 5, GameNetVer: 0 (Checksum: 1745145432)
[2018.09.12-15.45.53:954][  0]LogPackageLocalizationCache: Processed 11 localized package path(s) for 2 prioritized culture(s) in 0.208287 seconds
[2018.09.12-15.45.53:966][  0]LogUObjectArray: 38381 objects as part of root set at end of initial load.
[2018.09.12-15.45.53:966][  0]LogUObjectAllocator: 6683936 out of 0 bytes used by permanent object pool.
[2018.09.12-15.45.53:966][  0]LogUObjectArray: CloseDisregardForGC: 0/0 objects in disregard for GC pool
[2018.09.12-15.45.57:738][  0]LogStreaming: Warning: Failed to read file '../../../Engine/Content/Editor/Slate/Launcher/Mac/Platform_Mac_24x.png' error.
[2018.09.12-15.45.57:739][  0]LogSlate: Could not find file for Slate resource: ../../../Engine/Content/Editor/Slate/Launcher/Mac/Platform_Mac_24x.png
[2018.09.12-15.45.57:739][  0]LogStreaming: Warning: Failed to read file '../../../Engine/Content/Editor/Slate/Launcher/Mac/Platform_Mac_128x.png' error.
[2018.09.12-15.45.57:739][  0]LogSlate: Could not find file for Slate resource: ../../../Engine/Content/Editor/Slate/Launcher/Mac/Platform_Mac_128x.png
[2018.09.12-15.45.57:739][  0]LogStreaming: Warning: Failed to read file '../../../Engine/Content/Editor/Slate/Launcher/Mac/Platform_Mac_128x.png' error.
[2018.09.12-15.45.57:740][  0]LogSlate: Could not find file for Slate resource: ../../../Engine/Content/Editor/Slate/Launcher/Mac/Platform_Mac_128x.png
[2018.09.12-15.45.57:740][  0]LogStreaming: Warning: Failed to read file '../../../Engine/Content/Editor/Slate/Launcher/Mac/Platform_Mac_24x.png' error.
[2018.09.12-15.45.57:740][  0]LogSlate: Could not find file for Slate resource: ../../../Engine/Content/Editor/Slate/Launcher/Mac/Platform_Mac_24x.png
[2018.09.12-15.45.57:740][  0]LogStreaming: Warning: Failed to read file '../../../Engine/Content/Editor/Slate/Launcher/Mac/Platform_Mac_128x.png' error.
[2018.09.12-15.45.57:741][  0]LogSlate: Could not find file for Slate resource: ../../../Engine/Content/Editor/Slate/Launcher/Mac/Platform_Mac_128x.png
[2018.09.12-15.45.57:741][  0]LogStreaming: Warning: Failed to read file '../../../Engine/Content/Editor/Slate/Launcher/Mac/Platform_Mac_128x.png' error.
[2018.09.12-15.45.57:741][  0]LogSlate: Could not find file for Slate resource: ../../../Engine/Content/Editor/Slate/Launcher/Mac/Platform_Mac_128x.png
[2018.09.12-15.45.57:741][  0]LogStreaming: Warning: Failed to read file '../../../Engine/Content/Editor/Slate/Launcher/Mac/Platform_Mac_24x.png' error.
[2018.09.12-15.45.57:741][  0]LogSlate: Could not find file for Slate resource: ../../../Engine/Content/Editor/Slate/Launcher/Mac/Platform_Mac_24x.png
[2018.09.12-15.45.57:742][  0]LogStreaming: Warning: Failed to read file '../../../Engine/Content/Editor/Slate/Launcher/Mac/Platform_Mac_128x.png' error.
[2018.09.12-15.45.57:742][  0]LogSlate: Could not find file for Slate resource: ../../../Engine/Content/Editor/Slate/Launcher/Mac/Platform_Mac_128x.png
[2018.09.12-15.45.57:742][  0]LogStreaming: Warning: Failed to read file '../../../Engine/Content/Editor/Slate/Launcher/Mac/Platform_Mac_128x.png' error.
[2018.09.12-15.45.57:742][  0]LogSlate: Could not find file for Slate resource: ../../../Engine/Content/Editor/Slate/Launcher/Mac/Platform_Mac_128x.png
[2018.09.12-15.45.57:742][  0]LogStreaming: Warning: Failed to read file '../../../Engine/Content/Editor/Slate/Launcher/Mac/Platform_Mac_24x.png' error.
[2018.09.12-15.45.57:742][  0]LogSlate: Could not find file for Slate resource: ../../../Engine/Content/Editor/Slate/Launcher/Mac/Platform_Mac_24x.png
[2018.09.12-15.45.57:743][  0]LogStreaming: Warning: Failed to read file '../../../Engine/Content/Editor/Slate/Launcher/Mac/Platform_Mac_128x.png' error.
[2018.09.12-15.45.57:743][  0]LogSlate: Could not find file for Slate resource: ../../../Engine/Content/Editor/Slate/Launcher/Mac/Platform_Mac_128x.png
[2018.09.12-15.45.57:743][  0]LogStreaming: Warning: Failed to read file '../../../Engine/Content/Editor/Slate/Launcher/Mac/Platform_Mac_128x.png' error.
[2018.09.12-15.45.57:743][  0]LogSlate: Could not find file for Slate resource: ../../../Engine/Content/Editor/Slate/Launcher/Mac/Platform_Mac_128x.png
[2018.09.12-15.45.57:743][  0]LogStreaming: Warning: Failed to read file '../../../Engine/Content/Editor/Slate/Launcher/Linux/Platform_Linux_24x.png' error.
[2018.09.12-15.45.57:744][  0]LogSlate: Could not find file for Slate resource: ../../../Engine/Content/Editor/Slate/Launcher/Linux/Platform_Linux_24x.png
[2018.09.12-15.45.57:744][  0]LogStreaming: Warning: Failed to read file '../../../Engine/Content/Editor/Slate/Launcher/Linux/Platform_Linux_128x.png' error.
[2018.09.12-15.45.57:744][  0]LogSlate: Could not find file for Slate resource: ../../../Engine/Content/Editor/Slate/Launcher/Linux/Platform_Linux_128x.png
[2018.09.12-15.45.57:744][  0]LogStreaming: Warning: Failed to read file '../../../Engine/Content/Editor/Slate/Launcher/Linux/Platform_Linux_128x.png' error.
[2018.09.12-15.45.57:745][  0]LogSlate: Could not find file for Slate resource: ../../../Engine/Content/Editor/Slate/Launcher/Linux/Platform_Linux_128x.png
[2018.09.12-15.45.57:745][  0]LogStreaming: Warning: Failed to read file '../../../Engine/Content/Editor/Slate/Launcher/Linux/Platform_Linux_24x.png' error.
[2018.09.12-15.45.57:745][  0]LogSlate: Could not find file for Slate resource: ../../../Engine/Content/Editor/Slate/Launcher/Linux/Platform_Linux_24x.png
[2018.09.12-15.45.57:745][  0]LogStreaming: Warning: Failed to read file '../../../Engine/Content/Editor/Slate/Launcher/Linux/Platform_Linux_128x.png' error.
[2018.09.12-15.45.57:745][  0]LogSlate: Could not find file for Slate resource: ../../../Engine/Content/Editor/Slate/Launcher/Linux/Platform_Linux_128x.png
[2018.09.12-15.45.57:746][  0]LogStreaming: Warning: Failed to read file '../../../Engine/Content/Editor/Slate/Launcher/Linux/Platform_Linux_128x.png' error.
[2018.09.12-15.45.57:746][  0]LogSlate: Could not find file for Slate resource: ../../../Engine/Content/Editor/Slate/Launcher/Linux/Platform_Linux_128x.png
[2018.09.12-15.45.57:746][  0]LogStreaming: Warning: Failed to read file '../../../Engine/Content/Editor/Slate/Launcher/Linux/Platform_Linux_24x.png' error.
[2018.09.12-15.45.57:746][  0]LogSlate: Could not find file for Slate resource: ../../../Engine/Content/Editor/Slate/Launcher/Linux/Platform_Linux_24x.png
[2018.09.12-15.45.57:747][  0]LogStreaming: Warning: Failed to read file '../../../Engine/Content/Editor/Slate/Launcher/Linux/Platform_Linux_128x.png' error.
[2018.09.12-15.45.57:747][  0]LogSlate: Could not find file for Slate resource: ../../../Engine/Content/Editor/Slate/Launcher/Linux/Platform_Linux_128x.png
[2018.09.12-15.45.57:747][  0]LogStreaming: Warning: Failed to read file '../../../Engine/Content/Editor/Slate/Launcher/Linux/Platform_Linux_128x.png' error.
[2018.09.12-15.45.57:748][  0]LogSlate: Could not find file for Slate resource: ../../../Engine/Content/Editor/Slate/Launcher/Linux/Platform_Linux_128x.png
[2018.09.12-15.45.57:748][  0]LogStreaming: Warning: Failed to read file '../../../Engine/Content/Editor/Slate/Launcher/Linux/Platform_Linux_24x.png' error.
[2018.09.12-15.45.57:748][  0]LogSlate: Could not find file for Slate resource: ../../../Engine/Content/Editor/Slate/Launcher/Linux/Platform_Linux_24x.png
[2018.09.12-15.45.57:748][  0]LogStreaming: Warning: Failed to read file '../../../Engine/Content/Editor/Slate/Launcher/Linux/Platform_Linux_128x.png' error.
[2018.09.12-15.45.57:748][  0]LogSlate: Could not find file for Slate resource: ../../../Engine/Content/Editor/Slate/Launcher/Linux/Platform_Linux_128x.png
[2018.09.12-15.45.57:748][  0]LogStreaming: Warning: Failed to read file '../../../Engine/Content/Editor/Slate/Launcher/Linux/Platform_Linux_128x.png' error.
[2018.09.12-15.45.57:749][  0]LogSlate: Could not find file for Slate resource: ../../../Engine/Content/Editor/Slate/Launcher/Linux/Platform_Linux_128x.png
[2018.09.12-15.45.57:754][  0]LogStreaming: Warning: Failed to read file '../../../Engine/Content/Editor/Slate/Launcher/Android/Platform_Android_24x.png' error.
[2018.09.12-15.45.57:754][  0]LogSlate: Could not find file for Slate resource: ../../../Engine/Content/Editor/Slate/Launcher/Android/Platform_Android_24x.png
[2018.09.12-15.45.57:754][  0]LogStreaming: Warning: Failed to read file '../../../Engine/Content/Editor/Slate/Launcher/Android/Platform_Android_128x.png' error.
[2018.09.12-15.45.57:754][  0]LogSlate: Could not find file for Slate resource: ../../../Engine/Content/Editor/Slate/Launcher/Android/Platform_Android_128x.png
[2018.09.12-15.45.57:755][  0]LogStreaming: Warning: Failed to read file '../../../Engine/Content/Editor/Slate/Launcher/Android/Platform_Android_128x.png' error.
[2018.09.12-15.45.57:755][  0]LogSlate: Could not find file for Slate resource: ../../../Engine/Content/Editor/Slate/Launcher/Android/Platform_Android_128x.png
[2018.09.12-15.45.57:755][  0]LogStreaming: Warning: Failed to read file '../../../Engine/Content/Editor/Slate/Launcher/Android/Platform_Android_24x.png' error.
[2018.09.12-15.45.57:755][  0]LogSlate: Could not find file for Slate resource: ../../../Engine/Content/Editor/Slate/Launcher/Android/Platform_Android_24x.png
[2018.09.12-15.45.57:755][  0]LogStreaming: Warning: Failed to read file '../../../Engine/Content/Editor/Slate/Launcher/Android/Platform_Android_128x.png' error.
[2018.09.12-15.45.57:755][  0]LogSlate: Could not find file for Slate resource: ../../../Engine/Content/Editor/Slate/Launcher/Android/Platform_Android_128x.png
[2018.09.12-15.45.57:756][  0]LogStreaming: Warning: Failed to read file '../../../Engine/Content/Editor/Slate/Launcher/Android/Platform_Android_128x.png' error.
[2018.09.12-15.45.57:756][  0]LogSlate: Could not find file for Slate resource: ../../../Engine/Content/Editor/Slate/Launcher/Android/Platform_Android_128x.png
[2018.09.12-15.45.57:756][  0]LogStreaming: Warning: Failed to read file '../../../Engine/Content/Editor/Slate/Launcher/Android/Platform_Android_ATC_24x.png' error.
[2018.09.12-15.45.57:756][  0]LogSlate: Could not find file for Slate resource: ../../../Engine/Content/Editor/Slate/Launcher/Android/Platform_Android_ATC_24x.png
[2018.09.12-15.45.57:756][  0]LogStreaming: Warning: Failed to read file '../../../Engine/Content/Editor/Slate/Launcher/Android/Platform_Android_128x.png' error.
[2018.09.12-15.45.57:757][  0]LogSlate: Could not find file for Slate resource: ../../../Engine/Content/Editor/Slate/Launcher/Android/Platform_Android_128x.png
[2018.09.12-15.45.57:757][  0]LogStreaming: Warning: Failed to read file '../../../Engine/Content/Editor/Slate/Launcher/Android/Platform_Android_128x.png' error.
[2018.09.12-15.45.57:757][  0]LogSlate: Could not find file for Slate resource: ../../../Engine/Content/Editor/Slate/Launcher/Android/Platform_Android_128x.png
[2018.09.12-15.45.57:757][  0]LogStreaming: Warning: Failed to read file '../../../Engine/Content/Editor/Slate/Launcher/Android/Platform_Android_DXT_24x.png' error.
[2018.09.12-15.45.57:757][  0]LogSlate: Could not find file for Slate resource: ../../../Engine/Content/Editor/Slate/Launcher/Android/Platform_Android_DXT_24x.png
[2018.09.12-15.45.57:757][  0]LogStreaming: Warning: Failed to read file '../../../Engine/Content/Editor/Slate/Launcher/Android/Platform_Android_128x.png' error.
[2018.09.12-15.45.57:758][  0]LogSlate: Could not find file for Slate resource: ../../../Engine/Content/Editor/Slate/Launcher/Android/Platform_Android_128x.png
[2018.09.12-15.45.57:758][  0]LogStreaming: Warning: Failed to read file '../../../Engine/Content/Editor/Slate/Launcher/Android/Platform_Android_128x.png' error.
[2018.09.12-15.45.57:758][  0]LogSlate: Could not find file for Slate resource: ../../../Engine/Content/Editor/Slate/Launcher/Android/Platform_Android_128x.png
[2018.09.12-15.45.57:758][  0]LogStreaming: Warning: Failed to read file '../../../Engine/Content/Editor/Slate/Launcher/Android/Platform_Android_ETC1_24x.png' error.
[2018.09.12-15.45.57:758][  0]LogSlate: Could not find file for Slate resource: ../../../Engine/Content/Editor/Slate/Launcher/Android/Platform_Android_ETC1_24x.png
[2018.09.12-15.45.57:758][  0]LogStreaming: Warning: Failed to read file '../../../Engine/Content/Editor/Slate/Launcher/Android/Platform_Android_128x.png' error.
[2018.09.12-15.45.57:759][  0]LogSlate: Could not find file for Slate resource: ../../../Engine/Content/Editor/Slate/Launcher/Android/Platform_Android_128x.png
[2018.09.12-15.45.57:759][  0]LogStreaming: Warning: Failed to read file '../../../Engine/Content/Editor/Slate/Launcher/Android/Platform_Android_128x.png' error.
[2018.09.12-15.45.57:759][  0]LogSlate: Could not find file for Slate resource: ../../../Engine/Content/Editor/Slate/Launcher/Android/Platform_Android_128x.png
[2018.09.12-15.45.57:759][  0]LogStreaming: Warning: Failed to read file '../../../Engine/Content/Editor/Slate/Launcher/Android/Platform_Android_ETC1_24x.png' error.
[2018.09.12-15.45.57:759][  0]LogSlate: Could not find file for Slate resource: ../../../Engine/Content/Editor/Slate/Launcher/Android/Platform_Android_ETC1_24x.png
[2018.09.12-15.45.57:760][  0]LogStreaming: Warning: Failed to read file '../../../Engine/Content/Editor/Slate/Launcher/Android/Platform_Android_128x.png' error.
[2018.09.12-15.45.57:760][  0]LogSlate: Could not find file for Slate resource: ../../../Engine/Content/Editor/Slate/Launcher/Android/Platform_Android_128x.png
[2018.09.12-15.45.57:761][  0]LogStreaming: Warning: Failed to read file '../../../Engine/Content/Editor/Slate/Launcher/Android/Platform_Android_128x.png' error.
[2018.09.12-15.45.57:761][  0]LogSlate: Could not find file for Slate resource: ../../../Engine/Content/Editor/Slate/Launcher/Android/Platform_Android_128x.png
[2018.09.12-15.45.57:761][  0]LogStreaming: Warning: Failed to read file '../../../Engine/Content/Editor/Slate/Launcher/Android/Platform_Android_ETC2_24x.png' error.
[2018.09.12-15.45.57:761][  0]LogSlate: Could not find file for Slate resource: ../../../Engine/Content/Editor/Slate/Launcher/Android/Platform_Android_ETC2_24x.png
[2018.09.12-15.45.57:761][  0]LogStreaming: Warning: Failed to read file '../../../Engine/Content/Editor/Slate/Launcher/Android/Platform_Android_128x.png' error.
[2018.09.12-15.45.57:762][  0]LogSlate: Could not find file for Slate resource: ../../../Engine/Content/Editor/Slate/Launcher/Android/Platform_Android_128x.png
[2018.09.12-15.45.57:762][  0]LogStreaming: Warning: Failed to read file '../../../Engine/Content/Editor/Slate/Launcher/Android/Platform_Android_128x.png' error.
[2018.09.12-15.45.57:762][  0]LogSlate: Could not find file for Slate resource: ../../../Engine/Content/Editor/Slate/Launcher/Android/Platform_Android_128x.png
[2018.09.12-15.45.57:762][  0]LogStreaming: Warning: Failed to read file '../../../Engine/Content/Editor/Slate/Launcher/Android/Platform_Android_PVRTC_24x.png' error.
[2018.09.12-15.45.57:762][  0]LogSlate: Could not find file for Slate resource: ../../../Engine/Content/Editor/Slate/Launcher/Android/Platform_Android_PVRTC_24x.png
[2018.09.12-15.45.57:763][  0]LogStreaming: Warning: Failed to read file '../../../Engine/Content/Editor/Slate/Launcher/Android/Platform_Android_128x.png' error.
[2018.09.12-15.45.57:763][  0]LogSlate: Could not find file for Slate resource: ../../../Engine/Content/Editor/Slate/Launcher/Android/Platform_Android_128x.png
[2018.09.12-15.45.57:763][  0]LogStreaming: Warning: Failed to read file '../../../Engine/Content/Editor/Slate/Launcher/Android/Platform_Android_128x.png' error.
[2018.09.12-15.45.57:763][  0]LogSlate: Could not find file for Slate resource: ../../../Engine/Content/Editor/Slate/Launcher/Android/Platform_Android_128x.png
[2018.09.12-15.45.57:763][  0]LogStreaming: Warning: Failed to read file '../../../Engine/Content/Editor/Slate/Launcher/Android/Platform_Android_ASTC_24x.png' error.
[2018.09.12-15.45.57:763][  0]LogSlate: Could not find file for Slate resource: ../../../Engine/Content/Editor/Slate/Launcher/Android/Platform_Android_ASTC_24x.png
[2018.09.12-15.45.57:764][  0]LogStreaming: Warning: Failed to read file '../../../Engine/Content/Editor/Slate/Launcher/Android/Platform_Android_128x.png' error.
[2018.09.12-15.45.57:764][  0]LogSlate: Could not find file for Slate resource: ../../../Engine/Content/Editor/Slate/Launcher/Android/Platform_Android_128x.png
[2018.09.12-15.45.57:764][  0]LogStreaming: Warning: Failed to read file '../../../Engine/Content/Editor/Slate/Launcher/Android/Platform_Android_128x.png' error.
[2018.09.12-15.45.57:764][  0]LogSlate: Could not find file for Slate resource: ../../../Engine/Content/Editor/Slate/Launcher/Android/Platform_Android_128x.png
[2018.09.12-15.45.57:765][  0]LogStreaming: Warning: Failed to read file '../../../Engine/Content/Editor/Slate/Launcher/Android/Platform_Android_24x.png' error.
[2018.09.12-15.45.57:765][  0]LogSlate: Could not find file for Slate resource: ../../../Engine/Content/Editor/Slate/Launcher/Android/Platform_Android_24x.png
[2018.09.12-15.45.57:765][  0]LogStreaming: Warning: Failed to read file '../../../Engine/Content/Editor/Slate/Launcher/Android/Platform_Android_128x.png' error.
[2018.09.12-15.45.57:765][  0]LogSlate: Could not find file for Slate resource: ../../../Engine/Content/Editor/Slate/Launcher/Android/Platform_Android_128x.png
[2018.09.12-15.45.57:765][  0]LogStreaming: Warning: Failed to read file '../../../Engine/Content/Editor/Slate/Launcher/Android/Platform_Android_128x.png' error.
[2018.09.12-15.45.57:765][  0]LogSlate: Could not find file for Slate resource: ../../../Engine/Content/Editor/Slate/Launcher/Android/Platform_Android_128x.png
[2018.09.12-15.45.57:766][  0]LogStreaming: Warning: Failed to read file '../../../Engine/Content/Editor/Slate/Launcher/Android/Platform_Android_24x.png' error.
[2018.09.12-15.45.57:766][  0]LogSlate: Could not find file for Slate resource: ../../../Engine/Content/Editor/Slate/Launcher/Android/Platform_Android_24x.png
[2018.09.12-15.45.57:766][  0]LogStreaming: Warning: Failed to read file '../../../Engine/Content/Editor/Slate/Launcher/Android/Platform_Android_128x.png' error.
[2018.09.12-15.45.57:766][  0]LogSlate: Could not find file for Slate resource: ../../../Engine/Content/Editor/Slate/Launcher/Android/Platform_Android_128x.png
[2018.09.12-15.45.57:767][  0]LogStreaming: Warning: Failed to read file '../../../Engine/Content/Editor/Slate/Launcher/Android/Platform_Android_128x.png' error.
[2018.09.12-15.45.57:767][  0]LogSlate: Could not find file for Slate resource: ../../../Engine/Content/Editor/Slate/Launcher/Android/Platform_Android_128x.png
[2018.09.12-15.45.57:767][  0]LogStreaming: Warning: Failed to read file '../../../Engine/Content/Editor/Slate/Launcher/Android/Platform_Android_ATC_24x.png' error.
[2018.09.12-15.45.57:767][  0]LogSlate: Could not find file for Slate resource: ../../../Engine/Content/Editor/Slate/Launcher/Android/Platform_Android_ATC_24x.png
[2018.09.12-15.45.57:768][  0]LogStreaming: Warning: Failed to read file '../../../Engine/Content/Editor/Slate/Launcher/Android/Platform_Android_128x.png' error.
[2018.09.12-15.45.57:768][  0]LogSlate: Could not find file for Slate resource: ../../../Engine/Content/Editor/Slate/Launcher/Android/Platform_Android_128x.png
[2018.09.12-15.45.57:768][  0]LogStreaming: Warning: Failed to read file '../../../Engine/Content/Editor/Slate/Launcher/Android/Platform_Android_128x.png' error.
[2018.09.12-15.45.57:768][  0]LogSlate: Could not find file for Slate resource: ../../../Engine/Content/Editor/Slate/Launcher/Android/Platform_Android_128x.png
[2018.09.12-15.45.57:768][  0]LogStreaming: Warning: Failed to read file '../../../Engine/Content/Editor/Slate/Launcher/Android/Platform_Android_DXT_24x.png' error.
[2018.09.12-15.45.57:768][  0]LogSlate: Could not find file for Slate resource: ../../../Engine/Content/Editor/Slate/Launcher/Android/Platform_Android_DXT_24x.png
[2018.09.12-15.45.57:769][  0]LogStreaming: Warning: Failed to read file '../../../Engine/Content/Editor/Slate/Launcher/Android/Platform_Android_128x.png' error.
[2018.09.12-15.45.57:769][  0]LogSlate: Could not find file for Slate resource: ../../../Engine/Content/Editor/Slate/Launcher/Android/Platform_Android_128x.png
[2018.09.12-15.45.57:769][  0]LogStreaming: Warning: Failed to read file '../../../Engine/Content/Editor/Slate/Launcher/Android/Platform_Android_128x.png' error.
[2018.09.12-15.45.57:769][  0]LogSlate: Could not find file for Slate resource: ../../../Engine/Content/Editor/Slate/Launcher/Android/Platform_Android_128x.png
[2018.09.12-15.45.57:769][  0]LogStreaming: Warning: Failed to read file '../../../Engine/Content/Editor/Slate/Launcher/Android/Platform_Android_ETC1_24x.png' error.
[2018.09.12-15.45.57:770][  0]LogSlate: Could not find file for Slate resource: ../../../Engine/Content/Editor/Slate/Launcher/Android/Platform_Android_ETC1_24x.png
[2018.09.12-15.45.57:770][  0]LogStreaming: Warning: Failed to read file '../../../Engine/Content/Editor/Slate/Launcher/Android/Platform_Android_128x.png' error.
[2018.09.12-15.45.57:770][  0]LogSlate: Could not find file for Slate resource: ../../../Engine/Content/Editor/Slate/Launcher/Android/Platform_Android_128x.png
[2018.09.12-15.45.57:770][  0]LogStreaming: Warning: Failed to read file '../../../Engine/Content/Editor/Slate/Launcher/Android/Platform_Android_128x.png' error.
[2018.09.12-15.45.57:770][  0]LogSlate: Could not find file for Slate resource: ../../../Engine/Content/Editor/Slate/Launcher/Android/Platform_Android_128x.png
[2018.09.12-15.45.57:771][  0]LogStreaming: Warning: Failed to read file '../../../Engine/Content/Editor/Slate/Launcher/Android/Platform_Android_ETC1_24x.png' error.
[2018.09.12-15.45.57:771][  0]LogSlate: Could not find file for Slate resource: ../../../Engine/Content/Editor/Slate/Launcher/Android/Platform_Android_ETC1_24x.png
[2018.09.12-15.45.57:771][  0]LogStreaming: Warning: Failed to read file '../../../Engine/Content/Editor/Slate/Launcher/Android/Platform_Android_128x.png' error.
[2018.09.12-15.45.57:771][  0]LogSlate: Could not find file for Slate resource: ../../../Engine/Content/Editor/Slate/Launcher/Android/Platform_Android_128x.png
[2018.09.12-15.45.57:771][  0]LogStreaming: Warning: Failed to read file '../../../Engine/Content/Editor/Slate/Launcher/Android/Platform_Android_128x.png' error.
[2018.09.12-15.45.57:772][  0]LogSlate: Could not find file for Slate resource: ../../../Engine/Content/Editor/Slate/Launcher/Android/Platform_Android_128x.png
[2018.09.12-15.45.57:772][  0]LogStreaming: Warning: Failed to read file '../../../Engine/Content/Editor/Slate/Launcher/Android/Platform_Android_ETC2_24x.png' error.
[2018.09.12-15.45.57:772][  0]LogSlate: Could not find file for Slate resource: ../../../Engine/Content/Editor/Slate/Launcher/Android/Platform_Android_ETC2_24x.png
[2018.09.12-15.45.57:772][  0]LogStreaming: Warning: Failed to read file '../../../Engine/Content/Editor/Slate/Launcher/Android/Platform_Android_128x.png' error.
[2018.09.12-15.45.57:772][  0]LogSlate: Could not find file for Slate resource: ../../../Engine/Content/Editor/Slate/Launcher/Android/Platform_Android_128x.png
[2018.09.12-15.45.57:773][  0]LogStreaming: Warning: Failed to read file '../../../Engine/Content/Editor/Slate/Launcher/Android/Platform_Android_128x.png' error.
[2018.09.12-15.45.57:773][  0]LogSlate: Could not find file for Slate resource: ../../../Engine/Content/Editor/Slate/Launcher/Android/Platform_Android_128x.png
[2018.09.12-15.45.57:773][  0]LogStreaming: Warning: Failed to read file '../../../Engine/Content/Editor/Slate/Launcher/Android/Platform_Android_PVRTC_24x.png' error.
[2018.09.12-15.45.57:774][  0]LogSlate: Could not find file for Slate resource: ../../../Engine/Content/Editor/Slate/Launcher/Android/Platform_Android_PVRTC_24x.png
[2018.09.12-15.45.57:774][  0]LogStreaming: Warning: Failed to read file '../../../Engine/Content/Editor/Slate/Launcher/Android/Platform_Android_128x.png' error.
[2018.09.12-15.45.57:774][  0]LogSlate: Could not find file for Slate resource: ../../../Engine/Content/Editor/Slate/Launcher/Android/Platform_Android_128x.png
[2018.09.12-15.45.57:774][  0]LogStreaming: Warning: Failed to read file '../../../Engine/Content/Editor/Slate/Launcher/Android/Platform_Android_128x.png' error.
[2018.09.12-15.45.57:775][  0]LogSlate: Could not find file for Slate resource: ../../../Engine/Content/Editor/Slate/Launcher/Android/Platform_Android_128x.png
[2018.09.12-15.45.57:775][  0]LogStreaming: Warning: Failed to read file '../../../Engine/Content/Editor/Slate/Launcher/Android/Platform_Android_ASTC_24x.png' error.
[2018.09.12-15.45.57:775][  0]LogSlate: Could not find file for Slate resource: ../../../Engine/Content/Editor/Slate/Launcher/Android/Platform_Android_ASTC_24x.png
[2018.09.12-15.45.57:775][  0]LogStreaming: Warning: Failed to read file '../../../Engine/Content/Editor/Slate/Launcher/Android/Platform_Android_128x.png' error.
[2018.09.12-15.45.57:775][  0]LogSlate: Could not find file for Slate resource: ../../../Engine/Content/Editor/Slate/Launcher/Android/Platform_Android_128x.png
[2018.09.12-15.45.57:776][  0]LogStreaming: Warning: Failed to read file '../../../Engine/Content/Editor/Slate/Launcher/Android/Platform_Android_128x.png' error.
[2018.09.12-15.45.57:776][  0]LogSlate: Could not find file for Slate resource: ../../../Engine/Content/Editor/Slate/Launcher/Android/Platform_Android_128x.png
[2018.09.12-15.46.01:055][  0]LogTcpMessaging: Initializing TcpMessaging bridge
[2018.09.12-15.46.01:106][  0]LogUdpMessaging: Initializing bridge on interface 0.0.0.0:0 to multicast group 230.0.0.1:6666.
[2018.09.12-15.46.02:118][  0]SourceControl: Source control is disabled
[2018.09.12-15.46.02:118][  0]SourceControl: Source control is disabled
[2018.09.12-15.46.02:184][  0]SourceControl: Source control is disabled
[2018.09.12-15.46.02:225][  0]SourceControl: Source control is disabled
[2018.09.12-15.46.03:881][  0]LogAndroidPermission: UAndroidPermissionCallbackProxy::GetInstance
[2018.09.12-15.46.04:393][  0]LogOcInput: OculusInput pre-init called
[2018.09.12-15.46.04:745][  0]LogEngine: Initializing Engine...
[2018.09.12-15.46.04:747][  0]LogHMD: Failed to initialize OpenVR with code 110
[2018.09.12-15.46.04:750][  0]LogStats: UGameplayTagsManager::ConstructGameplayTagTree: ImportINI prefixes -  0.000 s
[2018.09.12-15.46.04:750][  0]LogStats: UGameplayTagsManager::ConstructGameplayTagTree: Construct from data asset -  0.000 s
[2018.09.12-15.46.04:750][  0]LogStats: UGameplayTagsManager::ConstructGameplayTagTree: ImportINI -  0.000 s
[2018.09.12-15.46.04:750][  0]LogStats: UGameplayTagsManager::ConstructGameplayTagTree: GameplayTagTreeChangedEvent.Broadcast -  0.000 s
[2018.09.12-15.46.05:669][  0]LogInit: Initializing FReadOnlyCVARCache
[2018.09.12-15.46.05:741][  0]LogAIModule: Creating AISystem for world Untitled
[2018.09.12-15.46.05:799][  0]LogInit: XAudio2 using 'Speakers (High Definition Audio Device)' : 2 channels at 48 kHz using 16 bits per sample (channel mask 0x3)
[2018.09.12-15.46.05:879][  0]LogInit: FAudioDevice initialized.
[2018.09.12-15.46.05:880][  0]LogNetVersion: Set ProjectVersion to 1.0.0.0. Version Checksum will be recalculated on next use.
[2018.09.12-15.46.06:012][  0]LogDerivedDataCache: Saved boot cache 0.13s 71MB ../../../../DarkReignsUE4/DarkReignsUE4/DerivedDataCache/Boot.ddc.
[2018.09.12-15.46.06:019][  0]LogInit: Texture streaming: Enabled
[2018.09.12-15.46.06:185][  0]LogEngineSessionManager: EngineSessionManager initialized
[2018.09.12-15.46.06:255][  0]LogInit: Transaction tracking system initialized
[2018.09.12-15.46.06:505][  0]BlueprintLog: New page: Editor Load
[2018.09.12-15.46.07:637][  0]LocalizationService: Localization service is disabled
[2018.09.12-15.46.09:553][  0]LogCook: Display: Max memory allowance for cook 16384mb min free memory 0mb
[2018.09.12-15.46.09:553][  0]LogCook: Display: Mobile HDR setting 1
[2018.09.12-15.46.09:553][  0]LogGameplayTags: Display: UGameplayTagsManager::DoneAddingNativeTags. DelegateIsBound: 0
[2018.09.12-15.46.09:553][  0]LogStats: UGameplayTagsManager::ConstructGameplayTagTree: ImportINI prefixes -  0.000 s
[2018.09.12-15.46.09:554][  0]LogStats: UGameplayTagsManager::ConstructGameplayTagTree: Construct from data asset -  0.000 s
[2018.09.12-15.46.09:554][  0]LogStats: UGameplayTagsManager::ConstructGameplayTagTree: ImportINI -  0.000 s
[2018.09.12-15.46.09:554][  0]LogStats: UGameplayTagsManager::ConstructGameplayTagTree: GameplayTagTreeChangedEvent.Broadcast -  0.000 s
[2018.09.12-15.46.09:701][  0]LogFileCache: Scanning file cache for directory 'C:/Users/mweho/OneDrive/Documents/GitHub/DarkReignsUE4/DarkReignsUE4/Content/' took 0.02s
[2018.09.12-15.46.11:057][  0]SourceControl: Source control is disabled
[2018.09.12-15.46.11:058][  0]Cmd: MAP LOAD FILE="../../../../DarkReignsUE4/DarkReignsUE4/Content/2DSideScrollerCPP/Maps/2DSideScrollerExampleMap.umap" TEMPLATE=0 SHOWPROGRESS=1 FEATURELEVEL=3
[2018.09.12-15.46.11:059][  0]LightingResults: New page: Lighting Build
[2018.09.12-15.46.11:067][  0]MapCheck: New page: Map Check
[2018.09.12-15.46.11:067][  0]LightingResults: New page: Lighting Build
[2018.09.12-15.46.11:418][  0]LogAIModule: Creating AISystem for world 2DSideScrollerExampleMap
[2018.09.12-15.46.11:432][  0]LogEditorServer: Finished looking for orphan Actors (0.000 secs)
[2018.09.12-15.46.11:528][  0]Cmd: MAP CHECKDEP NOCLEARLOG
[2018.09.12-15.46.11:685][  0]MapCheck: Map check complete: 0 Error(s), 0 Warning(s), took 157.236ms to complete.
[2018.09.12-15.46.11:686][  0]LogFileHelpers: Loading map '2DSideScrollerExampleMap' took 0.628
[2018.09.12-15.46.11:918][  0]LogSlate: Updating window title bar state: overlay mode, drag disabled, window buttons hidden, title bar hidden
[2018.09.12-15.46.11:935][  0]LogSlate: Updating window title bar state: overlay mode, drag disabled, window buttons hidden, title bar hidden
[2018.09.12-15.46.11:950][  0]LogSlate: Updating window title bar state: overlay mode, drag disabled, window buttons hidden, title bar hidden
[2018.09.12-15.46.11:964][  0]LogSlate: Updating window title bar state: overlay mode, drag disabled, window buttons hidden, title bar hidden
[2018.09.12-15.46.12:021][  0]LogCollectionManager: Loaded 0 collections in 0.004781 seconds
[2018.09.12-15.46.12:095][  0]LogFileCache: Scanning file cache for directory 'C:/Users/mweho/OneDrive/Documents/GitHub/DarkReignsUE4/DarkReignsUE4/Saved/Collections/' took 0.02s
[2018.09.12-15.46.12:095][  0]LogFileCache: Scanning file cache for directory 'C:/Users/mweho/OneDrive/Documents/GitHub/DarkReignsUE4/DarkReignsUE4/Content/Developers/mweho/Collections/' took 0.02s
[2018.09.12-15.46.12:095][  0]LogFileCache: Scanning file cache for directory 'C:/Users/mweho/OneDrive/Documents/GitHub/DarkReignsUE4/DarkReignsUE4/Content/Collections/' took 0.02s
[2018.09.12-15.46.12:095][  0]LogCollectionManager: Rebuilt the GUID cache for 0 collections in 0.000000 seconds
[2018.09.12-15.46.12:119][  0]LogContentBrowser: Native class hierarchy populated in 0.0234 seconds. Added 2573 classes and 603 folders.
[2018.09.12-15.46.12:134][  0]LogContentBrowser: Native class hierarchy updated for 'WidgetCarousel' in 0.0006 seconds. Added 0 classes and 0 folders.
[2018.09.12-15.46.12:711][  0]LogContentBrowser: Native class hierarchy updated for 'AddContentDialog' in 0.0005 seconds. Added 0 classes and 0 folders.
[2018.09.12-15.46.12:767][  0]LogContentBrowser: Native class hierarchy updated for 'SceneOutliner' in 0.0006 seconds. Added 1 classes and 2 folders.
[2018.09.12-15.46.12:810][  0]LogSlate: Took 0.009763 seconds to synchronously load lazily loaded font '../../../Engine/Content/Slate/Fonts/Roboto-Regular.ttf' (155K)
[2018.09.12-15.46.12:823][  0]LogSlate: Took 0.009353 seconds to synchronously load lazily loaded font '../../../Engine/Content/Slate/Fonts/Roboto-Bold.ttf' (160K)
[2018.09.12-15.46.12:842][  0]LogSlate: Took 0.008849 seconds to synchronously load lazily loaded font '../../../Engine/Content/Editor/Slate/Fonts/FontAwesome.ttf' (139K)
[2018.09.12-15.46.13:144][  0]LogRenderer: Reallocating scene render targets to support 1208x576 Format 10 NumSamples 1 (Frame:1).
[2018.09.12-15.46.13:223][  0]LogSlate: Took 0.010296 seconds to synchronously load lazily loaded font '../../../Engine/Content/Slate/Fonts/Roboto-Light.ttf' (167K)
[2018.09.12-15.46.13:388][  0]LogContentBrowser: Native class hierarchy updated for 'HierarchicalLODOutliner' in 0.0014 seconds. Added 0 classes and 0 folders.
[2018.09.12-15.46.13:389][  0]LogLoad: (Engine Initialization) Total time: 40.73 seconds
[2018.09.12-15.46.13:389][  0]LogLoad: (Engine Initialization) Total Blueprint compile time: 0.00 seconds
[2018.09.12-15.46.13:435][  0]LogContentStreaming: Texture pool size now 1000 MB
[2018.09.12-15.46.13:631][  3]LogAssetRegistry: Asset discovery search completed in 23.4862 seconds
[2018.09.12-15.46.13:635][  3]LogCollectionManager: Rebuilt the object cache for 0 collections in 0.000019 seconds (found 0 objects)
[2018.09.12-15.46.13:635][  3]LogCollectionManager: Fixed up redirectors for 0 collections in 0.000361 seconds (updated 0 objects)
[2018.09.12-16.11.20:614][494]LogSlate: FSceneViewport::OnFocusLost() reason 0
[2018.09.12-16.11.20:905][497]LogSlate: Window 'DarkReignsUE4 - Unreal Editor' being destroyed
[2018.09.12-16.11.21:217][498]Cmd: QUIT_EDITOR
[2018.09.12-16.11.21:276][498]LogExit: Preparing to exit.
[2018.09.12-16.11.21:666][498]LogExit: Editor shut down
[2018.09.12-16.11.21:666][498]LogExit: Transaction tracking system shut down
[2018.09.12-16.11.22:064][498]LogExit: Object subsystem successfully closed.
[2018.09.12-16.11.22:114][498]LogShaderCompilers: Display: Shaders left to compile 0
[2018.09.12-16.11.22:121][498]LogD3D11RHI: Shutdown
[2018.09.12-16.11.22:121][498]LogD3D11RHI: CleanupD3DDevice
[2018.09.12-16.11.22:123][498]LogD3D11RHI: ~FD3D11DynamicRHI
[2018.09.12-16.11.22:165][498]LogModuleManager: Shutting down and abandoning module HierarchicalLODOutliner (600)
[2018.09.12-16.11.22:165][498]LogModuleManager: Shutting down and abandoning module SceneOutliner (598)
[2018.09.12-16.11.22:165][498]LogModuleManager: Shutting down and abandoning module AddContentDialog (596)
[2018.09.12-16.11.22:166][498]LogModuleManager: Shutting down and abandoning module WidgetCarousel (595)
[2018.09.12-16.11.22:166][498]LogModuleManager: Shutting down and abandoning module EditorWidgets (592)
[2018.09.12-16.11.22:166][498]LogModuleManager: Shutting down and abandoning module CollectionManager (590)
[2018.09.12-16.11.22:167][498]LogModuleManager: Shutting down and abandoning module StatsViewer (588)
[2018.09.12-16.11.22:167][498]LogModuleManager: Shutting down and abandoning module FoliageEdit (586)
[2018.09.12-16.11.22:167][498]LogModuleManager: Shutting down and abandoning module LandscapeEditor (584)
[2018.09.12-16.11.22:168][498]LogModuleManager: Shutting down and abandoning module MeshPaintMode (582)
[2018.09.12-16.11.22:168][498]LogModuleManager: Shutting down and abandoning module SceneDepthPickerMode (580)
[2018.09.12-16.11.22:168][498]LogModuleManager: Shutting down and abandoning module ActorPickerMode (578)
[2018.09.12-16.11.22:168][498]LogModuleManager: Shutting down and abandoning module GeometryMode (576)
[2018.09.12-16.11.22:168][498]LogModuleManager: Shutting down and abandoning module TextureAlignMode (574)
[2018.09.12-16.11.22:168][498]LogModuleManager: Shutting down and abandoning module BspMode (572)
[2018.09.12-16.11.22:168][498]LogModuleManager: Shutting down and abandoning module PIEPreviewDeviceProfileSelector (570)
[2018.09.12-16.11.22:169][498]LogModuleManager: Shutting down and abandoning module SequenceRecorderSections (568)
[2018.09.12-16.11.22:169][498]LogModuleManager: Shutting down and abandoning module AutomationWorker (566)
[2018.09.12-16.11.22:169][498]LogModuleManager: Shutting down and abandoning module AudioCaptureEditor (564)
[2018.09.12-16.11.22:169][498]LogModuleManager: Shutting down and abandoning module SequenceRecorder (563)
[2018.09.12-16.11.22:169][498]LogModuleManager: Shutting down and abandoning module MatineeToLevelSequence (560)
[2018.09.12-16.11.22:169][498]LogModuleManager: Shutting down and abandoning module LevelSequenceEditor (558)
[2018.09.12-16.11.22:170][498]LogModuleManager: Shutting down and abandoning module PlacementMode (557)
[2018.09.12-16.11.22:170][498]LogModuleManager: Shutting down and abandoning module MaterialEditor (556)
[2018.09.12-16.11.22:170][498]LogModuleManager: Shutting down and abandoning module WmfMediaFactory (552)
[2018.09.12-16.11.22:170][498]LogModuleManager: Shutting down and abandoning module WmfMediaEditor (550)
[2018.09.12-16.11.22:170][498]LogModuleManager: Shutting down and abandoning module MediaPlayerEditor (548)
[2018.09.12-16.11.22:170][498]LogModuleManager: Shutting down and abandoning module OpenExrWrapper (546)
[2018.09.12-16.11.22:171][498]LogModuleManager: Shutting down and abandoning module ImgMediaFactory (544)
[2018.09.12-16.11.22:171][498]LogModuleManager: Shutting down and abandoning module ImgMediaEditor (542)
[2018.09.12-16.11.22:171][498]LogModuleManager: Shutting down and abandoning module AvfMediaFactory (540)
[2018.09.12-16.11.22:171][498]LogModuleManager: Shutting down and abandoning module AvfMediaEditor (538)
[2018.09.12-16.11.22:171][498]LogModuleManager: Shutting down and abandoning module AndroidMediaFactory (536)
[2018.09.12-16.11.22:171][498]LogModuleManager: Shutting down and abandoning module AndroidMediaEditor (534)
[2018.09.12-16.11.22:171][498]LogModuleManager: Shutting down and abandoning module MagicLeapCameraPreviewFactory (532)
[2018.09.12-16.11.22:171][498]LogModuleManager: Shutting down and abandoning module MagicLeapMediaFactory (530)
[2018.09.12-16.11.22:171][498]LogModuleManager: Shutting down and abandoning module MagicLeapMediaEditor (528)
[2018.09.12-16.11.22:172][498]LogModuleManager: Shutting down and abandoning module CharacterAI (526)
[2018.09.12-16.11.22:172][498]LogModuleManager: Shutting down and abandoning module SmartSnapping (524)
[2018.09.12-16.11.22:172][498]LogModuleManager: Shutting down and abandoning module SessionServices (522)
[2018.09.12-16.11.22:172][498]LogModuleManager: Shutting down and abandoning module ViewportSnapping (520)
[2018.09.12-16.11.22:172][498]LogModuleManager: Shutting down and abandoning module ViewportInteraction (518)
[2018.09.12-16.11.22:172][498]LogModuleManager: Shutting down and abandoning module ClothPainter (516)
[2018.09.12-16.11.22:173][498]LogModuleManager: Shutting down and abandoning module SkeletalMeshEditor (515)
[2018.09.12-16.11.22:173][498]LogModuleManager: Shutting down and abandoning module LogVisualizer (512)
[2018.09.12-16.11.22:173][498]LogModuleManager: Shutting down and abandoning module IntroTutorials (510)
[2018.09.12-16.11.22:173][498]LogModuleManager: Shutting down and abandoning module GameProjectGeneration (509)
[2018.09.12-16.11.22:174][498]LogModuleManager: Shutting down and abandoning module LuminPlatformEditor (506)
[2018.09.12-16.11.22:174][498]LogModuleManager: Shutting down and abandoning module IOSPlatformEditor (504)
[2018.09.12-16.11.22:174][498]LogModuleManager: Shutting down and abandoning module HTML5PlatformEditor (502)
[2018.09.12-16.11.22:174][498]LogModuleManager: Shutting down and abandoning module AndroidPlatformEditor (500)
[2018.09.12-16.11.22:174][498]LogModuleManager: Shutting down and abandoning module AndroidDeviceDetection (499)
[2018.09.12-16.11.22:847][498]LogModuleManager: Shutting down and abandoning module WindowsPlatformEditor (496)
[2018.09.12-16.11.22:847][498]LogModuleManager: Shutting down and abandoning module LuminRuntimeSettings (494)
[2018.09.12-16.11.22:848][498]LogModuleManager: Shutting down and abandoning module IOSRuntimeSettings (492)
[2018.09.12-16.11.22:848][498]LogModuleManager: Shutting down and abandoning module AndroidRuntimeSettings (490)
[2018.09.12-16.11.22:848][498]LogModuleManager: Shutting down and abandoning module InputBindingEditor (488)
[2018.09.12-16.11.22:848][498]LogModuleManager: Shutting down and abandoning module MergeActors (486)
[2018.09.12-16.11.22:848][498]LogModuleManager: Shutting down and abandoning module LocalizationDashboard (484)
[2018.09.12-16.11.22:848][498]LogModuleManager: Shutting down and abandoning module LocalizationService (483)
[2018.09.12-16.11.22:849][498]LogModuleManager: Shutting down and abandoning module HardwareTargeting (480)
[2018.09.12-16.11.22:849][498]LogModuleManager: Shutting down and abandoning module DeviceProfileEditor (478)
[2018.09.12-16.11.22:849][498]LogModuleManager: Shutting down and abandoning module UndoHistory (476)
[2018.09.12-16.11.22:849][498]LogModuleManager: Shutting down and abandoning module XmlParser (474)
[2018.09.12-16.11.22:849][498]LogModuleManager: Shutting down and abandoning module Blutility (472)
[2018.09.12-16.11.22:849][498]LogModuleManager: Shutting down and abandoning module ProjectSettingsViewer (470)
[2018.09.12-16.11.22:850][498]LogModuleManager: Shutting down and abandoning module ProjectTargetPlatformEditor (469)
[2018.09.12-16.11.22:850][498]LogModuleManager: Shutting down and abandoning module EditorSettingsViewer (466)
[2018.09.12-16.11.22:850][498]LogModuleManager: Shutting down and abandoning module SettingsEditor (464)
[2018.09.12-16.11.22:850][498]LogModuleManager: Shutting down and abandoning module ProjectLauncher (462)
[2018.09.12-16.11.22:850][498]LogModuleManager: Shutting down and abandoning module SessionFrontend (460)
[2018.09.12-16.11.22:851][498]LogModuleManager: Shutting down and abandoning module ProfilerClient (458)
[2018.09.12-16.11.22:851][498]LogModuleManager: Shutting down and abandoning module DeviceManager (456)
[2018.09.12-16.11.22:851][498]LogModuleManager: Shutting down and abandoning module TargetDeviceServices (455)
[2018.09.12-16.11.22:906][498]LogModuleManager: Shutting down and abandoning module AutomationController (452)
[2018.09.12-16.11.22:906][498]LogModuleManager: Shutting down and abandoning module AutomationWindow (450)
[2018.09.12-16.11.22:906][498]LogModuleManager: Shutting down and abandoning module Layers (448)
[2018.09.12-16.11.22:906][498]LogModuleManager: Shutting down and abandoning module ComponentVisualizers (446)
[2018.09.12-16.11.22:906][498]LogModuleManager: Shutting down and abandoning module DetailCustomizations (444)
[2018.09.12-16.11.22:907][498]LogModuleManager: Shutting down and abandoning module PackagesDialog (442)
[2018.09.12-16.11.22:907][498]LogModuleManager: Shutting down and abandoning module Persona (440)
[2018.09.12-16.11.22:907][498]LogModuleManager: Shutting down and abandoning module AdvancedPreviewScene (439)
[2018.09.12-16.11.22:907][498]LogModuleManager: Shutting down and abandoning module AnimGraph (437)
[2018.09.12-16.11.22:907][498]LogModuleManager: Shutting down and abandoning module Kismet (434)
[2018.09.12-16.11.22:908][498]LogModuleManager: Shutting down and abandoning module GraphEditor (432)
[2018.09.12-16.11.22:908][498]LogModuleManager: Shutting down and abandoning module ClassViewer (430)
[2018.09.12-16.11.22:908][498]LogModuleManager: Shutting down and abandoning module Toolbox (428)
[2018.09.12-16.11.22:908][498]LogModuleManager: Shutting down and abandoning module DesktopPlatform (427)
[2018.09.12-16.11.22:908][498]LogModuleManager: Shutting down and abandoning module ModuleUI (424)
[2018.09.12-16.11.22:908][498]LogModuleManager: Shutting down and abandoning module MovieSceneTools (422)
[2018.09.12-16.11.22:909][498]LogModuleManager: Shutting down and abandoning module OutputLog (420)
[2018.09.12-16.11.22:909][498]LogModuleManager: Shutting down and abandoning module GammaUI (418)
[2018.09.12-16.11.22:909][498]LogModuleManager: Shutting down and abandoning module Documentation (416)
[2018.09.12-16.11.22:909][498]LogModuleManager: Shutting down and abandoning module MovieSceneTracks (414)
[2018.09.12-16.11.22:909][498]LogModuleManager: Shutting down and abandoning module MovieScene (412)
[2018.09.12-16.11.22:909][498]LogModuleManager: Shutting down and abandoning module StreamingPauseRendering (410)
[2018.09.12-16.11.22:909][498]LogModuleManager: Shutting down and abandoning module LauncherPlatform (408)
[2018.09.12-16.11.22:910][498]LogModuleManager: Shutting down and abandoning module AnalyticsET (406)
[2018.09.12-16.11.22:910][498]LogModuleManager: Shutting down and abandoning module PortalServices (404)
[2018.09.12-16.11.22:910][498]LogModuleManager: Shutting down and abandoning module PortalRpc (402)
[2018.09.12-16.11.22:910][498]LogModuleManager: Shutting down and abandoning module MessagingRpc (400)
[2018.09.12-16.11.22:910][498]LogModuleManager: Shutting down and abandoning module AIModule (398)
[2018.09.12-16.11.22:910][498]LogModuleManager: Shutting down and abandoning module GameplayDebugger (397)
[2018.09.12-16.11.22:911][498]LogModuleManager: Shutting down and abandoning module AITestSuite (395)
[2018.09.12-16.11.22:911][498]LogModuleManager: Shutting down and abandoning module NavigationSystem (393)
[2018.09.12-16.11.22:911][498]LogModuleManager: Shutting down and abandoning module ProfilerService (390)
[2018.09.12-16.11.23:129][498]LogModuleManager: Shutting down and abandoning module TaskGraph (388)
[2018.09.12-16.11.23:129][498]LogModuleManager: Shutting down and abandoning module SteamVRController (386)
[2018.09.12-16.11.23:129][498]LogModuleManager: Shutting down and abandoning module ProceduralMeshComponentEditor (384)
[2018.09.12-16.11.23:129][498]LogModuleManager: Shutting down and abandoning module ProceduralMeshComponent (382)
[2018.09.12-16.11.23:130][498]LogModuleManager: Shutting down and abandoning module OculusInput (380)
[2018.09.12-16.11.23:130][498]LogModuleManager: Shutting down and abandoning module MobilePatchingUtils (378)
[2018.09.12-16.11.23:130][498]LogModuleManager: Shutting down and abandoning module EditableMesh (376)
[2018.09.12-16.11.23:130][498]LogModuleManager: Shutting down and abandoning module CustomMeshComponent (374)
[2018.09.12-16.11.23:130][498]LogModuleManager: Shutting down and abandoning module CableComponent (372)
[2018.09.12-16.11.23:130][498]LogModuleManager: Shutting down and abandoning module AudioCapture (370)
[2018.09.12-16.11.23:130][498]LogModuleManager: Shutting down and abandoning module ArchVisCharacter (368)
[2018.09.12-16.11.23:131][498]LogModuleManager: Shutting down and abandoning module AndroidPermission (366)
[2018.09.12-16.11.23:131][498]LogModuleManager: Shutting down and abandoning module NUTUnrealEngine4 (364)
[2018.09.12-16.11.23:131][498]LogModuleManager: Shutting down and abandoning module NetcodeUnitTest (362)
[2018.09.12-16.11.23:131][498]LogModuleManager: Shutting down and abandoning module MediaCompositingEditor (360)
[2018.09.12-16.11.23:131][498]LogModuleManager: Shutting down and abandoning module MediaCompositing (358)
[2018.09.12-16.11.23:131][498]LogModuleManager: Shutting down and abandoning module LinearTimecode (356)
[2018.09.12-16.11.23:131][498]LogModuleManager: Shutting down and abandoning module ImgMedia (354)
[2018.09.12-16.11.23:146][498]LogModuleManager: Shutting down and abandoning module HTML5Networking (352)
[2018.09.12-16.11.23:147][498]LogModuleManager: Shutting down and abandoning module GeometryCacheTracks (350)
[2018.09.12-16.11.23:147][498]LogModuleManager: Shutting down and abandoning module GeometryCacheSequencer (348)
[2018.09.12-16.11.23:147][498]LogModuleManager: Shutting down and abandoning module BackChannel (346)
[2018.09.12-16.11.23:147][498]LogModuleManager: Shutting down and abandoning module AppleVision (344)
[2018.09.12-16.11.23:147][498]LogModuleManager: Shutting down and abandoning module AppleImageUtils (342)
[2018.09.12-16.11.23:147][498]LogModuleManager: Shutting down and abandoning module AlembicImporter (340)
[2018.09.12-16.11.23:147][498]LogModuleManager: Shutting down and abandoning module AlembicLibrary (339)
[2018.09.12-16.11.23:148][498]LogModuleManager: Shutting down and abandoning module GeometryCache (338)
[2018.09.12-16.11.23:148][498]LogModuleManager: Shutting down and abandoning module GeometryCacheEd (337)
[2018.09.12-16.11.23:148][498]LogModuleManager: Shutting down and abandoning module DatasmithContentEditor (332)
[2018.09.12-16.11.23:148][498]LogModuleManager: Shutting down and abandoning module DatasmithContent (330)
[2018.09.12-16.11.23:149][498]LogModuleManager: Shutting down and abandoning module SpeedTreeImporter (328)
[2018.09.12-16.11.23:149][498]LogModuleManager: Shutting down and abandoning module PluginBrowser (326)
[2018.09.12-16.11.23:149][498]LogModuleManager: Shutting down and abandoning module MobileLauncherProfileWizard (324)
[2018.09.12-16.11.23:149][498]LogModuleManager: Shutting down and abandoning module PolygonModeling (322)
[2018.09.12-16.11.23:149][498]LogModuleManager: Shutting down and abandoning module MeshEditor (320)
[2018.09.12-16.11.23:149][498]LogModuleManager: Shutting down and abandoning module CryptoKeysOpenSSL (318)
[2018.09.12-16.11.23:150][498]LogModuleManager: Shutting down and abandoning module CryptoKeys (316)
[2018.09.12-16.11.23:150][498]LogModuleManager: Shutting down and abandoning module VisualStudioSourceCodeAccess (314)
[2018.09.12-16.11.23:150][498]LogModuleManager: Shutting down and abandoning module VisualStudioCodeSourceCodeAccess (312)
[2018.09.12-16.11.23:150][498]LogModuleManager: Shutting down and abandoning module UObjectPlugin (310)
[2018.09.12-16.11.23:150][498]LogModuleManager: Shutting down and abandoning module SubversionSourceControl (308)
[2018.09.12-16.11.23:150][498]LogModuleManager: Shutting down and abandoning module PerforceSourceControl (306)
[2018.09.12-16.11.23:150][498]LogModuleManager: Shutting down and abandoning module GitSourceControl (304)
[2018.09.12-16.11.23:151][498]LogModuleManager: Shutting down and abandoning module SourceControl (303)
[2018.09.12-16.11.23:151][498]LogModuleManager: Shutting down and abandoning module CLionSourceCodeAccess (300)
[2018.09.12-16.11.23:151][498]LogModuleManager: Shutting down and abandoning module LightPropagationVolumeEditor (298)
[2018.09.12-16.11.23:151][498]LogModuleManager: Shutting down and abandoning module PaperTiledImporter (296)
[2018.09.12-16.11.23:151][498]LogModuleManager: Shutting down and abandoning module PaperSpriteSheetImporter (294)
[2018.09.12-16.11.23:151][498]LogModuleManager: Shutting down and abandoning module Paper2DEditor (292)
[2018.09.12-16.11.23:151][498]LogModuleManager: Shutting down and abandoning module MeshPaint (291)
[2018.09.12-16.11.23:152][498]LogModuleManager: Shutting down and abandoning module DarkReignsUE4 (288)
[2018.09.12-16.11.23:152][498]LogModuleManager: Shutting down and abandoning module RuntimePhysXCooking (286)
[2018.09.12-16.11.23:152][498]LogModuleManager: Shutting down and abandoning module PhysXVehiclesEditor (284)
[2018.09.12-16.11.23:152][498]LogModuleManager: Shutting down and abandoning module PhysXVehicles (282)
[2018.09.12-16.11.23:152][498]LogModuleManager: Shutting down and abandoning module OculusEditor (280)
[2018.09.12-16.11.23:152][498]LogModuleManager: Shutting down and abandoning module LocationServicesBPLibrary (278)
[2018.09.12-16.11.23:152][498]LogModuleManager: Shutting down and abandoning module ImmediatePhysicsEditor (276)
[2018.09.12-16.11.23:152][498]LogModuleManager: Shutting down and abandoning module ImmediatePhysics (274)
[2018.09.12-16.11.23:153][498]LogModuleManager: Shutting down and abandoning module ActorSequence (272)
[2018.09.12-16.11.23:153][498]LogModuleManager: Shutting down and abandoning module UdpMessaging (270)
[2018.09.12-16.11.23:255][498]LogModuleManager: Shutting down and abandoning module TcpMessaging (268)
[2018.09.12-16.11.23:355][498]LogModuleManager: Shutting down and abandoning module MagicLeapAudio (266)
[2018.09.12-16.11.23:355][498]LogModuleManager: Shutting down and abandoning module GameplayTagsEditor (264)
[2018.09.12-16.11.23:355][498]LogModuleManager: Shutting down and abandoning module FacialAnimationEditor (262)
[2018.09.12-16.11.23:355][498]LogModuleManager: Shutting down and abandoning module FacialAnimation (260)
[2018.09.12-16.11.23:355][498]LogModuleManager: Shutting down and abandoning module DataValidation (258)
[2018.09.12-16.11.23:356][498]LogModuleManager: Shutting down and abandoning module AssetManagerEditor (256)
[2018.09.12-16.11.23:356][498]LogModuleManager: Shutting down and abandoning module LevelEditor (255)
[2018.09.12-16.11.23:357][498]LogModuleManager: Shutting down and abandoning module PixelInspectorModule (254)
[2018.09.12-16.11.23:358][498]LogModuleManager: Shutting down and abandoning module CommonMenuExtensions (252)
[2018.09.12-16.11.23:358][498]LogModuleManager: Shutting down and abandoning module MainFrame (250)
[2018.09.12-16.11.23:358][498]LogModuleManager: Shutting down and abandoning module HotReload (249)
[2018.09.12-16.11.23:359][498]LogModuleManager: Shutting down and abandoning module ContentBrowser (245)
[2018.09.12-16.11.23:361][498]LogModuleManager: Shutting down and abandoning module TreeMap (243)
[2018.09.12-16.11.23:361][498]LogModuleManager: Shutting down and abandoning module LightPropagationVolumeRuntime (240)
[2018.09.12-16.11.23:361][498]LogModuleManager: Shutting down and abandoning module AISupportModule (238)
[2018.09.12-16.11.23:361][498]LogModuleManager: Shutting down and abandoning module Paper2D (236)
[2018.09.12-16.11.23:361][498]LogModuleManager: Shutting down and abandoning module WindowsMoviePlayer (234)
[2018.09.12-16.11.23:362][498]LogModuleManager: Shutting down and abandoning module WmfMedia (232)
[2018.09.12-16.11.23:366][498]LogModuleManager: Shutting down and abandoning module Media (231)
[2018.09.12-16.11.23:373][498]LogModuleManager: Shutting down and abandoning module PacketHandler (228)
[2018.09.12-16.11.23:374][498]LogModuleManager: Shutting down and abandoning module ClothingSystemEditor (226)
[2018.09.12-16.11.23:374][498]LogModuleManager: Shutting down and abandoning module ClothingSystemRuntime (224)
[2018.09.12-16.11.23:374][498]LogModuleManager: Shutting down and abandoning module MediaAssets (222)
[2018.09.12-16.11.23:374][498]LogModuleManager: Shutting down and abandoning module Overlay (220)
[2018.09.12-16.11.23:374][498]LogModuleManager: Shutting down and abandoning module OverlayEditor (219)
[2018.09.12-16.11.23:374][498]LogModuleManager: Shutting down and abandoning module VREditor (216)
[2018.09.12-16.11.23:374][498]LogModuleManager: Shutting down and abandoning module StringTableEditor (214)
[2018.09.12-16.11.23:374][498]LogModuleManager: Shutting down and abandoning module GameplayTasksEditor (212)
[2018.09.12-16.11.23:374][498]LogModuleManager: Shutting down and abandoning module BehaviorTreeEditor (210)
[2018.09.12-16.11.23:375][498]LogModuleManager: Shutting down and abandoning module FunctionalTesting (208)
[2018.09.12-16.11.23:375][498]LogModuleManager: Shutting down and abandoning module CollisionAnalyzer (206)
[2018.09.12-16.11.23:375][498]LogModuleManager: Shutting down and abandoning module WorkspaceMenuStructure (205)
[2018.09.12-16.11.23:375][498]LogModuleManager: Shutting down and abandoning module UMG (202)
[2018.09.12-16.11.23:375][498]LogModuleManager: Shutting down and abandoning module UMGEditor (201)
[2018.09.12-16.11.23:375][498]LogModuleManager: Shutting down and abandoning module Sequencer (200)
[2018.09.12-16.11.23:376][498]LogModuleManager: Shutting down and abandoning module MessageLog (197)
[2018.09.12-16.11.23:376][498]LogModuleManager: Shutting down and abandoning module SlateReflector (192)
[2018.09.12-16.11.23:376][498]LogModuleManager: Shutting down and abandoning module Slate (190)
[2018.09.12-16.11.23:376][498]LogModuleManager: Shutting down and abandoning module EditorStyle (188)
[2018.09.12-16.11.23:379][498]LogModuleManager: Shutting down and abandoning module MRMesh (186)
[2018.09.12-16.11.23:379][498]LogModuleManager: Shutting down and abandoning module SourceCodeAccess (184)
[2018.09.12-16.11.23:380][498]LogModuleManager: Shutting down and abandoning module HeadMountedDisplay (182)
[2018.09.12-16.11.23:380][498]LogModuleManager: Shutting down and abandoning module XAudio2 (180)
[2018.09.12-16.11.23:380][498]LogModuleManager: Shutting down and abandoning module Networking (178)
[2018.09.12-16.11.23:380][498]LogModuleManager: Shutting down and abandoning module Core (176)
[2018.09.12-16.11.23:380][498]LogModuleManager: Shutting down and abandoning module LevelSequence (174)
[2018.09.12-16.11.23:380][498]LogModuleManager: Shutting down and abandoning module KismetCompiler (172)
[2018.09.12-16.11.23:380][498]LogModuleManager: Shutting down and abandoning module MeshUtilities (170)
[2018.09.12-16.11.23:381][498]LogModuleManager: Shutting down and abandoning module MeshMergeUtilities (169)
[2018.09.12-16.11.23:381][498]LogModuleManager: Shutting down and abandoning module MeshReductionInterface (168)
[2018.09.12-16.11.23:381][498]LogModuleManager: Shutting down and abandoning module ProxyLODMeshReduction (167)
[2018.09.12-16.11.23:381][498]LogModuleManager: Shutting down and abandoning module QuadricMeshReduction (165)
[2018.09.12-16.11.23:381][498]LogModuleManager: Shutting down and abandoning module MaterialBaking (161)
[2018.09.12-16.11.23:381][498]LogModuleManager: Shutting down and abandoning module DirectoryWatcher (157)
[2018.09.12-16.11.23:381][498]LogModuleManager: Shutting down and abandoning module DerivedDataCache (154)
[2018.09.12-16.11.23:394][498]LogDerivedDataCache: Shutdown
[2018.09.12-16.11.23:394][498]LogModuleManager: Shutting down and abandoning module XGEController (152)
[2018.09.12-16.11.23:394][498]LogXGEController: Cleaning working directory: C:/Users/mweho/AppData/Local/Temp/UnrealXGEWorkingDir/
[2018.09.12-16.11.23:394][498]LogModuleManager: Shutting down and abandoning module TargetPlatform (150)
[2018.09.12-16.11.23:394][498]LogModuleManager: Shutting down and abandoning module VulkanShaderFormat (149)
[2018.09.12-16.11.23:394][498]LogModuleManager: Shutting down and abandoning module ShaderFormatVectorVM (147)
[2018.09.12-16.11.23:395][498]LogModuleManager: Shutting down and abandoning module ShaderFormatOpenGL (145)
[2018.09.12-16.11.23:395][498]LogModuleManager: Shutting down and abandoning module ShaderFormatD3D (143)
[2018.09.12-16.11.23:395][498]LogModuleManager: Shutting down and abandoning module MetalShaderFormat (141)
[2018.09.12-16.11.23:395][498]LogModuleManager: Shutting down and abandoning module TextureFormatUncompressed (139)
[2018.09.12-16.11.23:395][498]LogModuleManager: Shutting down and abandoning module TextureFormatPVR (137)
[2018.09.12-16.11.23:395][498]LogModuleManager: Shutting down and abandoning module TextureFormatDXT (135)
[2018.09.12-16.11.23:395][498]LogModuleManager: Shutting down and abandoning module TextureFormatIntelISPCTexComp (133)
[2018.09.12-16.11.23:397][498]LogModuleManager: Shutting down and abandoning module TextureFormatASTC (131)
[2018.09.12-16.11.23:397][498]LogModuleManager: Shutting down and abandoning module ImageWrapper (130)
[2018.09.12-16.11.23:398][498]LogModuleManager: Shutting down and abandoning module TextureFormatAndroid (127)
[2018.09.12-16.11.23:398][498]LogModuleManager: Shutting down and abandoning module AudioFormatOpus (125)
[2018.09.12-16.11.23:398][498]LogModuleManager: Shutting down and abandoning module AudioFormatOgg (123)
[2018.09.12-16.11.23:398][498]LogModuleManager: Shutting down and abandoning module AudioFormatADPCM (121)
[2018.09.12-16.11.23:398][498]LogModuleManager: Shutting down and abandoning module LuminTargetPlatform (119)
[2018.09.12-16.11.23:398][498]LogModuleManager: Shutting down and abandoning module TVOSTargetPlatform (117)
[2018.09.12-16.11.23:400][498]LogModuleManager: Shutting down and abandoning module Messaging (115)
[2018.09.12-16.11.23:400][498]LogModuleManager: Shutting down and abandoning module IOSTargetPlatform (113)
[2018.09.12-16.11.23:401][498]LogModuleManager: Shutting down and abandoning module HTML5TargetPlatform (111)
[2018.09.12-16.11.23:401][498]LogModuleManager: Shutting down and abandoning module AndroidTargetPlatform (109)
[2018.09.12-16.11.23:413][498]LogModuleManager: Shutting down and abandoning module WindowsTargetPlatform (107)
[2018.09.12-16.11.23:413][498]LogModuleManager: Shutting down and abandoning module WindowsServerTargetPlatform (105)
[2018.09.12-16.11.23:413][498]LogModuleManager: Shutting down and abandoning module WindowsNoEditorTargetPlatform (103)
[2018.09.12-16.11.23:413][498]LogModuleManager: Shutting down and abandoning module WindowsClientTargetPlatform (101)
[2018.09.12-16.11.23:413][498]LogModuleManager: Shutting down and abandoning module MacTargetPlatform (99)
[2018.09.12-16.11.23:414][498]LogModuleManager: Shutting down and abandoning module MacServerTargetPlatform (97)
[2018.09.12-16.11.23:415][498]LogModuleManager: Shutting down and abandoning module MacNoEditorTargetPlatform (95)
[2018.09.12-16.11.23:415][498]LogModuleManager: Shutting down and abandoning module MacClientTargetPlatform (93)
[2018.09.12-16.11.23:415][498]LogModuleManager: Shutting down and abandoning module AllDesktopTargetPlatform (91)
[2018.09.12-16.11.23:415][498]LogModuleManager: Shutting down and abandoning module InputCore (88)
[2018.09.12-16.11.23:416][498]LogModuleManager: Shutting down and abandoning module Settings (86)
[2018.09.12-16.11.23:416][498]LogModuleManager: Shutting down and abandoning module PhysXCooking (84)
[2018.09.12-16.11.23:416][498]LogModuleManager: Shutting down and abandoning module SteamVR (82)
[2018.09.12-16.11.23:416][498]LogModuleManager: Shutting down and abandoning module OculusHMD (80)
[2018.09.12-16.11.23:416][498]LogModuleManager: Shutting down and abandoning module ExampleDeviceProfileSelector (78)
[2018.09.12-16.11.23:416][498]LogModuleManager: Shutting down and abandoning module LauncherChunkInstaller (76)
[2018.09.12-16.11.23:416][498]LogModuleManager: Shutting down and abandoning module OnlineBlueprintSupport (74)
[2018.09.12-16.11.23:417][498]LogModuleManager: Shutting down and abandoning module OnlineSubsystem (70)
[2018.09.12-16.11.23:419][498]LogModuleManager: Shutting down and abandoning module XMPP (65)
[2018.09.12-16.11.23:420][498]LogModuleManager: Shutting down and abandoning module WebSockets (64)
[2018.09.12-16.11.23:444][498]LogModuleManager: Shutting down and abandoning module HTTP (61)
[2018.09.12-16.11.23:444][498]LogHttp: Display: Http module shutting down, but needs to wait on 1 outstanding Http requests:
[2018.09.12-16.11.23:444][498]LogHttp: Display: 	verb=[POST] url=[https://datarouter.ol.epicgames.com/datarouter/api/v1/public/data?SessionID=%7BE7A70892-4D5F-F8A0-B9C9-438777E234B0%7D&AppID=UEEditor.UnrealEngine.Release&AppVersion=4.20.2-0%2B%2B%2BUE4%2BRelease-4.20&UserID=e6bc4d9f48d0e6a523b390a2532f676e%7C0e0271186a514de5ac5da604ace860b8%7C1c750c41-bf05-459a-b479-afe66b03feec&AppEnvironment=datacollector-source&UploadType=eteventstream] status=Processing
[2018.09.12-16.11.23:453][498]LogModuleManager: Shutting down and abandoning module SSL (60)
[2018.09.12-16.11.23:455][498]LogModuleManager: Shutting down and abandoning module MagicLeapEmulator (56)
[2018.09.12-16.11.23:455][498]LogModuleManager: Shutting down and abandoning module MagicLeapPrivileges (54)
[2018.09.12-16.11.23:455][498]LogModuleManager: Shutting down and abandoning module MagicLeapIdentity (52)
[2018.09.12-16.11.23:455][498]LogModuleManager: Shutting down and abandoning module MagicLeapHelperVulkan (50)
[2018.09.12-16.11.23:455][498]LogModuleManager: Shutting down and abandoning module MagicLeapHelperOpenGL (48)
[2018.09.12-16.11.23:455][498]LogModuleManager: Shutting down and abandoning module MagicLeapSecureStorage (46)
[2018.09.12-16.11.23:456][498]LogModuleManager: Shutting down and abandoning module MagicLeapGestures (44)
[2018.09.12-16.11.23:456][498]LogModuleManager: Shutting down and abandoning module MagicLeapEyeTracker (42)
[2018.09.12-16.11.23:456][498]LogModuleManager: Shutting down and abandoning module MagicLeapController (40)
[2018.09.12-16.11.23:456][498]LogSlate: Slate User Destroyed.  User Index 0, Is Virtual User: 0
[2018.09.12-16.11.23:456][498]LogModuleManager: Shutting down and abandoning module MagicLeap (38)
[2018.09.12-16.11.23:456][498]LogModuleManager: Shutting down and abandoning module AnimationModifiers (36)
[2018.09.12-16.11.23:457][498]LogModuleManager: Shutting down and abandoning module PropertyEditor (35)
[2018.09.12-16.11.23:457][498]LogModuleManager: Shutting down and abandoning module AudioEditor (32)
[2018.09.12-16.11.23:457][498]LogModuleManager: Shutting down and abandoning module TextureCompressor (30)
[2018.09.12-16.11.23:460][498]LogModuleManager: Shutting down and abandoning module ShaderCore (28)
[2018.09.12-16.11.23:460][498]LogModuleManager: Shutting down and abandoning module Landscape (26)
[2018.09.12-16.11.23:460][498]LogModuleManager: Shutting down and abandoning module SlateRHIRenderer (24)
[2018.09.12-16.11.23:460][498]LogModuleManager: Shutting down and abandoning module OpenGLDrv (22)
[2018.09.12-16.11.23:460][498]LogModuleManager: Shutting down and abandoning module D3D11RHI (20)
[2018.09.12-16.11.23:460][498]LogModuleManager: Shutting down and abandoning module AnimGraphRuntime (18)
[2018.09.12-16.11.23:461][498]LogModuleManager: Shutting down and abandoning module Renderer (16)
[2018.09.12-16.11.23:461][498]LogModuleManager: Shutting down and abandoning module Engine (14)
[2018.09.12-16.11.23:461][498]LogModuleManager: Shutting down and abandoning module CoreUObject (12)
[2018.09.12-16.11.23:461][498]LogModuleManager: Shutting down and abandoning module NetworkFile (10)
[2018.09.12-16.11.23:461][498]LogModuleManager: Shutting down and abandoning module CookedIterativeFile (8)
[2018.09.12-16.11.23:461][498]LogModuleManager: Shutting down and abandoning module StreamingFile (6)
[2018.09.12-16.11.23:461][498]LogModuleManager: Shutting down and abandoning module SandboxFile (4)
[2018.09.12-16.11.23:461][498]LogModuleManager: Shutting down and abandoning module PakFile (2)
[2018.09.12-16.11.23:484][498]LogExit: Exiting.
[2018.09.12-16.11.23:490][498]Log file closed, 09/12/18 12:11:23
