Log file open, 09/13/18 09:55:09
LogWindows: Failed to load 'aqProf.dll' (GetLastError=126)
LogWindows: File 'aqProf.dll' does not exist
LogWindows: Failed to load 'VtuneApi.dll' (GetLastError=126)
LogWindows: File 'VtuneApi.dll' does not exist
LogWindows: Failed to load 'VtuneApi32e.dll' (GetLastError=126)
LogWindows: File 'VtuneApi32e.dll' does not exist
LogInit: Display: Running engine for game: DarkReignsUE4
LogPlatformFile: Not using cached read wrapper
LogTaskGraph: Started task graph with 5 named threads and 17 total threads with 3 sets of task threads.
LogStats: Stats thread started at 1.173937
LogD3D11RHI: Loaded GFSDK_Aftermath_Lib.x64.dll
LogICUInternationalization: Display: ICU TimeZone Detection - Raw Offset: -5:00, Platform Override: ''
LogPluginManager: Mounting plugin Paper2D
LogPluginManager: Mounting plugin AISupport
LogPluginManager: Mounting plugin LightPropagationVolume
LogPluginManager: Mounting plugin CLionSourceCodeAccess
LogPluginManager: Mounting plugin CodeLiteSourceCodeAccess
LogPluginManager: Mounting plugin GitSourceControl
LogPluginManager: Mounting plugin KDevelopSourceCodeAccess
LogPluginManager: Mounting plugin NullSourceCodeAccess
LogPluginManager: Mounting plugin PerforceSourceControl
LogPluginManager: Mounting plugin SubversionSourceControl
LogPluginManager: Mounting plugin UObjectPlugin
LogPluginManager: Mounting plugin VisualStudioCodeSourceCodeAccess
LogPluginManager: Mounting plugin VisualStudioSourceCodeAccess
LogPluginManager: Mounting plugin XCodeSourceCodeAccess
LogPluginManager: Mounting plugin AssetManagerEditor
LogPluginManager: Mounting plugin CryptoKeys
LogPluginManager: Mounting plugin DataValidation
LogPluginManager: Mounting plugin FacialAnimation
LogPluginManager: Mounting plugin GameplayTagsEditor
LogPluginManager: Mounting plugin MacGraphicsSwitching
LogPluginManager: Mounting plugin MeshEditor
LogPluginManager: Mounting plugin MobileLauncherProfileWizard
LogPluginManager: Mounting plugin PluginBrowser
LogPluginManager: Mounting plugin SpeedTreeImporter
LogPluginManager: Mounting plugin DatasmithContent
LogPluginManager: Mounting plugin AlembicImporter
LogPluginManager: Mounting plugin AppleImageUtils
LogPluginManager: Mounting plugin AppleVision
LogPluginManager: Mounting plugin BackChannel
LogPluginManager: Mounting plugin CharacterAI
LogPluginManager: Mounting plugin GeometryCache
LogPluginManager: Mounting plugin HTML5Networking
LogPluginManager: Mounting plugin ProxyLODPlugin
LogPluginManager: Mounting plugin MagicLeap
LogPluginManager: Mounting plugin MagicLeapEmulator
LogPluginManager: Mounting plugin MagicLeapMedia
LogPluginManager: Mounting plugin AndroidMedia
LogPluginManager: Mounting plugin AvfMedia
LogPluginManager: Mounting plugin ImgMedia
LogPluginManager: Mounting plugin LinearTimecode
LogPluginManager: Mounting plugin MediaCompositing
LogPluginManager: Mounting plugin MediaPlayerEditor
LogPluginManager: Mounting plugin WmfMedia
LogPluginManager: Mounting plugin TcpMessaging
LogPluginManager: Mounting plugin UdpMessaging
LogPluginManager: Mounting plugin ActorSequence
LogPluginManager: Mounting plugin LevelSequenceEditor
LogPluginManager: Mounting plugin MatineeToLevelSequence
LogPluginManager: Mounting plugin NetcodeUnitTest
LogPluginManager: Mounting plugin NUTUnrealEngine4
LogPluginManager: Mounting plugin OnlineSubsystemGooglePlay
LogPluginManager: Mounting plugin OnlineSubsystemIOS
LogPluginManager: Mounting plugin OnlineSubsystem
LogPluginManager: Mounting plugin OnlineSubsystemNull
LogPluginManager: Mounting plugin OnlineSubsystemUtils
LogPluginManager: Mounting plugin LauncherChunkInstaller
LogPluginManager: Mounting plugin AndroidDeviceProfileSelector
LogPluginManager: Mounting plugin AndroidMoviePlayer
LogPluginManager: Mounting plugin AndroidPermission
LogPluginManager: Mounting plugin AppleMoviePlayer
LogPluginManager: Mounting plugin ArchVisCharacter
LogPluginManager: Mounting plugin AudioCapture
LogPluginManager: Mounting plugin CableComponent
LogPluginManager: Mounting plugin CustomMeshComponent
LogPluginManager: Mounting plugin EditableMesh
LogPluginManager: Mounting plugin ExampleDeviceProfileSelector
LogPluginManager: Mounting plugin GoogleCloudMessaging
LogPluginManager: Mounting plugin ImmediatePhysics
LogPluginManager: Mounting plugin IOSDeviceProfileSelector
LogPluginManager: Mounting plugin LinuxDeviceProfileSelector
LogPluginManager: Mounting plugin LocationServicesBPLibrary
LogPluginManager: Mounting plugin MobilePatchingUtils
LogPluginManager: Mounting plugin OculusVR
LogPluginManager: Plugin shader directory ../../../Engine/Plugins/Runtime/Oculus/OculusVR/Shaders found
LogPluginManager: Mapping shader source directory ../../../Engine/Plugins/Runtime/Oculus/OculusVR/Shaders to virtual directory /Plugin/OculusVR
LogPluginManager: Mounting plugin PhysXVehicles
LogPluginManager: Mounting plugin ProceduralMeshComponent
LogPluginManager: Mounting plugin RuntimePhysXCooking
LogPluginManager: Mounting plugin SteamVR
LogPluginManager: Mounting plugin WindowsMoviePlayer
LogStreaming: Display: Took  0.292s to configure plugins.
LogInit: Using libcurl 7.55.1-DEV
LogInit:  - built for x86_64-pc-win32
LogInit:  - supports SSL with OpenSSL/1.0.2h
LogInit:  - supports HTTP deflate (compression) using libz 1.2.8
LogInit:  - other features:
LogInit:      CURL_VERSION_SSL
LogInit:      CURL_VERSION_LIBZ
LogInit:      CURL_VERSION_IPV6
LogInit:      CURL_VERSION_ASYNCHDNS
LogInit:      CURL_VERSION_LARGEFILE
LogInit:      CURL_VERSION_IDN
LogInit:  CurlRequestOptions (configurable via config and command line):
LogInit:  - bVerifyPeer = false  - Libcurl will NOT verify peer certificate
LogInit:  - bUseHttpProxy = false  - Libcurl will NOT use HTTP proxy
LogInit:  - bDontReuseConnections = false  - Libcurl will reuse connections
LogInit:  - CertBundlePath = nullptr  - Libcurl will use whatever was configured at build time.
LogInit:  - MaxHostConnections = 16  - Libcurl will limit the number of connections to a host
LogInit:  - LocalHostAddr = Default
LogInit:  - BufferSize = 65536
LogInit: WinSock: version 1.1 (2.2), MaxSocks=32767, MaxUdp=65467
LogInit: Build: ++UE4+Release-4.20-CL-0
LogInit: Engine Version: 4.20.2-0+++UE4+Release-4.20
LogInit: Compatible Engine Version: 4.20.0-0+++UE4+Release-4.20
LogInit: Net CL: 0
LogInit: OS: Windows 10 (), CPU: AMD FX(tm)-6100 Six-Core Processor             , GPU: NVIDIA GeForce GTX 980 Ti
LogInit: Compiled (64-bit): Sep 11 2018 13:28:24
LogInit: Compiled with Visual C++: 19.00.24215.01
LogInit: Build Configuration: Development
LogInit: Branch Name: ++UE4+Release-4.20
LogInit: Command Line:  -skipcompile
LogInit: Base Directory: C:/Users/mweho/OneDrive/Documents/GitHub/UnrealEngine/Engine/Binaries/Win64/
LogInit: Installed Engine Build: 0
LogDevObjectVersion: Number of dev versions registered: 20
LogDevObjectVersion:   Dev-Blueprints (B0D832E4-1F89-4F0D-ACCF-7EB736FD4AA2): 10
LogDevObjectVersion:   Dev-Build (E1C64328-A22C-4D53-A36C-8E866417BD8C): 0
LogDevObjectVersion:   Dev-Core (375EC13C-06E4-48FB-B500-84F0262A717E): 2
LogDevObjectVersion:   Dev-Editor (E4B068ED-F494-42E9-A231-DA0B2E46BB41): 24
LogDevObjectVersion:   Dev-Framework (CFFC743F-43B0-4480-9391-14DF171D2073): 34
LogDevObjectVersion:   Dev-Mobile (B02B49B5-BB20-44E9-A304-32B752E40360): 2
LogDevObjectVersion:   Dev-Networking (A4E4105C-59A1-49B5-A7C5-40C4547EDFEE): 0
LogDevObjectVersion:   Dev-Online (39C831C9-5AE6-47DC-9A44-9C173E1C8E7C): 0
LogDevObjectVersion:   Dev-Physics (78F01B33-EBEA-4F98-B9B4-84EACCB95AA2): 0
LogDevObjectVersion:   Dev-Platform (6631380F-2D4D-43E0-8009-CF276956A95A): 0
LogDevObjectVersion:   Dev-Rendering (12F88B9F-8875-4AFC-A67C-D90C383ABD29): 26
LogDevObjectVersion:   Dev-Sequencer (7B5AE74C-D270-4C10-A958-57980B212A5A): 9
LogDevObjectVersion:   Dev-VR (D7296918-1DD6-4BDD-9DE2-64A83CC13884): 2
LogDevObjectVersion:   Dev-LoadTimes (C2A15278-BFE7-4AFE-6C17-90FF531DF755): 1
LogDevObjectVersion:   Private-Geometry (6EACA3D4-40EC-4CC1-B786-8BED09428FC5): 3
LogDevObjectVersion:   Dev-AnimPhys (29E575DD-E0A3-4627-9D10-D276232CDCEA): 17
LogDevObjectVersion:   Dev-ReflectionCapture (6B266CEC-1EC7-4B8F-A30B-E4D90942FC07): 1
LogDevObjectVersion:   Dev-Automation (0DF73D61-A23F-47EA-B727-89E90C41499A): 1
LogDevObjectVersion:   FortniteMain (601D1886-AC64-4F84-AA16-D3DE0DEAC7D6): 12
LogDevObjectVersion:   Dev-Enterprise (9DFFBCD6-494F-0158-E221-12823C92A888): 1
LogStreaming: Display: Took  0.001s to delete old logs.
LogInit: Presizing for max 8388607 objects, including 0 objects not considered by GC, pre-allocating 0 bytes for permanent pool.
LogInit: Object subsystem initialized
[2018.09.13-13.55.11:582][  0]LogInit: Selected Device Profile: [Windows]
[2018.09.13-13.55.11:584][  0]LogInit: Applying CVar settings loaded from the selected device profile: [Windows]
[2018.09.13-13.55.11:632][  0]LogHAL: Display: Platform has ~ 16 GB [17123700736 / 17179869184 / 16], which maps to Larger [LargestMinGB=32, LargerMinGB=12, DefaultMinGB=8, SmallerMinGB=6, SmallestMinGB=0)
[2018.09.13-13.55.11:634][  0]LogInit: Setting Device Profile CVar: [[r.Vulkan.UseRealUBs:1]]
[2018.09.13-13.55.11:635][  0]LogInit: Going up to parent DeviceProfile []
[2018.09.13-13.55.11:646][  0]LogInit: Computer: DESKTOP-OQCNDUT
[2018.09.13-13.55.11:647][  0]LogInit: User: mweho
[2018.09.13-13.55.11:647][  0]LogInit: CPU Page size=4096, Cores=3
[2018.09.13-13.55.11:647][  0]LogInit: High frequency timer resolution =3.233473 MHz
[2018.09.13-13.55.11:648][  0]LogMemory: Memory total: Physical=15.9GB (16GB approx)
[2018.09.13-13.55.11:648][  0]LogMemory: Platform Memory Stats for Windows
[2018.09.13-13.55.11:648][  0]LogMemory: Process Physical Memory: 101.32 MB used, 101.32 MB peak
[2018.09.13-13.55.11:649][  0]LogMemory: Process Virtual Memory: 91.54 MB used, 91.54 MB peak
[2018.09.13-13.55.11:649][  0]LogMemory: Physical Memory: 6035.61 MB used,  10294.82 MB free, 16330.43 MB total
[2018.09.13-13.55.11:649][  0]LogMemory: Virtual Memory: 4634.82 MB used,  10294.82 MB free, 134217728.00 MB total
[2018.09.13-13.55.12:084][  0]LogInit: Using OS detected language (en-US).
[2018.09.13-13.55.12:084][  0]LogInit: Using OS detected locale (en-US).
[2018.09.13-13.55.12:088][  0]LogTextLocalizationManager: No specific localization for 'en-US' exists, so the 'en' localization will be used.
[2018.09.13-13.55.12:907][  0]LogStreaming: Display: Took  0.822s to InitEngineTextLocalization.
[2018.09.13-13.55.12:908][  0]LogInit: Setting process to per monitor DPI aware
[2018.09.13-13.55.13:077][  0]LogSlate: New Slate User Created.  User Index 0, Is Virtual User: 0
[2018.09.13-13.55.13:077][  0]LogSlate: Slate User Registered.  User Index 0, Is Virtual User: 0
[2018.09.13-13.55.17:174][  0]LogHMD: Failed to initialize OpenVR with code 110
[2018.09.13-13.55.17:174][  0]LogD3D11RHI: D3D11 adapters:
[2018.09.13-13.55.17:273][  0]LogD3D11RHI:    0. 'NVIDIA GeForce GTX 980 Ti' (Feature Level 11_0)
[2018.09.13-13.55.17:273][  0]LogD3D11RHI:       6103/0/8165 MB DedicatedVideo/DedicatedSystem/SharedSystem, Outputs:2, VendorId:0x10de
[2018.09.13-13.55.17:281][  0]LogD3D11RHI:    1. 'Microsoft Basic Render Driver' (Feature Level 11_0)
[2018.09.13-13.55.17:281][  0]LogD3D11RHI:       0/0/8165 MB DedicatedVideo/DedicatedSystem/SharedSystem, Outputs:0, VendorId:0x1414
[2018.09.13-13.55.17:281][  0]LogD3D11RHI: Chosen D3D11 Adapter: 0
[2018.09.13-13.55.17:293][  0]LogD3D11RHI: Creating new Direct3DDevice
[2018.09.13-13.55.17:293][  0]LogD3D11RHI:     GPU DeviceId: 0x17c8 (for the marketing name, search the web for "GPU Device Id")
[2018.09.13-13.55.17:293][  0]LogWindows: EnumDisplayDevices:
[2018.09.13-13.55.17:293][  0]LogWindows:    0. 'NVIDIA GeForce GTX 980 Ti' (P:1 D:1)
[2018.09.13-13.55.17:294][  0]LogWindows:    1. 'NVIDIA GeForce GTX 980 Ti' (P:0 D:1)
[2018.09.13-13.55.17:295][  0]LogWindows:    2. 'NVIDIA GeForce GTX 980 Ti' (P:0 D:0)
[2018.09.13-13.55.17:295][  0]LogWindows:    3. 'NVIDIA GeForce GTX 980 Ti' (P:0 D:0)
[2018.09.13-13.55.17:295][  0]LogWindows: DebugString: FoundDriverCount:4 
[2018.09.13-13.55.17:295][  0]LogD3D11RHI:     Adapter Name: NVIDIA GeForce GTX 980 Ti
[2018.09.13-13.55.17:296][  0]LogD3D11RHI:   Driver Version: 388.13 (internal:23.21.13.8813, unified:388.13)
[2018.09.13-13.55.17:296][  0]LogD3D11RHI:      Driver Date: 10-27-2017
[2018.09.13-13.55.17:296][  0]LogRHI: Texture pool is 4272 MB (70% of 6103 MB)
[2018.09.13-13.55.17:363][  0]LogD3D11RHI: Async texture creation enabled
[2018.09.13-13.55.17:389][  0]LogD3D11RHI: GPU Timing Frequency: 1000.000000 (Debug: 2 1)
[2018.09.13-13.55.17:444][  0]LogShaderCompilers: Guid format shader working directory is 7 characters bigger than the processId version (../../../../DarkReignsUE4/DarkReignsUE4/Intermediate/Shaders/WorkingDirectory/5776/).
[2018.09.13-13.55.17:445][  0]LogShaderCompilers: Cleaned the shader compiler working directory 'C:/Users/mweho/AppData/Local/Temp/UnrealShaderWorkingDir/FFE63E824B46824C712A12B6FB6F6668/'.
[2018.09.13-13.55.17:858][  0]LogTemp: Display: Loaded TP AllDesktopTargetPlatform
[2018.09.13-13.55.17:915][  0]LogTemp: Display: Loaded TP MacClientTargetPlatform
[2018.09.13-13.55.17:968][  0]LogTemp: Display: Loaded TP MacNoEditorTargetPlatform
[2018.09.13-13.55.18:019][  0]LogTemp: Display: Loaded TP MacServerTargetPlatform
[2018.09.13-13.55.18:083][  0]LogTemp: Display: Loaded TP MacTargetPlatform
[2018.09.13-13.55.18:142][  0]LogTemp: Display: Loaded TP WindowsClientTargetPlatform
[2018.09.13-13.55.18:200][  0]LogTemp: Display: Loaded TP WindowsNoEditorTargetPlatform
[2018.09.13-13.55.18:256][  0]LogTemp: Display: Loaded TP WindowsServerTargetPlatform
[2018.09.13-13.55.18:301][  0]LogTemp: Display: Loaded TP WindowsTargetPlatform
[2018.09.13-13.55.18:470][  0]LogTemp: Display: Loaded TP AndroidTargetPlatform
[2018.09.13-13.55.18:471][  0]LogTemp: Display: Loaded TP AndroidTargetPlatform
[2018.09.13-13.55.18:471][  0]LogTemp: Display: Loaded TP AndroidTargetPlatform
[2018.09.13-13.55.18:471][  0]LogTemp: Display: Loaded TP AndroidTargetPlatform
[2018.09.13-13.55.18:471][  0]LogTemp: Display: Loaded TP AndroidTargetPlatform
[2018.09.13-13.55.18:471][  0]LogTemp: Display: Loaded TP AndroidTargetPlatform
[2018.09.13-13.55.18:471][  0]LogTemp: Display: Loaded TP AndroidTargetPlatform
[2018.09.13-13.55.18:471][  0]LogTemp: Display: Loaded TP AndroidTargetPlatform
[2018.09.13-13.55.18:471][  0]LogTemp: Display: Loaded TP AndroidTargetPlatform
[2018.09.13-13.55.18:471][  0]LogTemp: Display: Loaded TP AndroidTargetPlatform
[2018.09.13-13.55.18:471][  0]LogTemp: Display: Loaded TP AndroidTargetPlatform
[2018.09.13-13.55.18:471][  0]LogTemp: Display: Loaded TP AndroidTargetPlatform
[2018.09.13-13.55.18:472][  0]LogTemp: Display: Loaded TP AndroidTargetPlatform
[2018.09.13-13.55.18:472][  0]LogTemp: Display: Loaded TP AndroidTargetPlatform
[2018.09.13-13.55.18:472][  0]LogTemp: Display: Loaded TP AndroidTargetPlatform
[2018.09.13-13.55.18:472][  0]LogTemp: Display: Loaded TP AndroidTargetPlatform
[2018.09.13-13.55.18:472][  0]LogTemp: Display: Loaded TP AndroidTargetPlatform
[2018.09.13-13.55.18:472][  0]LogTemp: Display: Loaded TP AndroidTargetPlatform
[2018.09.13-13.55.18:507][  0]LogTemp: Display: Loaded TP HTML5TargetPlatform
[2018.09.13-13.55.18:696][  0]LogTemp: Display: Loaded TP IOSTargetPlatform
[2018.09.13-13.55.18:696][  0]LogTemp: Display: Loaded TP IOSTargetPlatform
[2018.09.13-13.55.18:768][  0]LogTemp: Display: Loaded TP TVOSTargetPlatform
[2018.09.13-13.55.18:768][  0]LogTemp: Display: Loaded TP TVOSTargetPlatform
[2018.09.13-13.55.18:817][  0]LogTemp: Display: Loaded TP LuminTargetPlatform
[2018.09.13-13.55.18:817][  0]LogTargetPlatformManager: Display: Building Assets For Windows
[2018.09.13-13.55.19:578][  0]LogXGEController: Cleaning working directory: C:/Users/mweho/AppData/Local/Temp/UnrealXGEWorkingDir/
[2018.09.13-13.55.19:579][  0]LogXGEController: Cannot use XGE Controller as Incredibuild is not installed on this machine.
[2018.09.13-13.55.19:579][  0]LogShaderCompilers: Cannot use XGE Shader Compiler as Incredibuild is not installed on this machine.
[2018.09.13-13.55.19:579][  0]LogShaderCompilers: Display: Using Local Shader Compiler.
[2018.09.13-13.55.23:273][  0]LogDerivedDataCache: Display: Max Cache Size: 512 MB
[2018.09.13-13.55.23:414][  0]LogDerivedDataCache: Loaded boot cache 0.14s 71MB ../../../../DarkReignsUE4/DarkReignsUE4/DerivedDataCache/Boot.ddc.
[2018.09.13-13.55.23:415][  0]LogDerivedDataCache: Display: Loaded Boot cache: ../../../../DarkReignsUE4/DarkReignsUE4/DerivedDataCache/Boot.ddc
[2018.09.13-13.55.23:416][  0]LogDerivedDataCache: FDerivedDataBackendGraph:  Pak pak cache file ../../../../DarkReignsUE4/DarkReignsUE4/DerivedDataCache/DDC.ddp not found, will not use a pak cache.
[2018.09.13-13.55.23:416][  0]LogDerivedDataCache: Unable to find inner node Pak for hierarchical cache Hierarchy.
[2018.09.13-13.55.23:417][  0]LogDerivedDataCache: FDerivedDataBackendGraph:  EnginePak pak cache file ../../../Engine/DerivedDataCache/DDC.ddp not found, will not use a pak cache.
[2018.09.13-13.55.23:417][  0]LogDerivedDataCache: Unable to find inner node EnginePak for hierarchical cache Hierarchy.
[2018.09.13-13.55.23:432][  0]LogDerivedDataCache: Using Local data cache path ../../../Engine/DerivedDataCache: Writable
[2018.09.13-13.55.23:432][  0]LogDerivedDataCache: Shared data cache path not found in *engine.ini, will not use an Shared cache.
[2018.09.13-13.55.23:433][  0]LogDerivedDataCache: Unable to find inner node Shared for hierarchical cache Hierarchy.
[2018.09.13-13.55.23:475][  0]LogMaterial: Verifying Global Shaders for PCD3D_SM5
[2018.09.13-13.55.23:481][  0]LogSlate: Using FreeType 2.6.0
[2018.09.13-13.55.23:512][  0]LogSlate: SlateFontServices - WITH_FREETYPE: 1, WITH_HARFBUZZ: 1
[2018.09.13-13.55.23:951][  0]LogAssetRegistry: FAssetRegistry took 0.0351 seconds to start up
[2018.09.13-13.55.24:716][  0]LogInit: Selected Device Profile: [Windows]
[2018.09.13-13.55.25:484][  0]LogMeshReduction: Using ProxyLODMeshReduction for automatic mesh merging
[2018.09.13-13.55.25:485][  0]LogMeshReduction: Using QuadricMeshReduction for automatic static mesh reduction
[2018.09.13-13.55.25:485][  0]LogMeshReduction: No automatic skeletal mesh reduction module available
[2018.09.13-13.55.25:485][  0]LogMeshReduction: No distributed automatic mesh merging module available
[2018.09.13-13.55.25:486][  0]LogMeshMerging: No distributed automatic mesh merging module available
[2018.09.13-13.55.25:568][  0]LogNetVersion: DarkReignsUE4 1.0.0, NetCL: 0, EngineNetVer: 5, GameNetVer: 0 (Checksum: 1745145432)
[2018.09.13-13.55.27:621][  0]LogPackageLocalizationCache: Processed 11 localized package path(s) for 2 prioritized culture(s) in 0.222279 seconds
[2018.09.13-13.55.27:635][  0]LogUObjectArray: 38381 objects as part of root set at end of initial load.
[2018.09.13-13.55.27:635][  0]LogUObjectAllocator: 6683936 out of 0 bytes used by permanent object pool.
[2018.09.13-13.55.27:635][  0]LogUObjectArray: CloseDisregardForGC: 0/0 objects in disregard for GC pool
[2018.09.13-13.55.31:219][  0]LogStreaming: Warning: Failed to read file '../../../Engine/Content/Editor/Slate/Launcher/Mac/Platform_Mac_24x.png' error.
[2018.09.13-13.55.31:219][  0]LogSlate: Could not find file for Slate resource: ../../../Engine/Content/Editor/Slate/Launcher/Mac/Platform_Mac_24x.png
[2018.09.13-13.55.31:219][  0]LogStreaming: Warning: Failed to read file '../../../Engine/Content/Editor/Slate/Launcher/Mac/Platform_Mac_128x.png' error.
[2018.09.13-13.55.31:219][  0]LogSlate: Could not find file for Slate resource: ../../../Engine/Content/Editor/Slate/Launcher/Mac/Platform_Mac_128x.png
[2018.09.13-13.55.31:219][  0]LogStreaming: Warning: Failed to read file '../../../Engine/Content/Editor/Slate/Launcher/Mac/Platform_Mac_128x.png' error.
[2018.09.13-13.55.31:219][  0]LogSlate: Could not find file for Slate resource: ../../../Engine/Content/Editor/Slate/Launcher/Mac/Platform_Mac_128x.png
[2018.09.13-13.55.31:219][  0]LogStreaming: Warning: Failed to read file '../../../Engine/Content/Editor/Slate/Launcher/Mac/Platform_Mac_24x.png' error.
[2018.09.13-13.55.31:220][  0]LogSlate: Could not find file for Slate resource: ../../../Engine/Content/Editor/Slate/Launcher/Mac/Platform_Mac_24x.png
[2018.09.13-13.55.31:220][  0]LogStreaming: Warning: Failed to read file '../../../Engine/Content/Editor/Slate/Launcher/Mac/Platform_Mac_128x.png' error.
[2018.09.13-13.55.31:220][  0]LogSlate: Could not find file for Slate resource: ../../../Engine/Content/Editor/Slate/Launcher/Mac/Platform_Mac_128x.png
[2018.09.13-13.55.31:220][  0]LogStreaming: Warning: Failed to read file '../../../Engine/Content/Editor/Slate/Launcher/Mac/Platform_Mac_128x.png' error.
[2018.09.13-13.55.31:220][  0]LogSlate: Could not find file for Slate resource: ../../../Engine/Content/Editor/Slate/Launcher/Mac/Platform_Mac_128x.png
[2018.09.13-13.55.31:220][  0]LogStreaming: Warning: Failed to read file '../../../Engine/Content/Editor/Slate/Launcher/Mac/Platform_Mac_24x.png' error.
[2018.09.13-13.55.31:220][  0]LogSlate: Could not find file for Slate resource: ../../../Engine/Content/Editor/Slate/Launcher/Mac/Platform_Mac_24x.png
[2018.09.13-13.55.31:220][  0]LogStreaming: Warning: Failed to read file '../../../Engine/Content/Editor/Slate/Launcher/Mac/Platform_Mac_128x.png' error.
[2018.09.13-13.55.31:221][  0]LogSlate: Could not find file for Slate resource: ../../../Engine/Content/Editor/Slate/Launcher/Mac/Platform_Mac_128x.png
[2018.09.13-13.55.31:221][  0]LogStreaming: Warning: Failed to read file '../../../Engine/Content/Editor/Slate/Launcher/Mac/Platform_Mac_128x.png' error.
[2018.09.13-13.55.31:221][  0]LogSlate: Could not find file for Slate resource: ../../../Engine/Content/Editor/Slate/Launcher/Mac/Platform_Mac_128x.png
[2018.09.13-13.55.31:221][  0]LogStreaming: Warning: Failed to read file '../../../Engine/Content/Editor/Slate/Launcher/Mac/Platform_Mac_24x.png' error.
[2018.09.13-13.55.31:221][  0]LogSlate: Could not find file for Slate resource: ../../../Engine/Content/Editor/Slate/Launcher/Mac/Platform_Mac_24x.png
[2018.09.13-13.55.31:221][  0]LogStreaming: Warning: Failed to read file '../../../Engine/Content/Editor/Slate/Launcher/Mac/Platform_Mac_128x.png' error.
[2018.09.13-13.55.31:221][  0]LogSlate: Could not find file for Slate resource: ../../../Engine/Content/Editor/Slate/Launcher/Mac/Platform_Mac_128x.png
[2018.09.13-13.55.31:221][  0]LogStreaming: Warning: Failed to read file '../../../Engine/Content/Editor/Slate/Launcher/Mac/Platform_Mac_128x.png' error.
[2018.09.13-13.55.31:222][  0]LogSlate: Could not find file for Slate resource: ../../../Engine/Content/Editor/Slate/Launcher/Mac/Platform_Mac_128x.png
[2018.09.13-13.55.31:222][  0]LogStreaming: Warning: Failed to read file '../../../Engine/Content/Editor/Slate/Launcher/Linux/Platform_Linux_24x.png' error.
[2018.09.13-13.55.31:222][  0]LogSlate: Could not find file for Slate resource: ../../../Engine/Content/Editor/Slate/Launcher/Linux/Platform_Linux_24x.png
[2018.09.13-13.55.31:222][  0]LogStreaming: Warning: Failed to read file '../../../Engine/Content/Editor/Slate/Launcher/Linux/Platform_Linux_128x.png' error.
[2018.09.13-13.55.31:222][  0]LogSlate: Could not find file for Slate resource: ../../../Engine/Content/Editor/Slate/Launcher/Linux/Platform_Linux_128x.png
[2018.09.13-13.55.31:222][  0]LogStreaming: Warning: Failed to read file '../../../Engine/Content/Editor/Slate/Launcher/Linux/Platform_Linux_128x.png' error.
[2018.09.13-13.55.31:222][  0]LogSlate: Could not find file for Slate resource: ../../../Engine/Content/Editor/Slate/Launcher/Linux/Platform_Linux_128x.png
[2018.09.13-13.55.31:223][  0]LogStreaming: Warning: Failed to read file '../../../Engine/Content/Editor/Slate/Launcher/Linux/Platform_Linux_24x.png' error.
[2018.09.13-13.55.31:223][  0]LogSlate: Could not find file for Slate resource: ../../../Engine/Content/Editor/Slate/Launcher/Linux/Platform_Linux_24x.png
[2018.09.13-13.55.31:223][  0]LogStreaming: Warning: Failed to read file '../../../Engine/Content/Editor/Slate/Launcher/Linux/Platform_Linux_128x.png' error.
[2018.09.13-13.55.31:223][  0]LogSlate: Could not find file for Slate resource: ../../../Engine/Content/Editor/Slate/Launcher/Linux/Platform_Linux_128x.png
[2018.09.13-13.55.31:223][  0]LogStreaming: Warning: Failed to read file '../../../Engine/Content/Editor/Slate/Launcher/Linux/Platform_Linux_128x.png' error.
[2018.09.13-13.55.31:223][  0]LogSlate: Could not find file for Slate resource: ../../../Engine/Content/Editor/Slate/Launcher/Linux/Platform_Linux_128x.png
[2018.09.13-13.55.31:223][  0]LogStreaming: Warning: Failed to read file '../../../Engine/Content/Editor/Slate/Launcher/Linux/Platform_Linux_24x.png' error.
[2018.09.13-13.55.31:223][  0]LogSlate: Could not find file for Slate resource: ../../../Engine/Content/Editor/Slate/Launcher/Linux/Platform_Linux_24x.png
[2018.09.13-13.55.31:224][  0]LogStreaming: Warning: Failed to read file '../../../Engine/Content/Editor/Slate/Launcher/Linux/Platform_Linux_128x.png' error.
[2018.09.13-13.55.31:224][  0]LogSlate: Could not find file for Slate resource: ../../../Engine/Content/Editor/Slate/Launcher/Linux/Platform_Linux_128x.png
[2018.09.13-13.55.31:224][  0]LogStreaming: Warning: Failed to read file '../../../Engine/Content/Editor/Slate/Launcher/Linux/Platform_Linux_128x.png' error.
[2018.09.13-13.55.31:224][  0]LogSlate: Could not find file for Slate resource: ../../../Engine/Content/Editor/Slate/Launcher/Linux/Platform_Linux_128x.png
[2018.09.13-13.55.31:224][  0]LogStreaming: Warning: Failed to read file '../../../Engine/Content/Editor/Slate/Launcher/Linux/Platform_Linux_24x.png' error.
[2018.09.13-13.55.31:224][  0]LogSlate: Could not find file for Slate resource: ../../../Engine/Content/Editor/Slate/Launcher/Linux/Platform_Linux_24x.png
[2018.09.13-13.55.31:224][  0]LogStreaming: Warning: Failed to read file '../../../Engine/Content/Editor/Slate/Launcher/Linux/Platform_Linux_128x.png' error.
[2018.09.13-13.55.31:224][  0]LogSlate: Could not find file for Slate resource: ../../../Engine/Content/Editor/Slate/Launcher/Linux/Platform_Linux_128x.png
[2018.09.13-13.55.31:225][  0]LogStreaming: Warning: Failed to read file '../../../Engine/Content/Editor/Slate/Launcher/Linux/Platform_Linux_128x.png' error.
[2018.09.13-13.55.31:225][  0]LogSlate: Could not find file for Slate resource: ../../../Engine/Content/Editor/Slate/Launcher/Linux/Platform_Linux_128x.png
[2018.09.13-13.55.31:229][  0]LogStreaming: Warning: Failed to read file '../../../Engine/Content/Editor/Slate/Launcher/Android/Platform_Android_24x.png' error.
[2018.09.13-13.55.31:230][  0]LogSlate: Could not find file for Slate resource: ../../../Engine/Content/Editor/Slate/Launcher/Android/Platform_Android_24x.png
[2018.09.13-13.55.31:230][  0]LogStreaming: Warning: Failed to read file '../../../Engine/Content/Editor/Slate/Launcher/Android/Platform_Android_128x.png' error.
[2018.09.13-13.55.31:230][  0]LogSlate: Could not find file for Slate resource: ../../../Engine/Content/Editor/Slate/Launcher/Android/Platform_Android_128x.png
[2018.09.13-13.55.31:230][  0]LogStreaming: Warning: Failed to read file '../../../Engine/Content/Editor/Slate/Launcher/Android/Platform_Android_128x.png' error.
[2018.09.13-13.55.31:230][  0]LogSlate: Could not find file for Slate resource: ../../../Engine/Content/Editor/Slate/Launcher/Android/Platform_Android_128x.png
[2018.09.13-13.55.31:231][  0]LogStreaming: Warning: Failed to read file '../../../Engine/Content/Editor/Slate/Launcher/Android/Platform_Android_24x.png' error.
[2018.09.13-13.55.31:231][  0]LogSlate: Could not find file for Slate resource: ../../../Engine/Content/Editor/Slate/Launcher/Android/Platform_Android_24x.png
[2018.09.13-13.55.31:231][  0]LogStreaming: Warning: Failed to read file '../../../Engine/Content/Editor/Slate/Launcher/Android/Platform_Android_128x.png' error.
[2018.09.13-13.55.31:231][  0]LogSlate: Could not find file for Slate resource: ../../../Engine/Content/Editor/Slate/Launcher/Android/Platform_Android_128x.png
[2018.09.13-13.55.31:231][  0]LogStreaming: Warning: Failed to read file '../../../Engine/Content/Editor/Slate/Launcher/Android/Platform_Android_128x.png' error.
[2018.09.13-13.55.31:231][  0]LogSlate: Could not find file for Slate resource: ../../../Engine/Content/Editor/Slate/Launcher/Android/Platform_Android_128x.png
[2018.09.13-13.55.31:232][  0]LogStreaming: Warning: Failed to read file '../../../Engine/Content/Editor/Slate/Launcher/Android/Platform_Android_ATC_24x.png' error.
[2018.09.13-13.55.31:232][  0]LogSlate: Could not find file for Slate resource: ../../../Engine/Content/Editor/Slate/Launcher/Android/Platform_Android_ATC_24x.png
[2018.09.13-13.55.31:232][  0]LogStreaming: Warning: Failed to read file '../../../Engine/Content/Editor/Slate/Launcher/Android/Platform_Android_128x.png' error.
[2018.09.13-13.55.31:232][  0]LogSlate: Could not find file for Slate resource: ../../../Engine/Content/Editor/Slate/Launcher/Android/Platform_Android_128x.png
[2018.09.13-13.55.31:232][  0]LogStreaming: Warning: Failed to read file '../../../Engine/Content/Editor/Slate/Launcher/Android/Platform_Android_128x.png' error.
[2018.09.13-13.55.31:232][  0]LogSlate: Could not find file for Slate resource: ../../../Engine/Content/Editor/Slate/Launcher/Android/Platform_Android_128x.png
[2018.09.13-13.55.31:233][  0]LogStreaming: Warning: Failed to read file '../../../Engine/Content/Editor/Slate/Launcher/Android/Platform_Android_DXT_24x.png' error.
[2018.09.13-13.55.31:233][  0]LogSlate: Could not find file for Slate resource: ../../../Engine/Content/Editor/Slate/Launcher/Android/Platform_Android_DXT_24x.png
[2018.09.13-13.55.31:233][  0]LogStreaming: Warning: Failed to read file '../../../Engine/Content/Editor/Slate/Launcher/Android/Platform_Android_128x.png' error.
[2018.09.13-13.55.31:233][  0]LogSlate: Could not find file for Slate resource: ../../../Engine/Content/Editor/Slate/Launcher/Android/Platform_Android_128x.png
[2018.09.13-13.55.31:233][  0]LogStreaming: Warning: Failed to read file '../../../Engine/Content/Editor/Slate/Launcher/Android/Platform_Android_128x.png' error.
[2018.09.13-13.55.31:233][  0]LogSlate: Could not find file for Slate resource: ../../../Engine/Content/Editor/Slate/Launcher/Android/Platform_Android_128x.png
[2018.09.13-13.55.31:233][  0]LogStreaming: Warning: Failed to read file '../../../Engine/Content/Editor/Slate/Launcher/Android/Platform_Android_ETC1_24x.png' error.
[2018.09.13-13.55.31:233][  0]LogSlate: Could not find file for Slate resource: ../../../Engine/Content/Editor/Slate/Launcher/Android/Platform_Android_ETC1_24x.png
[2018.09.13-13.55.31:234][  0]LogStreaming: Warning: Failed to read file '../../../Engine/Content/Editor/Slate/Launcher/Android/Platform_Android_128x.png' error.
[2018.09.13-13.55.31:234][  0]LogSlate: Could not find file for Slate resource: ../../../Engine/Content/Editor/Slate/Launcher/Android/Platform_Android_128x.png
[2018.09.13-13.55.31:234][  0]LogStreaming: Warning: Failed to read file '../../../Engine/Content/Editor/Slate/Launcher/Android/Platform_Android_128x.png' error.
[2018.09.13-13.55.31:234][  0]LogSlate: Could not find file for Slate resource: ../../../Engine/Content/Editor/Slate/Launcher/Android/Platform_Android_128x.png
[2018.09.13-13.55.31:234][  0]LogStreaming: Warning: Failed to read file '../../../Engine/Content/Editor/Slate/Launcher/Android/Platform_Android_ETC1_24x.png' error.
[2018.09.13-13.55.31:234][  0]LogSlate: Could not find file for Slate resource: ../../../Engine/Content/Editor/Slate/Launcher/Android/Platform_Android_ETC1_24x.png
[2018.09.13-13.55.31:235][  0]LogStreaming: Warning: Failed to read file '../../../Engine/Content/Editor/Slate/Launcher/Android/Platform_Android_128x.png' error.
[2018.09.13-13.55.31:235][  0]LogSlate: Could not find file for Slate resource: ../../../Engine/Content/Editor/Slate/Launcher/Android/Platform_Android_128x.png
[2018.09.13-13.55.31:236][  0]LogStreaming: Warning: Failed to read file '../../../Engine/Content/Editor/Slate/Launcher/Android/Platform_Android_128x.png' error.
[2018.09.13-13.55.31:236][  0]LogSlate: Could not find file for Slate resource: ../../../Engine/Content/Editor/Slate/Launcher/Android/Platform_Android_128x.png
[2018.09.13-13.55.31:236][  0]LogStreaming: Warning: Failed to read file '../../../Engine/Content/Editor/Slate/Launcher/Android/Platform_Android_ETC2_24x.png' error.
[2018.09.13-13.55.31:237][  0]LogSlate: Could not find file for Slate resource: ../../../Engine/Content/Editor/Slate/Launcher/Android/Platform_Android_ETC2_24x.png
[2018.09.13-13.55.31:237][  0]LogStreaming: Warning: Failed to read file '../../../Engine/Content/Editor/Slate/Launcher/Android/Platform_Android_128x.png' error.
[2018.09.13-13.55.31:237][  0]LogSlate: Could not find file for Slate resource: ../../../Engine/Content/Editor/Slate/Launcher/Android/Platform_Android_128x.png
[2018.09.13-13.55.31:237][  0]LogStreaming: Warning: Failed to read file '../../../Engine/Content/Editor/Slate/Launcher/Android/Platform_Android_128x.png' error.
[2018.09.13-13.55.31:237][  0]LogSlate: Could not find file for Slate resource: ../../../Engine/Content/Editor/Slate/Launcher/Android/Platform_Android_128x.png
[2018.09.13-13.55.31:237][  0]LogStreaming: Warning: Failed to read file '../../../Engine/Content/Editor/Slate/Launcher/Android/Platform_Android_PVRTC_24x.png' error.
[2018.09.13-13.55.31:237][  0]LogSlate: Could not find file for Slate resource: ../../../Engine/Content/Editor/Slate/Launcher/Android/Platform_Android_PVRTC_24x.png
[2018.09.13-13.55.31:238][  0]LogStreaming: Warning: Failed to read file '../../../Engine/Content/Editor/Slate/Launcher/Android/Platform_Android_128x.png' error.
[2018.09.13-13.55.31:238][  0]LogSlate: Could not find file for Slate resource: ../../../Engine/Content/Editor/Slate/Launcher/Android/Platform_Android_128x.png
[2018.09.13-13.55.31:238][  0]LogStreaming: Warning: Failed to read file '../../../Engine/Content/Editor/Slate/Launcher/Android/Platform_Android_128x.png' error.
[2018.09.13-13.55.31:238][  0]LogSlate: Could not find file for Slate resource: ../../../Engine/Content/Editor/Slate/Launcher/Android/Platform_Android_128x.png
[2018.09.13-13.55.31:238][  0]LogStreaming: Warning: Failed to read file '../../../Engine/Content/Editor/Slate/Launcher/Android/Platform_Android_ASTC_24x.png' error.
[2018.09.13-13.55.31:239][  0]LogSlate: Could not find file for Slate resource: ../../../Engine/Content/Editor/Slate/Launcher/Android/Platform_Android_ASTC_24x.png
[2018.09.13-13.55.31:239][  0]LogStreaming: Warning: Failed to read file '../../../Engine/Content/Editor/Slate/Launcher/Android/Platform_Android_128x.png' error.
[2018.09.13-13.55.31:239][  0]LogSlate: Could not find file for Slate resource: ../../../Engine/Content/Editor/Slate/Launcher/Android/Platform_Android_128x.png
[2018.09.13-13.55.31:240][  0]LogStreaming: Warning: Failed to read file '../../../Engine/Content/Editor/Slate/Launcher/Android/Platform_Android_128x.png' error.
[2018.09.13-13.55.31:240][  0]LogSlate: Could not find file for Slate resource: ../../../Engine/Content/Editor/Slate/Launcher/Android/Platform_Android_128x.png
[2018.09.13-13.55.31:240][  0]LogStreaming: Warning: Failed to read file '../../../Engine/Content/Editor/Slate/Launcher/Android/Platform_Android_24x.png' error.
[2018.09.13-13.55.31:240][  0]LogSlate: Could not find file for Slate resource: ../../../Engine/Content/Editor/Slate/Launcher/Android/Platform_Android_24x.png
[2018.09.13-13.55.31:240][  0]LogStreaming: Warning: Failed to read file '../../../Engine/Content/Editor/Slate/Launcher/Android/Platform_Android_128x.png' error.
[2018.09.13-13.55.31:240][  0]LogSlate: Could not find file for Slate resource: ../../../Engine/Content/Editor/Slate/Launcher/Android/Platform_Android_128x.png
[2018.09.13-13.55.31:241][  0]LogStreaming: Warning: Failed to read file '../../../Engine/Content/Editor/Slate/Launcher/Android/Platform_Android_128x.png' error.
[2018.09.13-13.55.31:241][  0]LogSlate: Could not find file for Slate resource: ../../../Engine/Content/Editor/Slate/Launcher/Android/Platform_Android_128x.png
[2018.09.13-13.55.31:241][  0]LogStreaming: Warning: Failed to read file '../../../Engine/Content/Editor/Slate/Launcher/Android/Platform_Android_24x.png' error.
[2018.09.13-13.55.31:241][  0]LogSlate: Could not find file for Slate resource: ../../../Engine/Content/Editor/Slate/Launcher/Android/Platform_Android_24x.png
[2018.09.13-13.55.31:241][  0]LogStreaming: Warning: Failed to read file '../../../Engine/Content/Editor/Slate/Launcher/Android/Platform_Android_128x.png' error.
[2018.09.13-13.55.31:241][  0]LogSlate: Could not find file for Slate resource: ../../../Engine/Content/Editor/Slate/Launcher/Android/Platform_Android_128x.png
[2018.09.13-13.55.31:241][  0]LogStreaming: Warning: Failed to read file '../../../Engine/Content/Editor/Slate/Launcher/Android/Platform_Android_128x.png' error.
[2018.09.13-13.55.31:241][  0]LogSlate: Could not find file for Slate resource: ../../../Engine/Content/Editor/Slate/Launcher/Android/Platform_Android_128x.png
[2018.09.13-13.55.31:242][  0]LogStreaming: Warning: Failed to read file '../../../Engine/Content/Editor/Slate/Launcher/Android/Platform_Android_ATC_24x.png' error.
[2018.09.13-13.55.31:242][  0]LogSlate: Could not find file for Slate resource: ../../../Engine/Content/Editor/Slate/Launcher/Android/Platform_Android_ATC_24x.png
[2018.09.13-13.55.31:242][  0]LogStreaming: Warning: Failed to read file '../../../Engine/Content/Editor/Slate/Launcher/Android/Platform_Android_128x.png' error.
[2018.09.13-13.55.31:242][  0]LogSlate: Could not find file for Slate resource: ../../../Engine/Content/Editor/Slate/Launcher/Android/Platform_Android_128x.png
[2018.09.13-13.55.31:242][  0]LogStreaming: Warning: Failed to read file '../../../Engine/Content/Editor/Slate/Launcher/Android/Platform_Android_128x.png' error.
[2018.09.13-13.55.31:242][  0]LogSlate: Could not find file for Slate resource: ../../../Engine/Content/Editor/Slate/Launcher/Android/Platform_Android_128x.png
[2018.09.13-13.55.31:242][  0]LogStreaming: Warning: Failed to read file '../../../Engine/Content/Editor/Slate/Launcher/Android/Platform_Android_DXT_24x.png' error.
[2018.09.13-13.55.31:243][  0]LogSlate: Could not find file for Slate resource: ../../../Engine/Content/Editor/Slate/Launcher/Android/Platform_Android_DXT_24x.png
[2018.09.13-13.55.31:243][  0]LogStreaming: Warning: Failed to read file '../../../Engine/Content/Editor/Slate/Launcher/Android/Platform_Android_128x.png' error.
[2018.09.13-13.55.31:243][  0]LogSlate: Could not find file for Slate resource: ../../../Engine/Content/Editor/Slate/Launcher/Android/Platform_Android_128x.png
[2018.09.13-13.55.31:243][  0]LogStreaming: Warning: Failed to read file '../../../Engine/Content/Editor/Slate/Launcher/Android/Platform_Android_128x.png' error.
[2018.09.13-13.55.31:243][  0]LogSlate: Could not find file for Slate resource: ../../../Engine/Content/Editor/Slate/Launcher/Android/Platform_Android_128x.png
[2018.09.13-13.55.31:243][  0]LogStreaming: Warning: Failed to read file '../../../Engine/Content/Editor/Slate/Launcher/Android/Platform_Android_ETC1_24x.png' error.
[2018.09.13-13.55.31:243][  0]LogSlate: Could not find file for Slate resource: ../../../Engine/Content/Editor/Slate/Launcher/Android/Platform_Android_ETC1_24x.png
[2018.09.13-13.55.31:243][  0]LogStreaming: Warning: Failed to read file '../../../Engine/Content/Editor/Slate/Launcher/Android/Platform_Android_128x.png' error.
[2018.09.13-13.55.31:243][  0]LogSlate: Could not find file for Slate resource: ../../../Engine/Content/Editor/Slate/Launcher/Android/Platform_Android_128x.png
[2018.09.13-13.55.31:244][  0]LogStreaming: Warning: Failed to read file '../../../Engine/Content/Editor/Slate/Launcher/Android/Platform_Android_128x.png' error.
[2018.09.13-13.55.31:244][  0]LogSlate: Could not find file for Slate resource: ../../../Engine/Content/Editor/Slate/Launcher/Android/Platform_Android_128x.png
[2018.09.13-13.55.31:244][  0]LogStreaming: Warning: Failed to read file '../../../Engine/Content/Editor/Slate/Launcher/Android/Platform_Android_ETC1_24x.png' error.
[2018.09.13-13.55.31:244][  0]LogSlate: Could not find file for Slate resource: ../../../Engine/Content/Editor/Slate/Launcher/Android/Platform_Android_ETC1_24x.png
[2018.09.13-13.55.31:244][  0]LogStreaming: Warning: Failed to read file '../../../Engine/Content/Editor/Slate/Launcher/Android/Platform_Android_128x.png' error.
[2018.09.13-13.55.31:244][  0]LogSlate: Could not find file for Slate resource: ../../../Engine/Content/Editor/Slate/Launcher/Android/Platform_Android_128x.png
[2018.09.13-13.55.31:244][  0]LogStreaming: Warning: Failed to read file '../../../Engine/Content/Editor/Slate/Launcher/Android/Platform_Android_128x.png' error.
[2018.09.13-13.55.31:244][  0]LogSlate: Could not find file for Slate resource: ../../../Engine/Content/Editor/Slate/Launcher/Android/Platform_Android_128x.png
[2018.09.13-13.55.31:245][  0]LogStreaming: Warning: Failed to read file '../../../Engine/Content/Editor/Slate/Launcher/Android/Platform_Android_ETC2_24x.png' error.
[2018.09.13-13.55.31:245][  0]LogSlate: Could not find file for Slate resource: ../../../Engine/Content/Editor/Slate/Launcher/Android/Platform_Android_ETC2_24x.png
[2018.09.13-13.55.31:245][  0]LogStreaming: Warning: Failed to read file '../../../Engine/Content/Editor/Slate/Launcher/Android/Platform_Android_128x.png' error.
[2018.09.13-13.55.31:245][  0]LogSlate: Could not find file for Slate resource: ../../../Engine/Content/Editor/Slate/Launcher/Android/Platform_Android_128x.png
[2018.09.13-13.55.31:245][  0]LogStreaming: Warning: Failed to read file '../../../Engine/Content/Editor/Slate/Launcher/Android/Platform_Android_128x.png' error.
[2018.09.13-13.55.31:245][  0]LogSlate: Could not find file for Slate resource: ../../../Engine/Content/Editor/Slate/Launcher/Android/Platform_Android_128x.png
[2018.09.13-13.55.31:245][  0]LogStreaming: Warning: Failed to read file '../../../Engine/Content/Editor/Slate/Launcher/Android/Platform_Android_PVRTC_24x.png' error.
[2018.09.13-13.55.31:246][  0]LogSlate: Could not find file for Slate resource: ../../../Engine/Content/Editor/Slate/Launcher/Android/Platform_Android_PVRTC_24x.png
[2018.09.13-13.55.31:246][  0]LogStreaming: Warning: Failed to read file '../../../Engine/Content/Editor/Slate/Launcher/Android/Platform_Android_128x.png' error.
[2018.09.13-13.55.31:246][  0]LogSlate: Could not find file for Slate resource: ../../../Engine/Content/Editor/Slate/Launcher/Android/Platform_Android_128x.png
[2018.09.13-13.55.31:246][  0]LogStreaming: Warning: Failed to read file '../../../Engine/Content/Editor/Slate/Launcher/Android/Platform_Android_128x.png' error.
[2018.09.13-13.55.31:246][  0]LogSlate: Could not find file for Slate resource: ../../../Engine/Content/Editor/Slate/Launcher/Android/Platform_Android_128x.png
[2018.09.13-13.55.31:246][  0]LogStreaming: Warning: Failed to read file '../../../Engine/Content/Editor/Slate/Launcher/Android/Platform_Android_ASTC_24x.png' error.
[2018.09.13-13.55.31:247][  0]LogSlate: Could not find file for Slate resource: ../../../Engine/Content/Editor/Slate/Launcher/Android/Platform_Android_ASTC_24x.png
[2018.09.13-13.55.31:247][  0]LogStreaming: Warning: Failed to read file '../../../Engine/Content/Editor/Slate/Launcher/Android/Platform_Android_128x.png' error.
[2018.09.13-13.55.31:247][  0]LogSlate: Could not find file for Slate resource: ../../../Engine/Content/Editor/Slate/Launcher/Android/Platform_Android_128x.png
[2018.09.13-13.55.31:247][  0]LogStreaming: Warning: Failed to read file '../../../Engine/Content/Editor/Slate/Launcher/Android/Platform_Android_128x.png' error.
[2018.09.13-13.55.31:247][  0]LogSlate: Could not find file for Slate resource: ../../../Engine/Content/Editor/Slate/Launcher/Android/Platform_Android_128x.png
[2018.09.13-13.55.34:132][  0]LogTcpMessaging: Initializing TcpMessaging bridge
[2018.09.13-13.55.34:181][  0]LogUdpMessaging: Initializing bridge on interface 0.0.0.0:0 to multicast group 230.0.0.1:6666.
[2018.09.13-13.55.35:151][  0]SourceControl: Source control is disabled
[2018.09.13-13.55.35:151][  0]SourceControl: Source control is disabled
[2018.09.13-13.55.35:208][  0]SourceControl: Source control is disabled
[2018.09.13-13.55.35:243][  0]SourceControl: Source control is disabled
[2018.09.13-13.55.36:776][  0]LogAndroidPermission: UAndroidPermissionCallbackProxy::GetInstance
[2018.09.13-13.55.37:219][  0]LogOcInput: OculusInput pre-init called
[2018.09.13-13.55.37:536][  0]LogEngine: Initializing Engine...
[2018.09.13-13.55.37:538][  0]LogHMD: Failed to initialize OpenVR with code 110
[2018.09.13-13.55.37:542][  0]LogStats: UGameplayTagsManager::ConstructGameplayTagTree: ImportINI prefixes -  0.000 s
[2018.09.13-13.55.37:542][  0]LogStats: UGameplayTagsManager::ConstructGameplayTagTree: Construct from data asset -  0.000 s
[2018.09.13-13.55.37:542][  0]LogStats: UGameplayTagsManager::ConstructGameplayTagTree: ImportINI -  0.000 s
[2018.09.13-13.55.37:543][  0]LogStats: UGameplayTagsManager::ConstructGameplayTagTree: GameplayTagTreeChangedEvent.Broadcast -  0.000 s
[2018.09.13-13.55.38:263][  0]LogInit: Initializing FReadOnlyCVARCache
[2018.09.13-13.55.38:342][  0]LogAIModule: Creating AISystem for world Untitled
[2018.09.13-13.55.38:398][  0]LogInit: XAudio2 using 'Speakers (High Definition Audio Device)' : 2 channels at 48 kHz using 16 bits per sample (channel mask 0x3)
[2018.09.13-13.55.38:438][  0]LogInit: FAudioDevice initialized.
[2018.09.13-13.55.38:439][  0]LogNetVersion: Set ProjectVersion to 1.0.0.0. Version Checksum will be recalculated on next use.
[2018.09.13-13.55.38:557][  0]LogDerivedDataCache: Saved boot cache 0.12s 71MB ../../../../DarkReignsUE4/DarkReignsUE4/DerivedDataCache/Boot.ddc.
[2018.09.13-13.55.38:583][  0]LogInit: Texture streaming: Enabled
[2018.09.13-13.55.38:749][  0]LogEngineSessionManager: EngineSessionManager initialized
[2018.09.13-13.55.38:804][  0]LogInit: Transaction tracking system initialized
[2018.09.13-13.55.39:058][  0]BlueprintLog: New page: Editor Load
[2018.09.13-13.55.40:104][  0]LocalizationService: Localization service is disabled
[2018.09.13-13.55.41:909][  0]LogCook: Display: Max memory allowance for cook 16384mb min free memory 0mb
[2018.09.13-13.55.41:910][  0]LogCook: Display: Mobile HDR setting 1
[2018.09.13-13.55.41:910][  0]LogGameplayTags: Display: UGameplayTagsManager::DoneAddingNativeTags. DelegateIsBound: 0
[2018.09.13-13.55.41:910][  0]LogStats: UGameplayTagsManager::ConstructGameplayTagTree: ImportINI prefixes -  0.000 s
[2018.09.13-13.55.41:910][  0]LogStats: UGameplayTagsManager::ConstructGameplayTagTree: Construct from data asset -  0.000 s
[2018.09.13-13.55.41:911][  0]LogStats: UGameplayTagsManager::ConstructGameplayTagTree: ImportINI -  0.000 s
[2018.09.13-13.55.41:911][  0]LogStats: UGameplayTagsManager::ConstructGameplayTagTree: GameplayTagTreeChangedEvent.Broadcast -  0.000 s
[2018.09.13-13.55.42:781][  0]LogFileCache: Scanning file cache for directory 'C:/Users/mweho/OneDrive/Documents/GitHub/DarkReignsUE4/DarkReignsUE4/Content/' took 0.02s
[2018.09.13-13.55.43:373][  0]SourceControl: Source control is disabled
[2018.09.13-13.55.43:374][  0]Cmd: MAP LOAD FILE="../../../../DarkReignsUE4/DarkReignsUE4/Content/2DSideScrollerCPP/Maps/2DSideScrollerExampleMap.umap" TEMPLATE=0 SHOWPROGRESS=1 FEATURELEVEL=3
[2018.09.13-13.55.43:382][  0]LightingResults: New page: Lighting Build
[2018.09.13-13.55.43:391][  0]MapCheck: New page: Map Check
[2018.09.13-13.55.43:391][  0]LightingResults: New page: Lighting Build
[2018.09.13-13.55.43:958][  0]LogAIModule: Creating AISystem for world 2DSideScrollerExampleMap
[2018.09.13-13.55.43:979][  0]LogEditorServer: Finished looking for orphan Actors (0.000 secs)
[2018.09.13-13.55.44:064][  0]Cmd: MAP CHECKDEP NOCLEARLOG
[2018.09.13-13.55.44:205][  0]MapCheck: Map check complete: 0 Error(s), 0 Warning(s), took 140.672ms to complete.
[2018.09.13-13.55.44:205][  0]LogFileHelpers: Loading map '2DSideScrollerExampleMap' took 0.832
[2018.09.13-13.55.44:441][  0]LogSlate: Updating window title bar state: overlay mode, drag disabled, window buttons hidden, title bar hidden
[2018.09.13-13.55.44:456][  0]LogSlate: Updating window title bar state: overlay mode, drag disabled, window buttons hidden, title bar hidden
[2018.09.13-13.55.44:471][  0]LogSlate: Updating window title bar state: overlay mode, drag disabled, window buttons hidden, title bar hidden
[2018.09.13-13.55.44:485][  0]LogSlate: Updating window title bar state: overlay mode, drag disabled, window buttons hidden, title bar hidden
[2018.09.13-13.55.44:533][  0]LogCollectionManager: Loaded 0 collections in 0.004037 seconds
[2018.09.13-13.55.44:604][  0]LogFileCache: Scanning file cache for directory 'C:/Users/mweho/OneDrive/Documents/GitHub/DarkReignsUE4/DarkReignsUE4/Saved/Collections/' took 0.01s
[2018.09.13-13.55.44:605][  0]LogFileCache: Scanning file cache for directory 'C:/Users/mweho/OneDrive/Documents/GitHub/DarkReignsUE4/DarkReignsUE4/Content/Developers/mweho/Collections/' took 0.01s
[2018.09.13-13.55.44:605][  0]LogFileCache: Scanning file cache for directory 'C:/Users/mweho/OneDrive/Documents/GitHub/DarkReignsUE4/DarkReignsUE4/Content/Collections/' took 0.01s
[2018.09.13-13.55.44:605][  0]LogCollectionManager: Rebuilt the GUID cache for 0 collections in 0.000000 seconds
[2018.09.13-13.55.44:630][  0]LogContentBrowser: Native class hierarchy populated in 0.0240 seconds. Added 2573 classes and 603 folders.
[2018.09.13-13.55.44:645][  0]LogContentBrowser: Native class hierarchy updated for 'WidgetCarousel' in 0.0005 seconds. Added 0 classes and 0 folders.
[2018.09.13-13.55.45:227][  0]LogContentBrowser: Native class hierarchy updated for 'AddContentDialog' in 0.0007 seconds. Added 0 classes and 0 folders.
[2018.09.13-13.55.45:278][  0]LogContentBrowser: Native class hierarchy updated for 'SceneOutliner' in 0.0006 seconds. Added 1 classes and 2 folders.
[2018.09.13-13.55.45:340][  0]LogSlate: Took 0.010870 seconds to synchronously load lazily loaded font '../../../Engine/Content/Slate/Fonts/Roboto-Regular.ttf' (155K)
[2018.09.13-13.55.45:351][  0]LogSlate: Took 0.006930 seconds to synchronously load lazily loaded font '../../../Engine/Content/Slate/Fonts/Roboto-Bold.ttf' (160K)
[2018.09.13-13.55.45:370][  0]LogSlate: Took 0.008764 seconds to synchronously load lazily loaded font '../../../Engine/Content/Editor/Slate/Fonts/FontAwesome.ttf' (139K)
[2018.09.13-13.55.45:668][  0]LogRenderer: Reallocating scene render targets to support 1208x576 Format 10 NumSamples 1 (Frame:1).
[2018.09.13-13.55.45:758][  0]LogSlate: Took 0.008177 seconds to synchronously load lazily loaded font '../../../Engine/Content/Slate/Fonts/Roboto-Light.ttf' (167K)
[2018.09.13-13.55.45:914][  0]LogContentBrowser: Native class hierarchy updated for 'HierarchicalLODOutliner' in 0.0006 seconds. Added 0 classes and 0 folders.
[2018.09.13-13.55.45:915][  0]LogLoad: (Engine Initialization) Total time: 40.72 seconds
[2018.09.13-13.55.45:915][  0]LogLoad: (Engine Initialization) Total Blueprint compile time: 0.00 seconds
[2018.09.13-13.55.45:961][  0]LogContentStreaming: Texture pool size now 1000 MB
[2018.09.13-13.55.46:085][  2]LogAssetRegistry: Asset discovery search completed in 22.1597 seconds
[2018.09.13-13.55.46:089][  2]LogCollectionManager: Rebuilt the object cache for 0 collections in 0.000011 seconds (found 0 objects)
[2018.09.13-13.55.46:089][  2]LogCollectionManager: Fixed up redirectors for 0 collections in 0.000237 seconds (updated 0 objects)
[2018.09.13-14.07.17:900][ 62]LogSlate: FSceneViewport::OnFocusLost() reason 0
[2018.09.13-14.07.19:320][ 62]LogTexture: Display: Building textures: CameraActor_64x (BGRA8, 64X64)
[2018.09.13-14.07.19:320][ 62]LogTexture: Display: Building textures: BlueprintInterface_64x (BGRA8, 64X64)
[2018.09.13-14.07.19:321][ 62]LogTexture: Display: Building textures: BlueprintMacroLibrary_64x (BGRA8, 64X64)
[2018.09.13-14.07.19:321][ 62]LogTexture: Display: Building textures: IOS (BGRA8, 64X64)
[2018.09.13-14.07.19:321][ 62]LogTexture: Display: Building textures: android_Icon (BGRA8, 64X64)
[2018.09.13-14.07.19:321][ 62]LogTexture: Display: Building textures: Paper2DFlipbook_TutorialIcon (BGRA8, 64X64)
[2018.09.13-14.07.19:321][ 62]LogSlate: Window 'Tutorials' being destroyed
[2018.09.13-16.07.13:783][119]LogEditorViewport: Clicking on Actor (context menu): PaperSpriteActor (Background_Sprite)
[2018.09.13-16.07.13:926][119]LogSlate: FSceneViewport::OnFocusLost() reason 2
[2018.09.13-16.07.14:797][177]LogEditorViewport: Clicking on Actor (LMB): PaperSpriteActor (Background_Sprite)
[2018.09.13-16.07.19:892][666]LogEditorViewport: Clicking on Actor (LMB): PaperSpriteActor (Background_Sprite)
[2018.09.13-16.09.27:724][212]LogSlate: FSceneViewport::OnFocusLost() reason 2
[2018.09.13-16.12.37:584][ 13]LogEditorViewport: Clicking on Actor (LMB): BP_2DSideScrollerCharacter_C (TP_2DSideScrollerCharacter)
[2018.09.13-16.12.39:501][134]LogSlate: Took 0.007920 seconds to synchronously load lazily loaded font '../../../Engine/Content/Slate/Fonts/Roboto-Italic.ttf' (157K)
[2018.09.13-16.12.40:985][235]LogSlate: FSceneViewport::OnFocusLost() reason 0
[2018.09.13-16.12.41:898][302]LogEditorViewport: Clicking on Actor (LMB): PaperSpriteActor (Background_Sprite)
[2018.09.13-16.12.45:584][651]LogEditorViewport: Clicking on Actor (LMB): BP_2DSideScrollerCharacter_C (TP_2DSideScrollerCharacter)
[2018.09.13-16.12.59:973][692]LogSlate: FSceneViewport::OnFocusLost() reason 0
[2018.09.13-16.13.23:264][361]LogSlate: Took 0.000432 seconds to synchronously load lazily loaded font '../../../Engine/Content/Slate/Fonts/Roboto-Light.ttf' (167K)
[2018.09.13-16.13.23:277][361]LogAssetEditorManager: Opening Asset editor for Class /Script/DarkReignsUE4.DarkReignsUE4Character
[2018.09.13-16.13.24:889][361]LogVSAccessor: Warning: Couldn't goto line number '1' in 'C:/Users/mweho/OneDrive/Documents/GitHub/DarkReignsUE4/DarkReignsUE4/Source/DarkReignsUE4/DarkReignsUE4Character.h'
[2018.09.13-16.13.25:112][361]LogVSAccessor: Warning: Couldn't goto line number '1' in 'C:/Users/mweho/OneDrive/Documents/GitHub/DarkReignsUE4/DarkReignsUE4/Source/DarkReignsUE4/DarkReignsUE4Character.cpp'
[2018.09.13-17.02.13:184][992]LogSlate: Window 'DarkReignsUE4 - Unreal Editor' being destroyed
[2018.09.13-17.02.13:523][993]Cmd: QUIT_EDITOR
[2018.09.13-17.02.13:559][993]LogWindowsTextInputMethodSystem: Display: IME system now deactivated.
[2018.09.13-17.02.13:588][993]LogExit: Preparing to exit.
[2018.09.13-17.02.14:001][993]LogExit: Editor shut down
[2018.09.13-17.02.14:002][993]LogExit: Transaction tracking system shut down
[2018.09.13-17.02.14:397][993]LogExit: Object subsystem successfully closed.
[2018.09.13-17.02.14:448][993]LogShaderCompilers: Display: Shaders left to compile 0
[2018.09.13-17.02.14:454][993]LogD3D11RHI: Shutdown
[2018.09.13-17.02.14:454][993]LogD3D11RHI: CleanupD3DDevice
[2018.09.13-17.02.14:457][993]LogD3D11RHI: ~FD3D11DynamicRHI
[2018.09.13-17.02.14:502][993]LogModuleManager: Shutting down and abandoning module HierarchicalLODOutliner (600)
[2018.09.13-17.02.14:502][993]LogModuleManager: Shutting down and abandoning module SceneOutliner (598)
[2018.09.13-17.02.14:502][993]LogModuleManager: Shutting down and abandoning module AddContentDialog (596)
[2018.09.13-17.02.14:503][993]LogModuleManager: Shutting down and abandoning module WidgetCarousel (595)
[2018.09.13-17.02.14:503][993]LogModuleManager: Shutting down and abandoning module EditorWidgets (592)
[2018.09.13-17.02.14:503][993]LogModuleManager: Shutting down and abandoning module CollectionManager (590)
[2018.09.13-17.02.14:504][993]LogModuleManager: Shutting down and abandoning module StatsViewer (588)
[2018.09.13-17.02.14:504][993]LogModuleManager: Shutting down and abandoning module FoliageEdit (586)
[2018.09.13-17.02.14:504][993]LogModuleManager: Shutting down and abandoning module LandscapeEditor (584)
[2018.09.13-17.02.14:505][993]LogModuleManager: Shutting down and abandoning module MeshPaintMode (582)
[2018.09.13-17.02.14:505][993]LogModuleManager: Shutting down and abandoning module SceneDepthPickerMode (580)
[2018.09.13-17.02.14:505][993]LogModuleManager: Shutting down and abandoning module ActorPickerMode (578)
[2018.09.13-17.02.14:505][993]LogModuleManager: Shutting down and abandoning module GeometryMode (576)
[2018.09.13-17.02.14:506][993]LogModuleManager: Shutting down and abandoning module TextureAlignMode (574)
[2018.09.13-17.02.14:506][993]LogModuleManager: Shutting down and abandoning module BspMode (572)
[2018.09.13-17.02.14:506][993]LogModuleManager: Shutting down and abandoning module PIEPreviewDeviceProfileSelector (570)
[2018.09.13-17.02.14:506][993]LogModuleManager: Shutting down and abandoning module SequenceRecorderSections (568)
[2018.09.13-17.02.14:506][993]LogModuleManager: Shutting down and abandoning module AutomationWorker (566)
[2018.09.13-17.02.14:507][993]LogModuleManager: Shutting down and abandoning module AudioCaptureEditor (564)
[2018.09.13-17.02.14:507][993]LogModuleManager: Shutting down and abandoning module SequenceRecorder (563)
[2018.09.13-17.02.14:507][993]LogModuleManager: Shutting down and abandoning module MatineeToLevelSequence (560)
[2018.09.13-17.02.14:507][993]LogModuleManager: Shutting down and abandoning module LevelSequenceEditor (558)
[2018.09.13-17.02.14:508][993]LogModuleManager: Shutting down and abandoning module PlacementMode (557)
[2018.09.13-17.02.14:508][993]LogModuleManager: Shutting down and abandoning module MaterialEditor (556)
[2018.09.13-17.02.14:510][993]LogModuleManager: Shutting down and abandoning module WmfMediaFactory (552)
[2018.09.13-17.02.14:510][993]LogModuleManager: Shutting down and abandoning module WmfMediaEditor (550)
[2018.09.13-17.02.14:510][993]LogModuleManager: Shutting down and abandoning module MediaPlayerEditor (548)
[2018.09.13-17.02.14:510][993]LogModuleManager: Shutting down and abandoning module OpenExrWrapper (546)
[2018.09.13-17.02.14:511][993]LogModuleManager: Shutting down and abandoning module ImgMediaFactory (544)
[2018.09.13-17.02.14:511][993]LogModuleManager: Shutting down and abandoning module ImgMediaEditor (542)
[2018.09.13-17.02.14:511][993]LogModuleManager: Shutting down and abandoning module AvfMediaFactory (540)
[2018.09.13-17.02.14:511][993]LogModuleManager: Shutting down and abandoning module AvfMediaEditor (538)
[2018.09.13-17.02.14:511][993]LogModuleManager: Shutting down and abandoning module AndroidMediaFactory (536)
[2018.09.13-17.02.14:511][993]LogModuleManager: Shutting down and abandoning module AndroidMediaEditor (534)
[2018.09.13-17.02.14:511][993]LogModuleManager: Shutting down and abandoning module MagicLeapCameraPreviewFactory (532)
[2018.09.13-17.02.14:511][993]LogModuleManager: Shutting down and abandoning module MagicLeapMediaFactory (530)
[2018.09.13-17.02.14:512][993]LogModuleManager: Shutting down and abandoning module MagicLeapMediaEditor (528)
[2018.09.13-17.02.14:512][993]LogModuleManager: Shutting down and abandoning module CharacterAI (526)
[2018.09.13-17.02.14:512][993]LogModuleManager: Shutting down and abandoning module SmartSnapping (524)
[2018.09.13-17.02.14:512][993]LogModuleManager: Shutting down and abandoning module SessionServices (522)
[2018.09.13-17.02.14:512][993]LogModuleManager: Shutting down and abandoning module ViewportSnapping (520)
[2018.09.13-17.02.14:512][993]LogModuleManager: Shutting down and abandoning module ViewportInteraction (518)
[2018.09.13-17.02.14:512][993]LogModuleManager: Shutting down and abandoning module ClothPainter (516)
[2018.09.13-17.02.14:512][993]LogModuleManager: Shutting down and abandoning module SkeletalMeshEditor (515)
[2018.09.13-17.02.14:513][993]LogModuleManager: Shutting down and abandoning module LogVisualizer (512)
[2018.09.13-17.02.14:513][993]LogModuleManager: Shutting down and abandoning module IntroTutorials (510)
[2018.09.13-17.02.14:514][993]LogModuleManager: Shutting down and abandoning module GameProjectGeneration (509)
[2018.09.13-17.02.14:514][993]LogModuleManager: Shutting down and abandoning module LuminPlatformEditor (506)
[2018.09.13-17.02.14:514][993]LogModuleManager: Shutting down and abandoning module IOSPlatformEditor (504)
[2018.09.13-17.02.14:514][993]LogModuleManager: Shutting down and abandoning module HTML5PlatformEditor (502)
[2018.09.13-17.02.14:514][993]LogModuleManager: Shutting down and abandoning module AndroidPlatformEditor (500)
[2018.09.13-17.02.14:515][993]LogModuleManager: Shutting down and abandoning module AndroidDeviceDetection (499)
[2018.09.13-17.02.16:442][993]LogModuleManager: Shutting down and abandoning module WindowsPlatformEditor (496)
[2018.09.13-17.02.16:442][993]LogModuleManager: Shutting down and abandoning module LuminRuntimeSettings (494)
[2018.09.13-17.02.16:442][993]LogModuleManager: Shutting down and abandoning module IOSRuntimeSettings (492)
[2018.09.13-17.02.16:442][993]LogModuleManager: Shutting down and abandoning module AndroidRuntimeSettings (490)
[2018.09.13-17.02.16:443][993]LogModuleManager: Shutting down and abandoning module InputBindingEditor (488)
[2018.09.13-17.02.16:443][993]LogModuleManager: Shutting down and abandoning module MergeActors (486)
[2018.09.13-17.02.16:443][993]LogModuleManager: Shutting down and abandoning module LocalizationDashboard (484)
[2018.09.13-17.02.16:444][993]LogModuleManager: Shutting down and abandoning module LocalizationService (483)
[2018.09.13-17.02.16:444][993]LogModuleManager: Shutting down and abandoning module HardwareTargeting (480)
[2018.09.13-17.02.16:444][993]LogModuleManager: Shutting down and abandoning module DeviceProfileEditor (478)
[2018.09.13-17.02.16:444][993]LogModuleManager: Shutting down and abandoning module UndoHistory (476)
[2018.09.13-17.02.16:444][993]LogModuleManager: Shutting down and abandoning module XmlParser (474)
[2018.09.13-17.02.16:445][993]LogModuleManager: Shutting down and abandoning module Blutility (472)
[2018.09.13-17.02.16:445][993]LogModuleManager: Shutting down and abandoning module ProjectSettingsViewer (470)
[2018.09.13-17.02.16:445][993]LogModuleManager: Shutting down and abandoning module ProjectTargetPlatformEditor (469)
[2018.09.13-17.02.16:445][993]LogModuleManager: Shutting down and abandoning module EditorSettingsViewer (466)
[2018.09.13-17.02.16:445][993]LogModuleManager: Shutting down and abandoning module SettingsEditor (464)
[2018.09.13-17.02.16:446][993]LogModuleManager: Shutting down and abandoning module ProjectLauncher (462)
[2018.09.13-17.02.16:446][993]LogModuleManager: Shutting down and abandoning module SessionFrontend (460)
[2018.09.13-17.02.16:446][993]LogModuleManager: Shutting down and abandoning module ProfilerClient (458)
[2018.09.13-17.02.16:447][993]LogModuleManager: Shutting down and abandoning module DeviceManager (456)
[2018.09.13-17.02.16:447][993]LogModuleManager: Shutting down and abandoning module TargetDeviceServices (455)
[2018.09.13-17.02.16:501][993]LogModuleManager: Shutting down and abandoning module AutomationController (452)
[2018.09.13-17.02.16:501][993]LogModuleManager: Shutting down and abandoning module AutomationWindow (450)
[2018.09.13-17.02.16:501][993]LogModuleManager: Shutting down and abandoning module Layers (448)
[2018.09.13-17.02.16:503][993]LogModuleManager: Shutting down and abandoning module ComponentVisualizers (446)
[2018.09.13-17.02.16:503][993]LogModuleManager: Shutting down and abandoning module DetailCustomizations (444)
[2018.09.13-17.02.16:503][993]LogModuleManager: Shutting down and abandoning module PackagesDialog (442)
[2018.09.13-17.02.16:504][993]LogModuleManager: Shutting down and abandoning module Persona (440)
[2018.09.13-17.02.16:505][993]LogModuleManager: Shutting down and abandoning module AdvancedPreviewScene (439)
[2018.09.13-17.02.16:505][993]LogModuleManager: Shutting down and abandoning module AnimGraph (437)
[2018.09.13-17.02.16:505][993]LogModuleManager: Shutting down and abandoning module Kismet (434)
[2018.09.13-17.02.16:506][993]LogModuleManager: Shutting down and abandoning module GraphEditor (432)
[2018.09.13-17.02.16:508][993]LogModuleManager: Shutting down and abandoning module ClassViewer (430)
[2018.09.13-17.02.16:508][993]LogModuleManager: Shutting down and abandoning module Toolbox (428)
[2018.09.13-17.02.16:508][993]LogModuleManager: Shutting down and abandoning module DesktopPlatform (427)
[2018.09.13-17.02.16:508][993]LogModuleManager: Shutting down and abandoning module ModuleUI (424)
[2018.09.13-17.02.16:508][993]LogModuleManager: Shutting down and abandoning module MovieSceneTools (422)
[2018.09.13-17.02.16:509][993]LogModuleManager: Shutting down and abandoning module OutputLog (420)
[2018.09.13-17.02.16:509][993]LogModuleManager: Shutting down and abandoning module GammaUI (418)
[2018.09.13-17.02.16:509][993]LogModuleManager: Shutting down and abandoning module Documentation (416)
[2018.09.13-17.02.16:510][993]LogModuleManager: Shutting down and abandoning module MovieSceneTracks (414)
[2018.09.13-17.02.16:510][993]LogModuleManager: Shutting down and abandoning module MovieScene (412)
[2018.09.13-17.02.16:510][993]LogModuleManager: Shutting down and abandoning module StreamingPauseRendering (410)
[2018.09.13-17.02.16:510][993]LogModuleManager: Shutting down and abandoning module LauncherPlatform (408)
[2018.09.13-17.02.16:510][993]LogModuleManager: Shutting down and abandoning module AnalyticsET (406)
[2018.09.13-17.02.16:511][993]LogModuleManager: Shutting down and abandoning module PortalServices (404)
[2018.09.13-17.02.16:511][993]LogModuleManager: Shutting down and abandoning module PortalRpc (402)
[2018.09.13-17.02.16:511][993]LogModuleManager: Shutting down and abandoning module MessagingRpc (400)
[2018.09.13-17.02.16:511][993]LogModuleManager: Shutting down and abandoning module AIModule (398)
[2018.09.13-17.02.16:511][993]LogModuleManager: Shutting down and abandoning module GameplayDebugger (397)
[2018.09.13-17.02.16:511][993]LogModuleManager: Shutting down and abandoning module AITestSuite (395)
[2018.09.13-17.02.16:512][993]LogModuleManager: Shutting down and abandoning module NavigationSystem (393)
[2018.09.13-17.02.16:512][993]LogModuleManager: Shutting down and abandoning module ProfilerService (390)
[2018.09.13-17.02.16:608][993]LogModuleManager: Shutting down and abandoning module TaskGraph (388)
[2018.09.13-17.02.16:608][993]LogModuleManager: Shutting down and abandoning module SteamVRController (386)
[2018.09.13-17.02.16:608][993]LogModuleManager: Shutting down and abandoning module ProceduralMeshComponentEditor (384)
[2018.09.13-17.02.16:608][993]LogModuleManager: Shutting down and abandoning module ProceduralMeshComponent (382)
[2018.09.13-17.02.16:609][993]LogModuleManager: Shutting down and abandoning module OculusInput (380)
[2018.09.13-17.02.16:609][993]LogModuleManager: Shutting down and abandoning module MobilePatchingUtils (378)
[2018.09.13-17.02.16:609][993]LogModuleManager: Shutting down and abandoning module EditableMesh (376)
[2018.09.13-17.02.16:609][993]LogModuleManager: Shutting down and abandoning module CustomMeshComponent (374)
[2018.09.13-17.02.16:610][993]LogModuleManager: Shutting down and abandoning module CableComponent (372)
[2018.09.13-17.02.16:610][993]LogModuleManager: Shutting down and abandoning module AudioCapture (370)
[2018.09.13-17.02.16:610][993]LogModuleManager: Shutting down and abandoning module ArchVisCharacter (368)
[2018.09.13-17.02.16:610][993]LogModuleManager: Shutting down and abandoning module AndroidPermission (366)
[2018.09.13-17.02.16:610][993]LogModuleManager: Shutting down and abandoning module NUTUnrealEngine4 (364)
[2018.09.13-17.02.16:610][993]LogModuleManager: Shutting down and abandoning module NetcodeUnitTest (362)
[2018.09.13-17.02.16:611][993]LogModuleManager: Shutting down and abandoning module MediaCompositingEditor (360)
[2018.09.13-17.02.16:611][993]LogModuleManager: Shutting down and abandoning module MediaCompositing (358)
[2018.09.13-17.02.16:611][993]LogModuleManager: Shutting down and abandoning module LinearTimecode (356)
[2018.09.13-17.02.16:611][993]LogModuleManager: Shutting down and abandoning module ImgMedia (354)
[2018.09.13-17.02.16:626][993]LogModuleManager: Shutting down and abandoning module HTML5Networking (352)
[2018.09.13-17.02.16:627][993]LogModuleManager: Shutting down and abandoning module GeometryCacheTracks (350)
[2018.09.13-17.02.16:627][993]LogModuleManager: Shutting down and abandoning module GeometryCacheSequencer (348)
[2018.09.13-17.02.16:627][993]LogModuleManager: Shutting down and abandoning module BackChannel (346)
[2018.09.13-17.02.16:628][993]LogModuleManager: Shutting down and abandoning module AppleVision (344)
[2018.09.13-17.02.16:628][993]LogModuleManager: Shutting down and abandoning module AppleImageUtils (342)
[2018.09.13-17.02.16:628][993]LogModuleManager: Shutting down and abandoning module AlembicImporter (340)
[2018.09.13-17.02.16:628][993]LogModuleManager: Shutting down and abandoning module AlembicLibrary (339)
[2018.09.13-17.02.16:628][993]LogModuleManager: Shutting down and abandoning module GeometryCache (338)
[2018.09.13-17.02.16:628][993]LogModuleManager: Shutting down and abandoning module GeometryCacheEd (337)
[2018.09.13-17.02.16:629][993]LogModuleManager: Shutting down and abandoning module DatasmithContentEditor (332)
[2018.09.13-17.02.16:629][993]LogModuleManager: Shutting down and abandoning module DatasmithContent (330)
[2018.09.13-17.02.16:630][993]LogModuleManager: Shutting down and abandoning module SpeedTreeImporter (328)
[2018.09.13-17.02.16:630][993]LogModuleManager: Shutting down and abandoning module PluginBrowser (326)
[2018.09.13-17.02.16:630][993]LogModuleManager: Shutting down and abandoning module MobileLauncherProfileWizard (324)
[2018.09.13-17.02.16:630][993]LogModuleManager: Shutting down and abandoning module PolygonModeling (322)
[2018.09.13-17.02.16:630][993]LogModuleManager: Shutting down and abandoning module MeshEditor (320)
[2018.09.13-17.02.16:631][993]LogModuleManager: Shutting down and abandoning module CryptoKeysOpenSSL (318)
[2018.09.13-17.02.16:631][993]LogModuleManager: Shutting down and abandoning module CryptoKeys (316)
[2018.09.13-17.02.16:631][993]LogModuleManager: Shutting down and abandoning module VisualStudioSourceCodeAccess (314)
[2018.09.13-17.02.16:631][993]LogModuleManager: Shutting down and abandoning module VisualStudioCodeSourceCodeAccess (312)
[2018.09.13-17.02.16:632][993]LogModuleManager: Shutting down and abandoning module UObjectPlugin (310)
[2018.09.13-17.02.16:632][993]LogModuleManager: Shutting down and abandoning module SubversionSourceControl (308)
[2018.09.13-17.02.16:632][993]LogModuleManager: Shutting down and abandoning module PerforceSourceControl (306)
[2018.09.13-17.02.16:632][993]LogModuleManager: Shutting down and abandoning module GitSourceControl (304)
[2018.09.13-17.02.16:633][993]LogModuleManager: Shutting down and abandoning module SourceControl (303)
[2018.09.13-17.02.16:633][993]LogModuleManager: Shutting down and abandoning module CLionSourceCodeAccess (300)
[2018.09.13-17.02.16:633][993]LogModuleManager: Shutting down and abandoning module LightPropagationVolumeEditor (298)
[2018.09.13-17.02.16:633][993]LogModuleManager: Shutting down and abandoning module PaperTiledImporter (296)
[2018.09.13-17.02.16:633][993]LogModuleManager: Shutting down and abandoning module PaperSpriteSheetImporter (294)
[2018.09.13-17.02.16:634][993]LogModuleManager: Shutting down and abandoning module Paper2DEditor (292)
[2018.09.13-17.02.16:634][993]LogModuleManager: Shutting down and abandoning module MeshPaint (291)
[2018.09.13-17.02.16:634][993]LogModuleManager: Shutting down and abandoning module DarkReignsUE4 (288)
[2018.09.13-17.02.16:635][993]LogModuleManager: Shutting down and abandoning module RuntimePhysXCooking (286)
[2018.09.13-17.02.16:635][993]LogModuleManager: Shutting down and abandoning module PhysXVehiclesEditor (284)
[2018.09.13-17.02.16:635][993]LogModuleManager: Shutting down and abandoning module PhysXVehicles (282)
[2018.09.13-17.02.16:635][993]LogModuleManager: Shutting down and abandoning module OculusEditor (280)
[2018.09.13-17.02.16:635][993]LogModuleManager: Shutting down and abandoning module LocationServicesBPLibrary (278)
[2018.09.13-17.02.16:635][993]LogModuleManager: Shutting down and abandoning module ImmediatePhysicsEditor (276)
[2018.09.13-17.02.16:635][993]LogModuleManager: Shutting down and abandoning module ImmediatePhysics (274)
[2018.09.13-17.02.16:636][993]LogModuleManager: Shutting down and abandoning module ActorSequence (272)
[2018.09.13-17.02.16:636][993]LogModuleManager: Shutting down and abandoning module UdpMessaging (270)
[2018.09.13-17.02.16:737][993]LogModuleManager: Shutting down and abandoning module TcpMessaging (268)
[2018.09.13-17.02.16:838][993]LogModuleManager: Shutting down and abandoning module MagicLeapAudio (266)
[2018.09.13-17.02.16:838][993]LogModuleManager: Shutting down and abandoning module GameplayTagsEditor (264)
[2018.09.13-17.02.16:838][993]LogModuleManager: Shutting down and abandoning module FacialAnimationEditor (262)
[2018.09.13-17.02.16:838][993]LogModuleManager: Shutting down and abandoning module FacialAnimation (260)
[2018.09.13-17.02.16:839][993]LogModuleManager: Shutting down and abandoning module DataValidation (258)
[2018.09.13-17.02.16:839][993]LogModuleManager: Shutting down and abandoning module AssetManagerEditor (256)
[2018.09.13-17.02.16:839][993]LogModuleManager: Shutting down and abandoning module LevelEditor (255)
[2018.09.13-17.02.16:840][993]LogModuleManager: Shutting down and abandoning module PixelInspectorModule (254)
[2018.09.13-17.02.16:841][993]LogModuleManager: Shutting down and abandoning module CommonMenuExtensions (252)
[2018.09.13-17.02.16:841][993]LogModuleManager: Shutting down and abandoning module MainFrame (250)
[2018.09.13-17.02.16:841][993]LogModuleManager: Shutting down and abandoning module HotReload (249)
[2018.09.13-17.02.16:842][993]LogModuleManager: Shutting down and abandoning module ContentBrowser (245)
[2018.09.13-17.02.16:844][993]LogModuleManager: Shutting down and abandoning module TreeMap (243)
[2018.09.13-17.02.16:844][993]LogModuleManager: Shutting down and abandoning module LightPropagationVolumeRuntime (240)
[2018.09.13-17.02.16:844][993]LogModuleManager: Shutting down and abandoning module AISupportModule (238)
[2018.09.13-17.02.16:844][993]LogModuleManager: Shutting down and abandoning module Paper2D (236)
[2018.09.13-17.02.16:844][993]LogModuleManager: Shutting down and abandoning module WindowsMoviePlayer (234)
[2018.09.13-17.02.16:844][993]LogModuleManager: Shutting down and abandoning module WmfMedia (232)
[2018.09.13-17.02.16:851][993]LogModuleManager: Shutting down and abandoning module Media (231)
[2018.09.13-17.02.16:858][993]LogModuleManager: Shutting down and abandoning module PacketHandler (228)
[2018.09.13-17.02.16:859][993]LogModuleManager: Shutting down and abandoning module ClothingSystemEditor (226)
[2018.09.13-17.02.16:859][993]LogModuleManager: Shutting down and abandoning module ClothingSystemRuntime (224)
[2018.09.13-17.02.16:859][993]LogModuleManager: Shutting down and abandoning module MediaAssets (222)
[2018.09.13-17.02.16:859][993]LogModuleManager: Shutting down and abandoning module Overlay (220)
[2018.09.13-17.02.16:860][993]LogModuleManager: Shutting down and abandoning module OverlayEditor (219)
[2018.09.13-17.02.16:860][993]LogModuleManager: Shutting down and abandoning module VREditor (216)
[2018.09.13-17.02.16:860][993]LogModuleManager: Shutting down and abandoning module StringTableEditor (214)
[2018.09.13-17.02.16:860][993]LogModuleManager: Shutting down and abandoning module GameplayTasksEditor (212)
[2018.09.13-17.02.16:861][993]LogModuleManager: Shutting down and abandoning module BehaviorTreeEditor (210)
[2018.09.13-17.02.16:861][993]LogModuleManager: Shutting down and abandoning module FunctionalTesting (208)
[2018.09.13-17.02.16:861][993]LogModuleManager: Shutting down and abandoning module CollisionAnalyzer (206)
[2018.09.13-17.02.16:861][993]LogModuleManager: Shutting down and abandoning module WorkspaceMenuStructure (205)
[2018.09.13-17.02.16:862][993]LogModuleManager: Shutting down and abandoning module UMG (202)
[2018.09.13-17.02.16:862][993]LogModuleManager: Shutting down and abandoning module UMGEditor (201)
[2018.09.13-17.02.16:863][993]LogModuleManager: Shutting down and abandoning module Sequencer (200)
[2018.09.13-17.02.16:864][993]LogModuleManager: Shutting down and abandoning module MessageLog (197)
[2018.09.13-17.02.16:864][993]LogModuleManager: Shutting down and abandoning module SlateReflector (192)
[2018.09.13-17.02.16:865][993]LogModuleManager: Shutting down and abandoning module Slate (190)
[2018.09.13-17.02.16:865][993]LogModuleManager: Shutting down and abandoning module EditorStyle (188)
[2018.09.13-17.02.16:868][993]LogModuleManager: Shutting down and abandoning module MRMesh (186)
[2018.09.13-17.02.16:868][993]LogModuleManager: Shutting down and abandoning module SourceCodeAccess (184)
[2018.09.13-17.02.16:868][993]LogModuleManager: Shutting down and abandoning module HeadMountedDisplay (182)
[2018.09.13-17.02.16:868][993]LogModuleManager: Shutting down and abandoning module XAudio2 (180)
[2018.09.13-17.02.16:868][993]LogModuleManager: Shutting down and abandoning module Networking (178)
[2018.09.13-17.02.16:868][993]LogModuleManager: Shutting down and abandoning module Core (176)
[2018.09.13-17.02.16:868][993]LogModuleManager: Shutting down and abandoning module LevelSequence (174)
[2018.09.13-17.02.16:868][993]LogModuleManager: Shutting down and abandoning module KismetCompiler (172)
[2018.09.13-17.02.16:868][993]LogModuleManager: Shutting down and abandoning module MeshUtilities (170)
[2018.09.13-17.02.16:869][993]LogModuleManager: Shutting down and abandoning module MeshMergeUtilities (169)
[2018.09.13-17.02.16:869][993]LogModuleManager: Shutting down and abandoning module MeshReductionInterface (168)
[2018.09.13-17.02.16:869][993]LogModuleManager: Shutting down and abandoning module ProxyLODMeshReduction (167)
[2018.09.13-17.02.16:869][993]LogModuleManager: Shutting down and abandoning module QuadricMeshReduction (165)
[2018.09.13-17.02.16:870][993]LogModuleManager: Shutting down and abandoning module MaterialBaking (161)
[2018.09.13-17.02.16:870][993]LogModuleManager: Shutting down and abandoning module DirectoryWatcher (157)
[2018.09.13-17.02.16:870][993]LogModuleManager: Shutting down and abandoning module DerivedDataCache (154)
[2018.09.13-17.02.16:952][993]LogDerivedDataCache: Shutdown
[2018.09.13-17.02.16:952][993]LogModuleManager: Shutting down and abandoning module XGEController (152)
[2018.09.13-17.02.16:953][993]LogXGEController: Cleaning working directory: C:/Users/mweho/AppData/Local/Temp/UnrealXGEWorkingDir/
[2018.09.13-17.02.16:953][993]LogModuleManager: Shutting down and abandoning module TargetPlatform (150)
[2018.09.13-17.02.16:953][993]LogModuleManager: Shutting down and abandoning module VulkanShaderFormat (149)
[2018.09.13-17.02.16:953][993]LogModuleManager: Shutting down and abandoning module ShaderFormatVectorVM (147)
[2018.09.13-17.02.16:954][993]LogModuleManager: Shutting down and abandoning module ShaderFormatOpenGL (145)
[2018.09.13-17.02.16:954][993]LogModuleManager: Shutting down and abandoning module ShaderFormatD3D (143)
[2018.09.13-17.02.16:954][993]LogModuleManager: Shutting down and abandoning module MetalShaderFormat (141)
[2018.09.13-17.02.16:955][993]LogModuleManager: Shutting down and abandoning module TextureFormatUncompressed (139)
[2018.09.13-17.02.16:955][993]LogModuleManager: Shutting down and abandoning module TextureFormatPVR (137)
[2018.09.13-17.02.16:955][993]LogModuleManager: Shutting down and abandoning module TextureFormatDXT (135)
[2018.09.13-17.02.16:955][993]LogModuleManager: Shutting down and abandoning module TextureFormatIntelISPCTexComp (133)
[2018.09.13-17.02.16:957][993]LogModuleManager: Shutting down and abandoning module TextureFormatASTC (131)
[2018.09.13-17.02.16:958][993]LogModuleManager: Shutting down and abandoning module ImageWrapper (130)
[2018.09.13-17.02.16:958][993]LogModuleManager: Shutting down and abandoning module TextureFormatAndroid (127)
[2018.09.13-17.02.16:958][993]LogModuleManager: Shutting down and abandoning module AudioFormatOpus (125)
[2018.09.13-17.02.16:959][993]LogModuleManager: Shutting down and abandoning module AudioFormatOgg (123)
[2018.09.13-17.02.16:959][993]LogModuleManager: Shutting down and abandoning module AudioFormatADPCM (121)
[2018.09.13-17.02.16:959][993]LogModuleManager: Shutting down and abandoning module LuminTargetPlatform (119)
[2018.09.13-17.02.16:959][993]LogModuleManager: Shutting down and abandoning module TVOSTargetPlatform (117)
[2018.09.13-17.02.16:960][993]LogModuleManager: Shutting down and abandoning module Messaging (115)
[2018.09.13-17.02.16:961][993]LogModuleManager: Shutting down and abandoning module IOSTargetPlatform (113)
[2018.09.13-17.02.16:962][993]LogModuleManager: Shutting down and abandoning module HTML5TargetPlatform (111)
[2018.09.13-17.02.16:962][993]LogModuleManager: Shutting down and abandoning module AndroidTargetPlatform (109)
[2018.09.13-17.02.16:975][993]LogModuleManager: Shutting down and abandoning module WindowsTargetPlatform (107)
[2018.09.13-17.02.16:976][993]LogModuleManager: Shutting down and abandoning module WindowsServerTargetPlatform (105)
[2018.09.13-17.02.16:976][993]LogModuleManager: Shutting down and abandoning module WindowsNoEditorTargetPlatform (103)
[2018.09.13-17.02.16:976][993]LogModuleManager: Shutting down and abandoning module WindowsClientTargetPlatform (101)
[2018.09.13-17.02.16:976][993]LogModuleManager: Shutting down and abandoning module MacTargetPlatform (99)
[2018.09.13-17.02.16:976][993]LogModuleManager: Shutting down and abandoning module MacServerTargetPlatform (97)
[2018.09.13-17.02.16:977][993]LogModuleManager: Shutting down and abandoning module MacNoEditorTargetPlatform (95)
[2018.09.13-17.02.16:977][993]LogModuleManager: Shutting down and abandoning module MacClientTargetPlatform (93)
[2018.09.13-17.02.16:977][993]LogModuleManager: Shutting down and abandoning module AllDesktopTargetPlatform (91)
[2018.09.13-17.02.16:977][993]LogModuleManager: Shutting down and abandoning module InputCore (88)
[2018.09.13-17.02.16:977][993]LogModuleManager: Shutting down and abandoning module Settings (86)
[2018.09.13-17.02.16:977][993]LogModuleManager: Shutting down and abandoning module PhysXCooking (84)
[2018.09.13-17.02.16:977][993]LogModuleManager: Shutting down and abandoning module SteamVR (82)
[2018.09.13-17.02.16:978][993]LogModuleManager: Shutting down and abandoning module OculusHMD (80)
[2018.09.13-17.02.16:978][993]LogModuleManager: Shutting down and abandoning module ExampleDeviceProfileSelector (78)
[2018.09.13-17.02.16:978][993]LogModuleManager: Shutting down and abandoning module LauncherChunkInstaller (76)
[2018.09.13-17.02.16:978][993]LogModuleManager: Shutting down and abandoning module OnlineBlueprintSupport (74)
[2018.09.13-17.02.16:978][993]LogModuleManager: Shutting down and abandoning module OnlineSubsystem (70)
[2018.09.13-17.02.16:981][993]LogModuleManager: Shutting down and abandoning module XMPP (65)
[2018.09.13-17.02.16:982][993]LogModuleManager: Shutting down and abandoning module WebSockets (64)
[2018.09.13-17.02.17:018][993]LogModuleManager: Shutting down and abandoning module HTTP (61)
[2018.09.13-17.02.17:018][993]LogHttp: Display: Http module shutting down, but needs to wait on 1 outstanding Http requests:
[2018.09.13-17.02.17:018][993]LogHttp: Display: 	verb=[POST] url=[https://datarouter.ol.epicgames.com/datarouter/api/v1/public/data?SessionID=%7B19886AD8-4ACE-A3F0-820F-C89FE981D1CF%7D&AppID=UEEditor.UnrealEngine.Release&AppVersion=4.20.2-0%2B%2B%2BUE4%2BRelease-4.20&UserID=e6bc4d9f48d0e6a523b390a2532f676e%7C0e0271186a514de5ac5da604ace860b8%7C1c750c41-bf05-459a-b479-afe66b03feec&AppEnvironment=datacollector-source&UploadType=eteventstream] status=Processing
[2018.09.13-17.02.17:053][993]LogModuleManager: Shutting down and abandoning module SSL (60)
[2018.09.13-17.02.17:055][993]LogModuleManager: Shutting down and abandoning module MagicLeapEmulator (56)
[2018.09.13-17.02.17:055][993]LogModuleManager: Shutting down and abandoning module MagicLeapPrivileges (54)
[2018.09.13-17.02.17:055][993]LogModuleManager: Shutting down and abandoning module MagicLeapIdentity (52)
[2018.09.13-17.02.17:055][993]LogModuleManager: Shutting down and abandoning module MagicLeapHelperVulkan (50)
[2018.09.13-17.02.17:055][993]LogModuleManager: Shutting down and abandoning module MagicLeapHelperOpenGL (48)
[2018.09.13-17.02.17:055][993]LogModuleManager: Shutting down and abandoning module MagicLeapSecureStorage (46)
[2018.09.13-17.02.17:055][993]LogModuleManager: Shutting down and abandoning module MagicLeapGestures (44)
[2018.09.13-17.02.17:055][993]LogModuleManager: Shutting down and abandoning module MagicLeapEyeTracker (42)
[2018.09.13-17.02.17:055][993]LogModuleManager: Shutting down and abandoning module MagicLeapController (40)
[2018.09.13-17.02.17:056][993]LogSlate: Slate User Destroyed.  User Index 0, Is Virtual User: 0
[2018.09.13-17.02.17:056][993]LogModuleManager: Shutting down and abandoning module MagicLeap (38)
[2018.09.13-17.02.17:056][993]LogModuleManager: Shutting down and abandoning module AnimationModifiers (36)
[2018.09.13-17.02.17:056][993]LogModuleManager: Shutting down and abandoning module PropertyEditor (35)
[2018.09.13-17.02.17:056][993]LogModuleManager: Shutting down and abandoning module AudioEditor (32)
[2018.09.13-17.02.17:057][993]LogModuleManager: Shutting down and abandoning module TextureCompressor (30)
[2018.09.13-17.02.17:060][993]LogModuleManager: Shutting down and abandoning module ShaderCore (28)
[2018.09.13-17.02.17:060][993]LogModuleManager: Shutting down and abandoning module Landscape (26)
[2018.09.13-17.02.17:060][993]LogModuleManager: Shutting down and abandoning module SlateRHIRenderer (24)
[2018.09.13-17.02.17:061][993]LogModuleManager: Shutting down and abandoning module OpenGLDrv (22)
[2018.09.13-17.02.17:061][993]LogModuleManager: Shutting down and abandoning module D3D11RHI (20)
[2018.09.13-17.02.17:061][993]LogModuleManager: Shutting down and abandoning module AnimGraphRuntime (18)
[2018.09.13-17.02.17:061][993]LogModuleManager: Shutting down and abandoning module Renderer (16)
[2018.09.13-17.02.17:062][993]LogModuleManager: Shutting down and abandoning module Engine (14)
[2018.09.13-17.02.17:062][993]LogModuleManager: Shutting down and abandoning module CoreUObject (12)
[2018.09.13-17.02.17:062][993]LogModuleManager: Shutting down and abandoning module NetworkFile (10)
[2018.09.13-17.02.17:062][993]LogModuleManager: Shutting down and abandoning module CookedIterativeFile (8)
[2018.09.13-17.02.17:062][993]LogModuleManager: Shutting down and abandoning module StreamingFile (6)
[2018.09.13-17.02.17:062][993]LogModuleManager: Shutting down and abandoning module SandboxFile (4)
[2018.09.13-17.02.17:063][993]LogModuleManager: Shutting down and abandoning module PakFile (2)
[2018.09.13-17.02.17:085][993]LogExit: Exiting.
[2018.09.13-17.02.17:093][993]Log file closed, 09/13/18 13:02:17
